[2026-06-08 22:23:37] [시스템] 상위 공유 설정 파일 복원 완료 -> C:\Users\ydh24\Desktop\밋업\python\core\exe\AUTOmaple_v1.5.1_LK\config.json
[2026-06-08 22:23:37] [시스템] 좌측 경계 임계값 변경 -> 78
[2026-06-08 22:23:37] [시스템] 우측 경계 임계값 변경 -> 126
[2026-06-08 22:23:37] [시스템] 공격 주기 변경 -> 99ms
[2026-06-08 22:23:37] [시스템] 텔레포트 주기 변경 -> 423ms
[2026-06-08 22:23:37] [시스템] 소모품 주기 변경 -> 15분
[2026-06-08 22:23:37] [시스템] 설정 복원 완료 -> 프로필: 빨코2
[2026-06-08 22:23:39] [시스템] [업데이트] 최신 버전 확인 중: https://raw.githubusercontent.com/CASHCOW95/world-project/master/update.json
[2026-06-08 22:23:39] [시스템] [업데이트 검사 에러] HTTP Error 404: Not Found
[2026-06-08 22:24:09] [시스템] 사냥 시작 버튼 클릭
[2026-06-08 22:24:09] [시스템] 사냥 시작 검증 통과
[2026-06-08 22:24:09] [시스템] 사냥 루프 생성
[2026-06-08 22:24:09] [시스템] 사냥 시스템을 가동합니다.
[2026-06-08 22:24:09] [순환] [핑퐁회수 기동 스캔] 감지된 발판 레이어 Y 목록: [51]
[2026-06-08 22:24:09] [순환] [핑퐁]
사냥 시작
설정된 사냥층 Y = 61
[2026-06-08 22:24:09] [순환] [핑퐁]
설정 사냥층 Y = Layer 1 (Y: 61)
[2026-06-08 22:24:09] [순환] [핑퐁]
설정 회수층 Y = 74
[2026-06-08 22:24:09] [순환] [핑퐁]
실행 사냥층 Y = 61
[2026-06-08 22:24:09] [순환] [핑퐁]
오버레이 사냥층 Y = 61
[2026-06-08 22:24:10] [시스템] [버프1] 버프 시전 (키: a, 1.0초 홀드)
[2026-06-08 22:25:21] [시스템] [전역 긴급 정지] 사냥 시스템을 즉시 중지하고 모든 입력을 해제했습니다.
[2026-06-08 22:25:25] [시스템] 사냥 시작 버튼 클릭
[2026-06-08 22:25:25] [시스템] 사냥 시작 검증 통과
[2026-06-08 22:25:25] [시스템] 사냥 루프 생성
[2026-06-08 22:25:25] [시스템] 사냥 시스템을 가동합니다.
[2026-06-08 22:25:25] [순환] [핑퐁회수 기동 스캔] 감지된 발판 레이어 Y 목록: [51]
[2026-06-08 22:25:25] [순환] [핑퐁]
사냥 시작
설정된 사냥층 Y = 61
[2026-06-08 22:25:25] [순환] [핑퐁]
설정 사냥층 Y = Layer 1 (Y: 61)
[2026-06-08 22:25:25] [순환] [핑퐁]
설정 회수층 Y = 74
[2026-06-08 22:25:25] [순환] [핑퐁]
실행 사냥층 Y = 61
[2026-06-08 22:25:25] [순환] [핑퐁]
오버레이 사냥층 Y = 61
[2026-06-08 22:25:25] [시스템] [버프1] 버프 시전 (키: a, 1.0초 홀드)
[2026-06-08 22:26:25] [이동] [핑퐁회수] 회수 주기 도달 -> 회수 전 지정 시작좌표로 이동 시도
[2026-06-08 22:26:25] [이동] [핑퐁회수] 지정 시작좌표로 Y 정렬 시도 (현재 Y: 61, 목표 Y: 74)
[2026-06-08 22:26:25] [이동] 하단 낙하 폴백 기동 (DROP, Y차이: 13px, 실패 카운트: 0/4)
[2026-06-08 22:26:26] [이동] [핑퐁회수] 지정 시작좌표 이동 중 : X=92 Y=74 (목표 X=157)
[2026-06-08 22:26:27] [이동] [핑퐁회수] 지정 시작좌표 이동 중 : X=108 Y=74 (목표 X=157)
[2026-06-08 22:26:27] [이동] [핑퐁회수] 지정 시작좌표 이동 중 : X=124 Y=74 (목표 X=157)
[2026-06-08 22:26:27] [이동] [핑퐁회수] 지정 시작좌표 이동 중 : X=129 Y=74 (목표 X=157)
[2026-06-08 22:26:28] [이동] [핑퐁회수] 지정 시작좌표 이동 중 : X=146 Y=74 (목표 X=157)
[2026-06-08 22:26:28] [이동] [핑퐁회수] 지정 시작좌표 이동 중 : X=146 Y=74 (목표 X=157)
[2026-06-08 22:26:28] [이동] [핑퐁회수] 지정 시작좌표 이동 중 : X=147 Y=74 (목표 X=157)
[2026-06-08 22:26:28] [이동] [핑퐁회수] 지정 시작좌표 이동 중 : X=147 Y=74 (목표 X=157)
[2026-06-08 22:26:28] [이동] [핑퐁회수] 지정 시작좌표 이동 중 : X=148 Y=74 (목표 X=157)
[2026-06-08 22:26:28] [이동] [핑퐁회수] 지정 시작좌표 이동 중 : X=149 Y=74 (목표 X=157)
[2026-06-08 22:26:28] [이동] [핑퐁회수] 지정 시작좌표 이동 중 : X=150 Y=74 (목표 X=157)
[2026-06-08 22:26:28] [이동] [핑퐁회수] 지정 시작좌표 이동 중 : X=150 Y=74 (목표 X=157)
[2026-06-08 22:26:28] [이동] [핑퐁회수] 지정 시작좌표 이동 중 : X=151 Y=74 (목표 X=157)
[2026-06-08 22:26:29] [이동] [핑퐁회수] 지정 시작좌표 이동 중 : X=152 Y=74 (목표 X=157)
[2026-06-08 22:26:29] [이동] [핑퐁회수] 지정 시작좌표 이동 중 : X=152 Y=74 (목표 X=157)
[2026-06-08 22:26:29] [이동] [핑퐁회수] 지정 시작좌표 이동 중 : X=153 Y=74 (목표 X=157)
[2026-06-08 22:26:29] [이동] [핑퐁회수] 지정 시작좌표 이동 중 : X=154 Y=74 (목표 X=157)
[2026-06-08 22:26:29] [이동] [핑퐁회수] 지정 시작좌표 이동 중 : X=154 Y=74 (목표 X=157)
[2026-06-08 22:26:29] [이동] [핑퐁회수] 지정 시작좌표 이동 중 : X=155 Y=74 (목표 X=157)
[2026-06-08 22:26:29] [이동] [핑퐁회수] 지정 시작좌표 이동 중 : X=156 Y=74 (목표 X=157)
[2026-06-08 22:26:29] [이동] [핑퐁회수] 지정 시작좌표 도달 완료 -> 회수층(Y: 74) 이동 시작
[2026-06-08 22:26:29] [이동] [핑퐁회수] 회수층 도착 -> 1초간 아이템 회수 시작
[2026-06-08 22:26:30] [이동] [핑퐁회수]
텔포포인트 설정 확인
X=43 Y=74
[2026-06-08 22:26:30] [이동] [핑퐁회수]
텔포포인트 이동 시작
[2026-06-08 22:26:30] [이동] [핑퐁회수] 지정 시작좌표 이동 중 : X=145 Y=74 (목표 X=157)
[2026-06-08 22:26:30] [이동] [핑퐁회수] 지정 시작좌표 이동 중 : X=144 Y=74 (목표 X=157)
[2026-06-08 22:26:30] [이동] [핑퐁회수] 지정 시작좌표 이동 중 : X=144 Y=74 (목표 X=157)
[2026-06-08 22:26:31] [이동] [핑퐁회수] 지정 시작좌표 이동 중 : X=146 Y=74 (목표 X=157)
[2026-06-08 22:26:31] [이동] [핑퐁회수] 지정 시작좌표 이동 중 : X=147 Y=74 (목표 X=157)
[2026-06-08 22:26:31] [이동] [핑퐁회수] 지정 시작좌표 이동 중 : X=147 Y=74 (목표 X=157)
[2026-06-08 22:26:31] [이동] [핑퐁회수] 지정 시작좌표 이동 중 : X=148 Y=74 (목표 X=157)
[2026-06-08 22:26:31] [이동] [핑퐁회수] 지정 시작좌표 이동 중 : X=149 Y=74 (목표 X=157)
[2026-06-08 22:26:31] [이동] [핑퐁회수] 지정 시작좌표 이동 중 : X=149 Y=74 (목표 X=157)
[2026-06-08 22:26:31] [이동] [핑퐁회수] 지정 시작좌표 이동 중 : X=150 Y=74 (목표 X=157)
[2026-06-08 22:26:31] [이동] [핑퐁회수] 지정 시작좌표 이동 중 : X=151 Y=74 (목표 X=157)
[2026-06-08 22:26:31] [이동] [핑퐁회수] 지정 시작좌표 이동 중 : X=151 Y=74 (목표 X=157)
[2026-06-08 22:26:31] [이동] [핑퐁회수] 지정 시작좌표 이동 중 : X=152 Y=74 (목표 X=157)
[2026-06-08 22:26:31] [이동] [핑퐁회수] 지정 시작좌표 이동 중 : X=153 Y=74 (목표 X=157)
[2026-06-08 22:26:31] [이동] [핑퐁회수] 지정 시작좌표 이동 중 : X=153 Y=74 (목표 X=157)
[2026-06-08 22:26:31] [이동] [핑퐁회수] 지정 시작좌표 이동 중 : X=154 Y=74 (목표 X=157)
[2026-06-08 22:26:31] [이동] [핑퐁회수] 지정 시작좌표 이동 중 : X=155 Y=74 (목표 X=157)
[2026-06-08 22:26:32] [이동] [핑퐁회수] 지정 시작좌표 이동 중 : X=155 Y=74 (목표 X=157)
[2026-06-08 22:26:32] [이동] [핑퐁회수] 지정 시작좌표 이동 중 : X=156 Y=74 (목표 X=157)
[2026-06-08 22:26:32] [이동] [핑퐁회수] 지정 시작좌표 도달 완료 -> 텔포포인트로 이동합니다.
[2026-06-08 22:26:32] [이동] [핑퐁회수]
현재 위치 : X=155 Y=73 (목표 텔포포인트 X=43)
[2026-06-08 22:26:32] [이동] [핑퐁회수]
현재 위치 : X=153 Y=74 (목표 텔포포인트 X=43)
[2026-06-08 22:26:32] [이동] [핑퐁회수]
현재 위치 : X=153 Y=74 (목표 텔포포인트 X=43)
[2026-06-08 22:26:32] [이동] [핑퐁회수]
현재 위치 : X=152 Y=74 (목표 텔포포인트 X=43)
[2026-06-08 22:26:32] [이동] [핑퐁회수]
현재 위치 : X=150 Y=74 (목표 텔포포인트 X=43)
[2026-06-08 22:26:32] [이동] [핑퐁회수]
현재 위치 : X=150 Y=74 (목표 텔포포인트 X=43)
[2026-06-08 22:26:32] [이동] [핑퐁회수]
현재 위치 : X=149 Y=74 (목표 텔포포인트 X=43)
[2026-06-08 22:26:32] [이동] [핑퐁회수]
현재 위치 : X=148 Y=74 (목표 텔포포인트 X=43)
[2026-06-08 22:26:32] [이동] [핑퐁회수]
현재 위치 : X=148 Y=74 (목표 텔포포인트 X=43)
[2026-06-08 22:26:32] [이동] [핑퐁회수]
현재 위치 : X=147 Y=74 (목표 텔포포인트 X=43)
[2026-06-08 22:26:32] [이동] [핑퐁회수]
현재 위치 : X=146 Y=74 (목표 텔포포인트 X=43)
[2026-06-08 22:26:33] [이동] [핑퐁회수]
현재 위치 : X=146 Y=74 (목표 텔포포인트 X=43)
[2026-06-08 22:26:33] [이동] [핑퐁회수]
현재 위치 : X=145 Y=74 (목표 텔포포인트 X=43)
[2026-06-08 22:26:33] [이동] [핑퐁회수]
현재 위치 : X=144 Y=74 (목표 텔포포인트 X=43)
[2026-06-08 22:26:33] [이동] [핑퐁회수]
현재 위치 : X=144 Y=74 (목표 텔포포인트 X=43)
[2026-06-08 22:26:33] [이동] [핑퐁회수]
현재 위치 : X=143 Y=74 (목표 텔포포인트 X=43)
[2026-06-08 22:26:33] [이동] [핑퐁회수]
현재 위치 : X=141 Y=74 (목표 텔포포인트 X=43)
[2026-06-08 22:26:33] [이동] [핑퐁회수]
현재 위치 : X=141 Y=74 (목표 텔포포인트 X=43)
[2026-06-08 22:26:33] [이동] [핑퐁회수]
현재 위치 : X=140 Y=74 (목표 텔포포인트 X=43)
[2026-06-08 22:26:33] [이동] [핑퐁회수]
현재 위치 : X=139 Y=74 (목표 텔포포인트 X=43)
[2026-06-08 22:26:33] [이동] [핑퐁회수]
현재 위치 : X=139 Y=74 (목표 텔포포인트 X=43)
[2026-06-08 22:26:33] [이동] [핑퐁회수]
현재 위치 : X=138 Y=74 (목표 텔포포인트 X=43)
[2026-06-08 22:26:33] [이동] [핑퐁회수]
현재 위치 : X=137 Y=74 (목표 텔포포인트 X=43)
[2026-06-08 22:26:33] [이동] [핑퐁회수]
현재 위치 : X=137 Y=74 (목표 텔포포인트 X=43)
[2026-06-08 22:26:33] [이동] [핑퐁회수]
현재 위치 : X=136 Y=74 (목표 텔포포인트 X=43)
[2026-06-08 22:26:34] [이동] [핑퐁회수]
현재 위치 : X=135 Y=74 (목표 텔포포인트 X=43)
[2026-06-08 22:26:34] [이동] [핑퐁회수]
현재 위치 : X=135 Y=74 (목표 텔포포인트 X=43)
[2026-06-08 22:26:34] [이동] [핑퐁회수]
현재 위치 : X=133 Y=74 (목표 텔포포인트 X=43)
[2026-06-08 22:26:34] [이동] [핑퐁회수]
현재 위치 : X=133 Y=74 (목표 텔포포인트 X=43)
[2026-06-08 22:26:34] [이동] [핑퐁회수]
현재 위치 : X=133 Y=74 (목표 텔포포인트 X=43)
[2026-06-08 22:26:34] [이동] [핑퐁회수]
현재 위치 : X=131 Y=74 (목표 텔포포인트 X=43)
[2026-06-08 22:26:34] [이동] [핑퐁회수]
현재 위치 : X=130 Y=74 (목표 텔포포인트 X=43)
[2026-06-08 22:26:34] [이동] [핑퐁회수]
현재 위치 : X=130 Y=74 (목표 텔포포인트 X=43)
[2026-06-08 22:26:34] [이동] [핑퐁회수]
현재 위치 : X=129 Y=74 (목표 텔포포인트 X=43)
[2026-06-08 22:26:34] [이동] [핑퐁회수]
현재 위치 : X=129 Y=74 (목표 텔포포인트 X=43)
[2026-06-08 22:26:34] [이동] [핑퐁회수]
현재 위치 : X=129 Y=74 (목표 텔포포인트 X=43)
[2026-06-08 22:26:34] [이동] [핑퐁회수]
현재 위치 : X=127 Y=74 (목표 텔포포인트 X=43)
[2026-06-08 22:26:34] [이동] [핑퐁회수]
현재 위치 : X=126 Y=74 (목표 텔포포인트 X=43)
[2026-06-08 22:26:34] [이동] [핑퐁회수]
현재 위치 : X=126 Y=74 (목표 텔포포인트 X=43)
[2026-06-08 22:26:35] [이동] [핑퐁회수]
현재 위치 : X=125 Y=74 (목표 텔포포인트 X=43)
[2026-06-08 22:26:35] [이동] [핑퐁회수]
현재 위치 : X=123 Y=73 (목표 텔포포인트 X=43)
[2026-06-08 22:26:35] [이동] [핑퐁회수]
현재 위치 : X=123 Y=73 (목표 텔포포인트 X=43)
[2026-06-08 22:26:35] [이동] [핑퐁회수]
현재 위치 : X=120 Y=72 (목표 텔포포인트 X=43)
[2026-06-08 22:26:35] [이동] [핑퐁회수]
현재 위치 : X=118 Y=74 (목표 텔포포인트 X=43)
[2026-06-08 22:26:35] [이동] [핑퐁회수]
현재 위치 : X=118 Y=74 (목표 텔포포인트 X=43)
[2026-06-08 22:26:35] [이동] [핑퐁회수]
현재 위치 : X=117 Y=74 (목표 텔포포인트 X=43)
[2026-06-08 22:26:35] [이동] [핑퐁회수]
현재 위치 : X=116 Y=74 (목표 텔포포인트 X=43)
[2026-06-08 22:26:35] [이동] [핑퐁회수]
현재 위치 : X=116 Y=74 (목표 텔포포인트 X=43)
[2026-06-08 22:26:35] [이동] [핑퐁회수]
현재 위치 : X=115 Y=74 (목표 텔포포인트 X=43)
[2026-06-08 22:26:35] [이동] [핑퐁회수]
현재 위치 : X=114 Y=74 (목표 텔포포인트 X=43)
[2026-06-08 22:26:35] [이동] [핑퐁회수]
현재 위치 : X=114 Y=74 (목표 텔포포인트 X=43)
[2026-06-08 22:26:35] [이동] [핑퐁회수]
현재 위치 : X=113 Y=74 (목표 텔포포인트 X=43)
[2026-06-08 22:26:35] [이동] [핑퐁회수]
현재 위치 : X=112 Y=74 (목표 텔포포인트 X=43)
[2026-06-08 22:26:36] [이동] [핑퐁회수]
현재 위치 : X=112 Y=74 (목표 텔포포인트 X=43)
[2026-06-08 22:26:36] [이동] [핑퐁회수]
현재 위치 : X=111 Y=74 (목표 텔포포인트 X=43)
[2026-06-08 22:26:36] [이동] [핑퐁회수]
현재 위치 : X=110 Y=74 (목표 텔포포인트 X=43)
[2026-06-08 22:26:36] [이동] [핑퐁회수]
현재 위치 : X=110 Y=74 (목표 텔포포인트 X=43)
[2026-06-08 22:26:36] [이동] [핑퐁회수]
현재 위치 : X=108 Y=74 (목표 텔포포인트 X=43)
[2026-06-08 22:26:36] [이동] [핑퐁회수]
현재 위치 : X=107 Y=74 (목표 텔포포인트 X=43)
[2026-06-08 22:26:36] [이동] [핑퐁회수]
현재 위치 : X=107 Y=74 (목표 텔포포인트 X=43)
[2026-06-08 22:26:36] [이동] [핑퐁회수]
현재 위치 : X=106 Y=74 (목표 텔포포인트 X=43)
[2026-06-08 22:26:36] [이동] [핑퐁회수]
현재 위치 : X=105 Y=74 (목표 텔포포인트 X=43)
[2026-06-08 22:26:36] [이동] [핑퐁회수]
현재 위치 : X=105 Y=74 (목표 텔포포인트 X=43)
[2026-06-08 22:26:36] [이동] [핑퐁회수]
현재 위치 : X=104 Y=74 (목표 텔포포인트 X=43)
[2026-06-08 22:26:36] [이동] [핑퐁회수]
현재 위치 : X=103 Y=74 (목표 텔포포인트 X=43)
[2026-06-08 22:26:36] [이동] [핑퐁회수]
현재 위치 : X=102 Y=74 (목표 텔포포인트 X=43)
[2026-06-08 22:26:36] [이동] [핑퐁회수]
현재 위치 : X=102 Y=74 (목표 텔포포인트 X=43)
[2026-06-08 22:26:36] [이동] [핑퐁회수]
현재 위치 : X=101 Y=74 (목표 텔포포인트 X=43)
[2026-06-08 22:26:37] [이동] [핑퐁회수]
현재 위치 : X=101 Y=74 (목표 텔포포인트 X=43)
[2026-06-08 22:26:37] [이동] [핑퐁회수]
현재 위치 : X=100 Y=74 (목표 텔포포인트 X=43)
[2026-06-08 22:26:37] [이동] [핑퐁회수]
현재 위치 : X=99 Y=74 (목표 텔포포인트 X=43)
[2026-06-08 22:26:37] [이동] [핑퐁회수]
현재 위치 : X=99 Y=74 (목표 텔포포인트 X=43)
[2026-06-08 22:26:37] [이동] [핑퐁회수]
현재 위치 : X=98 Y=74 (목표 텔포포인트 X=43)
[2026-06-08 22:26:37] [이동] [핑퐁회수]
현재 위치 : X=96 Y=74 (목표 텔포포인트 X=43)
[2026-06-08 22:26:37] [이동] [핑퐁회수]
현재 위치 : X=95 Y=74 (목표 텔포포인트 X=43)
[2026-06-08 22:26:37] [이동] [핑퐁회수]
현재 위치 : X=95 Y=74 (목표 텔포포인트 X=43)
[2026-06-08 22:26:37] [이동] [핑퐁회수]
현재 위치 : X=94 Y=74 (목표 텔포포인트 X=43)
[2026-06-08 22:26:37] [이동] [핑퐁회수]
현재 위치 : X=94 Y=74 (목표 텔포포인트 X=43)
[2026-06-08 22:26:37] [이동] [핑퐁회수]
현재 위치 : X=93 Y=74 (목표 텔포포인트 X=43)
[2026-06-08 22:26:37] [이동] [핑퐁회수]
현재 위치 : X=92 Y=74 (목표 텔포포인트 X=43)
[2026-06-08 22:26:37] [이동] [핑퐁회수]
현재 위치 : X=91 Y=74 (목표 텔포포인트 X=43)
[2026-06-08 22:26:37] [이동] [핑퐁회수]
현재 위치 : X=91 Y=74 (목표 텔포포인트 X=43)
[2026-06-08 22:26:38] [이동] [핑퐁회수]
현재 위치 : X=90 Y=74 (목표 텔포포인트 X=43)
[2026-06-08 22:26:38] [이동] [핑퐁회수]
현재 위치 : X=89 Y=74 (목표 텔포포인트 X=43)
[2026-06-08 22:26:38] [이동] [핑퐁회수]
현재 위치 : X=89 Y=74 (목표 텔포포인트 X=43)
[2026-06-08 22:26:38] [이동] [핑퐁회수]
현재 위치 : X=88 Y=74 (목표 텔포포인트 X=43)
[2026-06-08 22:26:38] [이동] [핑퐁회수]
현재 위치 : X=90 Y=72 (목표 텔포포인트 X=43)
[2026-06-08 22:26:38] [이동] [핑퐁회수]
현재 위치 : X=90 Y=72 (목표 텔포포인트 X=43)
[2026-06-08 22:26:38] [이동] [핑퐁회수]
현재 위치 : X=90 Y=73 (목표 텔포포인트 X=43)
[2026-06-08 22:26:38] [이동] [핑퐁회수]
현재 위치 : X=91 Y=74 (목표 텔포포인트 X=43)
[2026-06-08 22:26:38] [이동] [핑퐁회수]
현재 위치 : X=91 Y=74 (목표 텔포포인트 X=43)
[2026-06-08 22:26:38] [이동] [핑퐁회수]
현재 위치 : X=90 Y=74 (목표 텔포포인트 X=43)
[2026-06-08 22:26:38] [이동] [핑퐁회수]
현재 위치 : X=89 Y=74 (목표 텔포포인트 X=43)
[2026-06-08 22:26:38] [이동] [핑퐁회수]
현재 위치 : X=89 Y=74 (목표 텔포포인트 X=43)
[2026-06-08 22:26:38] [이동] [핑퐁회수]
현재 위치 : X=88 Y=74 (목표 텔포포인트 X=43)
[2026-06-08 22:26:38] [이동] [핑퐁회수]
현재 위치 : X=87 Y=74 (목표 텔포포인트 X=43)
[2026-06-08 22:26:39] [이동] [핑퐁회수]
현재 위치 : X=87 Y=74 (목표 텔포포인트 X=43)
[2026-06-08 22:26:39] [이동] [핑퐁회수]
현재 위치 : X=85 Y=74 (목표 텔포포인트 X=43)
[2026-06-08 22:26:39] [이동] [핑퐁회수]
현재 위치 : X=84 Y=74 (목표 텔포포인트 X=43)
[2026-06-08 22:26:39] [이동] [핑퐁회수]
현재 위치 : X=84 Y=74 (목표 텔포포인트 X=43)
[2026-06-08 22:26:39] [이동] [핑퐁회수]
현재 위치 : X=83 Y=74 (목표 텔포포인트 X=43)
[2026-06-08 22:26:39] [이동] [핑퐁회수]
현재 위치 : X=82 Y=74 (목표 텔포포인트 X=43)
[2026-06-08 22:26:39] [이동] [핑퐁회수]
현재 위치 : X=82 Y=74 (목표 텔포포인트 X=43)
[2026-06-08 22:26:39] [이동] [핑퐁회수]
현재 위치 : X=82 Y=74 (목표 텔포포인트 X=43)
[2026-06-08 22:26:39] [이동] [핑퐁회수]
현재 위치 : X=81 Y=74 (목표 텔포포인트 X=43)
[2026-06-08 22:26:39] [이동] [핑퐁회수]
현재 위치 : X=81 Y=74 (목표 텔포포인트 X=43)
[2026-06-08 22:26:39] [이동] [핑퐁회수]
현재 위치 : X=80 Y=74 (목표 텔포포인트 X=43)
[2026-06-08 22:26:39] [이동] [핑퐁회수]
현재 위치 : X=78 Y=74 (목표 텔포포인트 X=43)
[2026-06-08 22:26:39] [이동] [핑퐁회수]
현재 위치 : X=78 Y=74 (목표 텔포포인트 X=43)
[2026-06-08 22:26:39] [이동] [핑퐁회수]
현재 위치 : X=77 Y=74 (목표 텔포포인트 X=43)
[2026-06-08 22:26:39] [이동] [핑퐁회수]
현재 위치 : X=76 Y=74 (목표 텔포포인트 X=43)
[2026-06-08 22:26:40] [이동] [핑퐁회수]
현재 위치 : X=76 Y=74 (목표 텔포포인트 X=43)
[2026-06-08 22:26:40] [이동] [핑퐁회수]
현재 위치 : X=75 Y=74 (목표 텔포포인트 X=43)
[2026-06-08 22:26:40] [이동] [핑퐁회수]
현재 위치 : X=73 Y=74 (목표 텔포포인트 X=43)
[2026-06-08 22:26:40] [이동] [핑퐁회수]
현재 위치 : X=73 Y=74 (목표 텔포포인트 X=43)
[2026-06-08 22:26:40] [이동] [핑퐁회수]
현재 위치 : X=72 Y=74 (목표 텔포포인트 X=43)
[2026-06-08 22:26:40] [이동] [핑퐁회수]
현재 위치 : X=72 Y=74 (목표 텔포포인트 X=43)
[2026-06-08 22:26:40] [이동] [핑퐁회수]
현재 위치 : X=72 Y=74 (목표 텔포포인트 X=43)
[2026-06-08 22:26:40] [이동] [핑퐁회수]
현재 위치 : X=72 Y=74 (목표 텔포포인트 X=43)
[2026-06-08 22:26:40] [이동] [핑퐁회수]
현재 위치 : X=72 Y=74 (목표 텔포포인트 X=43)
[2026-06-08 22:26:40] [이동] [핑퐁회수]
현재 위치 : X=70 Y=74 (목표 텔포포인트 X=43)
[2026-06-08 22:26:40] [이동] [핑퐁회수]
현재 위치 : X=68 Y=74 (목표 텔포포인트 X=43)
[2026-06-08 22:26:40] [이동] [핑퐁회수]
현재 위치 : X=68 Y=74 (목표 텔포포인트 X=43)
[2026-06-08 22:26:40] [이동] [핑퐁회수]
현재 위치 : X=67 Y=74 (목표 텔포포인트 X=43)
[2026-06-08 22:26:40] [이동] [핑퐁회수]
현재 위치 : X=68 Y=72 (목표 텔포포인트 X=43)
[2026-06-08 22:26:41] [이동] [핑퐁회수]
현재 위치 : X=68 Y=72 (목표 텔포포인트 X=43)
[2026-06-08 22:26:41] [이동] [핑퐁회수]
현재 위치 : X=69 Y=73 (목표 텔포포인트 X=43)
[2026-06-08 22:26:41] [이동] [핑퐁회수]
현재 위치 : X=69 Y=74 (목표 텔포포인트 X=43)
[2026-06-08 22:26:41] [이동] [핑퐁회수]
현재 위치 : X=69 Y=74 (목표 텔포포인트 X=43)
[2026-06-08 22:26:41] [이동] [핑퐁회수]
현재 위치 : X=68 Y=74 (목표 텔포포인트 X=43)
[2026-06-08 22:26:41] [이동] [핑퐁회수]
현재 위치 : X=67 Y=74 (목표 텔포포인트 X=43)
[2026-06-08 22:26:41] [이동] [핑퐁회수]
현재 위치 : X=67 Y=74 (목표 텔포포인트 X=43)
[2026-06-08 22:26:41] [이동] [핑퐁회수]
현재 위치 : X=66 Y=74 (목표 텔포포인트 X=43)
[2026-06-08 22:26:41] [이동] [핑퐁회수]
현재 위치 : X=65 Y=74 (목표 텔포포인트 X=43)
[2026-06-08 22:26:41] [이동] [핑퐁회수]
현재 위치 : X=65 Y=74 (목표 텔포포인트 X=43)
[2026-06-08 22:26:41] [이동] [핑퐁회수]
현재 위치 : X=64 Y=74 (목표 텔포포인트 X=43)
[2026-06-08 22:26:41] [이동] [핑퐁회수]
현재 위치 : X=63 Y=74 (목표 텔포포인트 X=43)
[2026-06-08 22:26:41] [이동] [핑퐁회수]
현재 위치 : X=63 Y=74 (목표 텔포포인트 X=43)
[2026-06-08 22:26:41] [이동] [핑퐁회수]
현재 위치 : X=62 Y=74 (목표 텔포포인트 X=43)
[2026-06-08 22:26:42] [이동] [핑퐁회수]
현재 위치 : X=61 Y=74 (목표 텔포포인트 X=43)
[2026-06-08 22:26:42] [이동] [핑퐁회수]
현재 위치 : X=60 Y=74 (목표 텔포포인트 X=43)
[2026-06-08 22:26:42] [이동] [핑퐁회수]
현재 위치 : X=60 Y=74 (목표 텔포포인트 X=43)
[2026-06-08 22:26:42] [이동] [핑퐁회수]
현재 위치 : X=58 Y=74 (목표 텔포포인트 X=43)
[2026-06-08 22:26:42] [이동] [핑퐁회수]
현재 위치 : X=58 Y=74 (목표 텔포포인트 X=43)
[2026-06-08 22:26:42] [이동] [핑퐁회수]
현재 위치 : X=58 Y=74 (목표 텔포포인트 X=43)
[2026-06-08 22:26:42] [이동] [핑퐁회수]
현재 위치 : X=57 Y=74 (목표 텔포포인트 X=43)
[2026-06-08 22:26:42] [이동] [핑퐁회수]
현재 위치 : X=57 Y=74 (목표 텔포포인트 X=43)
[2026-06-08 22:26:42] [이동] [핑퐁회수]
현재 위치 : X=55 Y=74 (목표 텔포포인트 X=43)
[2026-06-08 22:26:42] [이동] [핑퐁회수]
현재 위치 : X=54 Y=74 (목표 텔포포인트 X=43)
[2026-06-08 22:26:42] [이동] [핑퐁회수]
현재 위치 : X=54 Y=74 (목표 텔포포인트 X=43)
[2026-06-08 22:26:42] [이동] [핑퐁회수]
현재 위치 : X=54 Y=74 (목표 텔포포인트 X=43)
[2026-06-08 22:26:42] [이동] [핑퐁회수]
현재 위치 : X=53 Y=74 (목표 텔포포인트 X=43)
[2026-06-08 22:26:42] [이동] [핑퐁회수]
현재 위치 : X=53 Y=74 (목표 텔포포인트 X=43)
[2026-06-08 22:26:42] [이동] [핑퐁회수]
현재 위치 : X=52 Y=74 (목표 텔포포인트 X=43)
[2026-06-08 22:26:43] [이동] [핑퐁회수]
현재 위치 : X=50 Y=74 (목표 텔포포인트 X=43)
[2026-06-08 22:26:43] [이동] [핑퐁회수]
현재 위치 : X=49 Y=74 (목표 텔포포인트 X=43)
[2026-06-08 22:26:43] [이동] [핑퐁회수]
현재 위치 : X=49 Y=74 (목표 텔포포인트 X=43)
[2026-06-08 22:26:43] [이동] [핑퐁회수]
현재 위치 : X=48 Y=74 (목표 텔포포인트 X=43)
[2026-06-08 22:26:43] [이동] [핑퐁회수]
현재 위치 : X=47 Y=74 (목표 텔포포인트 X=43)
[2026-06-08 22:26:43] [이동] [핑퐁회수]
현재 위치 : X=47 Y=74 (목표 텔포포인트 X=43)
[2026-06-08 22:26:43] [이동] [핑퐁회수]
현재 위치 : X=45 Y=74 (목표 텔포포인트 X=43)
[2026-06-08 22:26:43] [이동] [핑퐁회수]
현재 위치 : X=44 Y=74 (목표 텔포포인트 X=43)
[2026-06-08 22:26:43] [이동] [핑퐁회수]
텔포포인트 도착 완료
[2026-06-08 22:26:43] [이동] [핑퐁회수] 동작 재생 시퀀스 실행: ['TELE_UP', 'END+TELE_RIGHT']
[2026-06-08 22:26:43] [이동] [핑퐁회수]
복귀 시퀀스 실행
TELE_UP (1/2)
[2026-06-08 22:26:44] [이동] [핑퐁회수]
복귀 시퀀스 실행
END+TELE_RIGHT (2/2)
[2026-06-08 22:26:44] [이동] [시퀀스 연계] 연달아 동시 입력 실행: ['END', 'TELE_RIGHT']
[2026-06-08 22:26:44] [이동] [회수모드] 공격 스킬 입력 무시 (end)
[2026-06-08 22:26:45] [순환] [핑퐁회수] 사냥층 복귀 확인 완료 (현재 Y: 61, 사냥층 Y: 61) -> 핑퐁사냥 재개
[2026-06-08 22:27:45] [이동] [핑퐁회수] 회수 주기 도달 -> 회수 전 지정 시작좌표로 이동 시도
[2026-06-08 22:27:45] [이동] [핑퐁회수] 지정 시작좌표로 Y 정렬 시도 (현재 Y: 60, 목표 Y: 74)
[2026-06-08 22:27:45] [이동] 하단 낙하 폴백 기동 (DROP, Y차이: 14px, 실패 카운트: 0/4)
[2026-06-08 22:27:46] [이동] [핑퐁회수] 지정 시작좌표 이동 중 : X=124 Y=74 (목표 X=157)
[2026-06-08 22:27:47] [이동] [핑퐁회수] 지정 시작좌표 이동 중 : X=138 Y=74 (목표 X=157)
[2026-06-08 22:27:47] [이동] [핑퐁회수] 지정 시작좌표 이동 중 : X=156 Y=74 (목표 X=157)
[2026-06-08 22:27:47] [이동] [핑퐁회수] 지정 시작좌표 도달 완료 -> 회수층(Y: 74) 이동 시작
[2026-06-08 22:27:47] [이동] [핑퐁회수] 회수층 도착 -> 1초간 아이템 회수 시작
[2026-06-08 22:27:48] [이동] [핑퐁회수]
텔포포인트 설정 확인
X=43 Y=74
[2026-06-08 22:27:48] [이동] [핑퐁회수]
텔포포인트 이동 시작
[2026-06-08 22:27:48] [이동] [핑퐁회수] 지정 시작좌표 이동 중 : X=148 Y=74 (목표 X=157)
[2026-06-08 22:27:49] [이동] [핑퐁회수] 지정 시작좌표 이동 중 : X=147 Y=74 (목표 X=157)
[2026-06-08 22:27:49] [이동] [핑퐁회수] 지정 시작좌표 이동 중 : X=148 Y=74 (목표 X=157)
[2026-06-08 22:27:49] [이동] [핑퐁회수] 지정 시작좌표 이동 중 : X=148 Y=74 (목표 X=157)
[2026-06-08 22:27:49] [이동] [핑퐁회수] 지정 시작좌표 이동 중 : X=149 Y=74 (목표 X=157)
[2026-06-08 22:27:49] [이동] [핑퐁회수] 지정 시작좌표 이동 중 : X=149 Y=74 (목표 X=157)
[2026-06-08 22:27:49] [이동] [핑퐁회수] 지정 시작좌표 이동 중 : X=150 Y=74 (목표 X=157)
[2026-06-08 22:27:49] [이동] [핑퐁회수] 지정 시작좌표 이동 중 : X=151 Y=74 (목표 X=157)
[2026-06-08 22:27:49] [이동] [핑퐁회수] 지정 시작좌표 이동 중 : X=151 Y=74 (목표 X=157)
[2026-06-08 22:27:49] [이동] [핑퐁회수] 지정 시작좌표 이동 중 : X=152 Y=74 (목표 X=157)
[2026-06-08 22:27:49] [이동] [핑퐁회수] 지정 시작좌표 이동 중 : X=153 Y=74 (목표 X=157)
[2026-06-08 22:27:49] [이동] [핑퐁회수] 지정 시작좌표 이동 중 : X=153 Y=74 (목표 X=157)
[2026-06-08 22:27:49] [이동] [핑퐁회수] 지정 시작좌표 이동 중 : X=155 Y=74 (목표 X=157)
[2026-06-08 22:27:49] [이동] [핑퐁회수] 지정 시작좌표 이동 중 : X=156 Y=74 (목표 X=157)
[2026-06-08 22:27:49] [이동] [핑퐁회수] 지정 시작좌표 도달 완료 -> 텔포포인트로 이동합니다.
[2026-06-08 22:27:49] [이동] [핑퐁회수]
현재 위치 : X=157 Y=74 (목표 텔포포인트 X=43)
[2026-06-08 22:27:50] [이동] [핑퐁회수]
현재 위치 : X=157 Y=74 (목표 텔포포인트 X=43)
[2026-06-08 22:27:50] [이동] [핑퐁회수]
현재 위치 : X=157 Y=74 (목표 텔포포인트 X=43)
[2026-06-08 22:27:50] [이동] [핑퐁회수]
현재 위치 : X=156 Y=74 (목표 텔포포인트 X=43)
[2026-06-08 22:27:50] [이동] [핑퐁회수]
현재 위치 : X=155 Y=74 (목표 텔포포인트 X=43)
[2026-06-08 22:27:50] [이동] [핑퐁회수]
현재 위치 : X=155 Y=74 (목표 텔포포인트 X=43)
[2026-06-08 22:27:50] [이동] [핑퐁회수]
현재 위치 : X=154 Y=74 (목표 텔포포인트 X=43)
[2026-06-08 22:27:50] [이동] [핑퐁회수]
현재 위치 : X=153 Y=74 (목표 텔포포인트 X=43)
[2026-06-08 22:27:50] [이동] [핑퐁회수]
현재 위치 : X=153 Y=74 (목표 텔포포인트 X=43)
[2026-06-08 22:27:50] [이동] [핑퐁회수]
현재 위치 : X=152 Y=74 (목표 텔포포인트 X=43)
[2026-06-08 22:27:50] [이동] [핑퐁회수]
현재 위치 : X=151 Y=74 (목표 텔포포인트 X=43)
[2026-06-08 22:27:50] [이동] [핑퐁회수]
현재 위치 : X=151 Y=74 (목표 텔포포인트 X=43)
[2026-06-08 22:27:50] [이동] [핑퐁회수]
현재 위치 : X=150 Y=74 (목표 텔포포인트 X=43)
[2026-06-08 22:27:50] [이동] [핑퐁회수]
현재 위치 : X=149 Y=74 (목표 텔포포인트 X=43)
[2026-06-08 22:27:51] [이동] [핑퐁회수]
현재 위치 : X=149 Y=74 (목표 텔포포인트 X=43)
[2026-06-08 22:27:51] [이동] [핑퐁회수]
현재 위치 : X=147 Y=74 (목표 텔포포인트 X=43)
[2026-06-08 22:27:51] [이동] [핑퐁회수]
현재 위치 : X=146 Y=74 (목표 텔포포인트 X=43)
[2026-06-08 22:27:51] [이동] [핑퐁회수]
현재 위치 : X=146 Y=74 (목표 텔포포인트 X=43)
[2026-06-08 22:27:51] [이동] [핑퐁회수]
현재 위치 : X=145 Y=74 (목표 텔포포인트 X=43)
[2026-06-08 22:27:51] [이동] [핑퐁회수]
현재 위치 : X=144 Y=74 (목표 텔포포인트 X=43)
[2026-06-08 22:27:51] [이동] [핑퐁회수]
현재 위치 : X=144 Y=74 (목표 텔포포인트 X=43)
[2026-06-08 22:27:51] [이동] [핑퐁회수]
현재 위치 : X=143 Y=74 (목표 텔포포인트 X=43)
[2026-06-08 22:27:51] [이동] [핑퐁회수]
현재 위치 : X=141 Y=74 (목표 텔포포인트 X=43)
[2026-06-08 22:27:51] [이동] [핑퐁회수]
현재 위치 : X=141 Y=74 (목표 텔포포인트 X=43)
[2026-06-08 22:27:51] [이동] [핑퐁회수]
현재 위치 : X=140 Y=74 (목표 텔포포인트 X=43)
[2026-06-08 22:27:51] [이동] [핑퐁회수]
현재 위치 : X=139 Y=74 (목표 텔포포인트 X=43)
[2026-06-08 22:27:51] [이동] [핑퐁회수]
현재 위치 : X=139 Y=74 (목표 텔포포인트 X=43)
[2026-06-08 22:27:51] [이동] [핑퐁회수]
현재 위치 : X=138 Y=74 (목표 텔포포인트 X=43)
[2026-06-08 22:27:52] [이동] [핑퐁회수]
현재 위치 : X=137 Y=74 (목표 텔포포인트 X=43)
[2026-06-08 22:27:52] [이동] [핑퐁회수]
현재 위치 : X=137 Y=74 (목표 텔포포인트 X=43)
[2026-06-08 22:27:52] [이동] [핑퐁회수]
현재 위치 : X=136 Y=74 (목표 텔포포인트 X=43)
[2026-06-08 22:27:52] [이동] [핑퐁회수]
현재 위치 : X=137 Y=72 (목표 텔포포인트 X=43)
[2026-06-08 22:27:52] [이동] [핑퐁회수]
현재 위치 : X=137 Y=72 (목표 텔포포인트 X=43)
[2026-06-08 22:27:52] [이동] [핑퐁회수]
현재 위치 : X=138 Y=73 (목표 텔포포인트 X=43)
[2026-06-08 22:27:52] [이동] [핑퐁회수]
현재 위치 : X=138 Y=74 (목표 텔포포인트 X=43)
[2026-06-08 22:27:52] [이동] [핑퐁회수]
현재 위치 : X=138 Y=74 (목표 텔포포인트 X=43)
[2026-06-08 22:27:52] [이동] [핑퐁회수]
현재 위치 : X=137 Y=74 (목표 텔포포인트 X=43)
[2026-06-08 22:27:52] [이동] [핑퐁회수]
현재 위치 : X=137 Y=74 (목표 텔포포인트 X=43)
[2026-06-08 22:27:52] [이동] [핑퐁회수]
현재 위치 : X=136 Y=74 (목표 텔포포인트 X=43)
[2026-06-08 22:27:52] [이동] [핑퐁회수]
현재 위치 : X=135 Y=74 (목표 텔포포인트 X=43)
[2026-06-08 22:27:52] [이동] [핑퐁회수]
현재 위치 : X=135 Y=74 (목표 텔포포인트 X=43)
[2026-06-08 22:27:52] [이동] [핑퐁회수]
현재 위치 : X=134 Y=74 (목표 텔포포인트 X=43)
[2026-06-08 22:27:53] [이동] [핑퐁회수]
현재 위치 : X=133 Y=74 (목표 텔포포인트 X=43)
[2026-06-08 22:27:53] [이동] [핑퐁회수]
현재 위치 : X=133 Y=74 (목표 텔포포인트 X=43)
[2026-06-08 22:27:53] [이동] [핑퐁회수]
현재 위치 : X=132 Y=74 (목표 텔포포인트 X=43)
[2026-06-08 22:27:53] [이동] [핑퐁회수]
현재 위치 : X=131 Y=74 (목표 텔포포인트 X=43)
[2026-06-08 22:27:53] [이동] [핑퐁회수]
현재 위치 : X=131 Y=74 (목표 텔포포인트 X=43)
[2026-06-08 22:27:53] [이동] [핑퐁회수]
현재 위치 : X=130 Y=74 (목표 텔포포인트 X=43)
[2026-06-08 22:27:53] [이동] [핑퐁회수]
현재 위치 : X=129 Y=74 (목표 텔포포인트 X=43)
[2026-06-08 22:27:53] [이동] [핑퐁회수]
현재 위치 : X=128 Y=74 (목표 텔포포인트 X=43)
[2026-06-08 22:27:53] [이동] [핑퐁회수]
현재 위치 : X=128 Y=74 (목표 텔포포인트 X=43)
[2026-06-08 22:27:53] [이동] [핑퐁회수]
현재 위치 : X=127 Y=74 (목표 텔포포인트 X=43)
[2026-06-08 22:27:53] [이동] [핑퐁회수]
현재 위치 : X=127 Y=74 (목표 텔포포인트 X=43)
[2026-06-08 22:27:53] [이동] [핑퐁회수]
현재 위치 : X=126 Y=74 (목표 텔포포인트 X=43)
[2026-06-08 22:27:53] [이동] [핑퐁회수]
현재 위치 : X=124 Y=74 (목표 텔포포인트 X=43)
[2026-06-08 22:27:53] [이동] [핑퐁회수]
현재 위치 : X=124 Y=74 (목표 텔포포인트 X=43)
[2026-06-08 22:27:53] [이동] [핑퐁회수]
현재 위치 : X=124 Y=74 (목표 텔포포인트 X=43)
[2026-06-08 22:27:54] [이동] [핑퐁회수]
현재 위치 : X=122 Y=74 (목표 텔포포인트 X=43)
[2026-06-08 22:27:54] [이동] [핑퐁회수]
현재 위치 : X=121 Y=74 (목표 텔포포인트 X=43)
[2026-06-08 22:27:54] [이동] [핑퐁회수]
현재 위치 : X=121 Y=74 (목표 텔포포인트 X=43)
[2026-06-08 22:27:54] [이동] [핑퐁회수]
현재 위치 : X=120 Y=74 (목표 텔포포인트 X=43)
[2026-06-08 22:27:54] [이동] [핑퐁회수]
현재 위치 : X=120 Y=74 (목표 텔포포인트 X=43)
[2026-06-08 22:27:54] [이동] [핑퐁회수]
현재 위치 : X=119 Y=74 (목표 텔포포인트 X=43)
[2026-06-08 22:27:54] [이동] [핑퐁회수]
현재 위치 : X=118 Y=74 (목표 텔포포인트 X=43)
[2026-06-08 22:27:54] [이동] [핑퐁회수]
현재 위치 : X=117 Y=74 (목표 텔포포인트 X=43)
[2026-06-08 22:27:54] [이동] [핑퐁회수]
현재 위치 : X=117 Y=74 (목표 텔포포인트 X=43)
[2026-06-08 22:27:54] [이동] [핑퐁회수]
현재 위치 : X=115 Y=74 (목표 텔포포인트 X=43)
[2026-06-08 22:27:54] [이동] [핑퐁회수]
현재 위치 : X=114 Y=74 (목표 텔포포인트 X=43)
[2026-06-08 22:27:54] [이동] [핑퐁회수]
현재 위치 : X=114 Y=74 (목표 텔포포인트 X=43)
[2026-06-08 22:27:54] [이동] [핑퐁회수]
현재 위치 : X=113 Y=74 (목표 텔포포인트 X=43)
[2026-06-08 22:27:54] [이동] [핑퐁회수]
현재 위치 : X=112 Y=74 (목표 텔포포인트 X=43)
[2026-06-08 22:27:55] [이동] [핑퐁회수]
현재 위치 : X=112 Y=74 (목표 텔포포인트 X=43)
[2026-06-08 22:27:55] [이동] [핑퐁회수]
현재 위치 : X=111 Y=74 (목표 텔포포인트 X=43)
[2026-06-08 22:27:55] [이동] [핑퐁회수]
현재 위치 : X=110 Y=74 (목표 텔포포인트 X=43)
[2026-06-08 22:27:55] [이동] [핑퐁회수]
현재 위치 : X=110 Y=74 (목표 텔포포인트 X=43)
[2026-06-08 22:27:55] [이동] [핑퐁회수]
현재 위치 : X=109 Y=74 (목표 텔포포인트 X=43)
[2026-06-08 22:27:55] [이동] [핑퐁회수]
현재 위치 : X=108 Y=74 (목표 텔포포인트 X=43)
[2026-06-08 22:27:55] [이동] [핑퐁회수]
현재 위치 : X=108 Y=74 (목표 텔포포인트 X=43)
[2026-06-08 22:27:55] [이동] [핑퐁회수]
현재 위치 : X=107 Y=74 (목표 텔포포인트 X=43)
[2026-06-08 22:27:55] [이동] [핑퐁회수]
현재 위치 : X=106 Y=74 (목표 텔포포인트 X=43)
[2026-06-08 22:27:55] [이동] [핑퐁회수]
현재 위치 : X=106 Y=74 (목표 텔포포인트 X=43)
[2026-06-08 22:27:55] [이동] [핑퐁회수]
현재 위치 : X=105 Y=74 (목표 텔포포인트 X=43)
[2026-06-08 22:27:55] [이동] [핑퐁회수]
현재 위치 : X=104 Y=74 (목표 텔포포인트 X=43)
[2026-06-08 22:27:55] [이동] [핑퐁회수]
현재 위치 : X=104 Y=74 (목표 텔포포인트 X=43)
[2026-06-08 22:27:55] [이동] [핑퐁회수]
현재 위치 : X=102 Y=74 (목표 텔포포인트 X=43)
[2026-06-08 22:27:56] [이동] [핑퐁회수]
현재 위치 : X=101 Y=74 (목표 텔포포인트 X=43)
[2026-06-08 22:27:56] [이동] [핑퐁회수]
현재 위치 : X=101 Y=74 (목표 텔포포인트 X=43)
[2026-06-08 22:27:56] [이동] [핑퐁회수]
현재 위치 : X=100 Y=74 (목표 텔포포인트 X=43)
[2026-06-08 22:27:56] [이동] [핑퐁회수]
현재 위치 : X=99 Y=74 (목표 텔포포인트 X=43)
[2026-06-08 22:27:56] [이동] [핑퐁회수]
현재 위치 : X=99 Y=74 (목표 텔포포인트 X=43)
[2026-06-08 22:27:56] [이동] [핑퐁회수]
현재 위치 : X=98 Y=74 (목표 텔포포인트 X=43)
[2026-06-08 22:27:56] [이동] [핑퐁회수]
현재 위치 : X=97 Y=74 (목표 텔포포인트 X=43)
[2026-06-08 22:27:56] [이동] [핑퐁회수]
현재 위치 : X=97 Y=74 (목표 텔포포인트 X=43)
[2026-06-08 22:27:56] [이동] [핑퐁회수]
현재 위치 : X=96 Y=74 (목표 텔포포인트 X=43)
[2026-06-08 22:27:56] [이동] [핑퐁회수]
현재 위치 : X=95 Y=74 (목표 텔포포인트 X=43)
[2026-06-08 22:27:56] [이동] [핑퐁회수]
현재 위치 : X=95 Y=74 (목표 텔포포인트 X=43)
[2026-06-08 22:27:56] [이동] [핑퐁회수]
현재 위치 : X=96 Y=72 (목표 텔포포인트 X=43)
[2026-06-08 22:27:56] [이동] [핑퐁회수]
현재 위치 : X=97 Y=73 (목표 텔포포인트 X=43)
[2026-06-08 22:27:56] [이동] [핑퐁회수]
현재 위치 : X=97 Y=73 (목표 텔포포인트 X=43)
[2026-06-08 22:27:56] [이동] [핑퐁회수]
현재 위치 : X=97 Y=74 (목표 텔포포인트 X=43)
[2026-06-08 22:27:57] [이동] [핑퐁회수]
현재 위치 : X=96 Y=74 (목표 텔포포인트 X=43)
[2026-06-08 22:27:57] [이동] [핑퐁회수]
현재 위치 : X=96 Y=74 (목표 텔포포인트 X=43)
[2026-06-08 22:27:57] [이동] [핑퐁회수]
현재 위치 : X=95 Y=74 (목표 텔포포인트 X=43)
[2026-06-08 22:27:57] [이동] [핑퐁회수]
현재 위치 : X=94 Y=74 (목표 텔포포인트 X=43)
[2026-06-08 22:27:57] [이동] [핑퐁회수]
현재 위치 : X=94 Y=74 (목표 텔포포인트 X=43)
[2026-06-08 22:27:57] [이동] [핑퐁회수]
현재 위치 : X=93 Y=74 (목표 텔포포인트 X=43)
[2026-06-08 22:27:57] [이동] [핑퐁회수]
현재 위치 : X=92 Y=74 (목표 텔포포인트 X=43)
[2026-06-08 22:27:57] [이동] [핑퐁회수]
현재 위치 : X=91 Y=74 (목표 텔포포인트 X=43)
[2026-06-08 22:27:57] [이동] [핑퐁회수]
현재 위치 : X=91 Y=74 (목표 텔포포인트 X=43)
[2026-06-08 22:27:57] [이동] [핑퐁회수]
현재 위치 : X=90 Y=74 (목표 텔포포인트 X=43)
[2026-06-08 22:27:57] [이동] [핑퐁회수]
현재 위치 : X=89 Y=74 (목표 텔포포인트 X=43)
[2026-06-08 22:27:57] [이동] [핑퐁회수]
현재 위치 : X=89 Y=74 (목표 텔포포인트 X=43)
[2026-06-08 22:27:57] [이동] [핑퐁회수]
현재 위치 : X=88 Y=74 (목표 텔포포인트 X=43)
[2026-06-08 22:27:57] [이동] [핑퐁회수]
현재 위치 : X=87 Y=74 (목표 텔포포인트 X=43)
[2026-06-08 22:27:58] [이동] [핑퐁회수]
현재 위치 : X=87 Y=74 (목표 텔포포인트 X=43)
[2026-06-08 22:27:58] [이동] [핑퐁회수]
현재 위치 : X=86 Y=74 (목표 텔포포인트 X=43)
[2026-06-08 22:27:58] [이동] [핑퐁회수]
현재 위치 : X=85 Y=74 (목표 텔포포인트 X=43)
[2026-06-08 22:27:58] [이동] [핑퐁회수]
현재 위치 : X=85 Y=74 (목표 텔포포인트 X=43)
[2026-06-08 22:27:58] [이동] [핑퐁회수]
현재 위치 : X=84 Y=74 (목표 텔포포인트 X=43)
[2026-06-08 22:27:58] [이동] [핑퐁회수]
현재 위치 : X=84 Y=74 (목표 텔포포인트 X=43)
[2026-06-08 22:27:58] [이동] [핑퐁회수]
현재 위치 : X=82 Y=74 (목표 텔포포인트 X=43)
[2026-06-08 22:27:58] [이동] [핑퐁회수]
현재 위치 : X=82 Y=74 (목표 텔포포인트 X=43)
[2026-06-08 22:27:58] [이동] [핑퐁회수]
현재 위치 : X=81 Y=74 (목표 텔포포인트 X=43)
[2026-06-08 22:27:58] [이동] [핑퐁회수]
현재 위치 : X=81 Y=74 (목표 텔포포인트 X=43)
[2026-06-08 22:27:58] [이동] [핑퐁회수]
현재 위치 : X=80 Y=74 (목표 텔포포인트 X=43)
[2026-06-08 22:27:58] [이동] [핑퐁회수]
현재 위치 : X=79 Y=74 (목표 텔포포인트 X=43)
[2026-06-08 22:27:58] [이동] [핑퐁회수]
현재 위치 : X=79 Y=74 (목표 텔포포인트 X=43)
[2026-06-08 22:27:58] [이동] [핑퐁회수]
현재 위치 : X=78 Y=74 (목표 텔포포인트 X=43)
[2026-06-08 22:27:59] [이동] [핑퐁회수]
현재 위치 : X=77 Y=74 (목표 텔포포인트 X=43)
[2026-06-08 22:27:59] [이동] [핑퐁회수]
현재 위치 : X=77 Y=74 (목표 텔포포인트 X=43)
[2026-06-08 22:27:59] [이동] [핑퐁회수]
현재 위치 : X=75 Y=74 (목표 텔포포인트 X=43)
[2026-06-08 22:27:59] [이동] [핑퐁회수]
현재 위치 : X=74 Y=74 (목표 텔포포인트 X=43)
[2026-06-08 22:27:59] [이동] [핑퐁회수]
현재 위치 : X=74 Y=74 (목표 텔포포인트 X=43)
[2026-06-08 22:27:59] [이동] [핑퐁회수]
현재 위치 : X=73 Y=74 (목표 텔포포인트 X=43)
[2026-06-08 22:27:59] [이동] [핑퐁회수]
현재 위치 : X=72 Y=74 (목표 텔포포인트 X=43)
[2026-06-08 22:27:59] [이동] [핑퐁회수]
현재 위치 : X=72 Y=74 (목표 텔포포인트 X=43)
[2026-06-08 22:27:59] [이동] [핑퐁회수]
현재 위치 : X=71 Y=74 (목표 텔포포인트 X=43)
[2026-06-08 22:27:59] [이동] [핑퐁회수]
현재 위치 : X=69 Y=74 (목표 텔포포인트 X=43)
[2026-06-08 22:27:59] [이동] [핑퐁회수]
현재 위치 : X=69 Y=74 (목표 텔포포인트 X=43)
[2026-06-08 22:27:59] [이동] [핑퐁회수]
현재 위치 : X=68 Y=74 (목표 텔포포인트 X=43)
[2026-06-08 22:27:59] [이동] [핑퐁회수]
현재 위치 : X=67 Y=74 (목표 텔포포인트 X=43)
[2026-06-08 22:27:59] [이동] [핑퐁회수]
현재 위치 : X=67 Y=74 (목표 텔포포인트 X=43)
[2026-06-08 22:28:00] [이동] [핑퐁회수]
현재 위치 : X=66 Y=74 (목표 텔포포인트 X=43)
[2026-06-08 22:28:00] [이동] [핑퐁회수]
현재 위치 : X=65 Y=74 (목표 텔포포인트 X=43)
[2026-06-08 22:28:00] [이동] [핑퐁회수]
현재 위치 : X=65 Y=74 (목표 텔포포인트 X=43)
[2026-06-08 22:28:00] [이동] [핑퐁회수]
현재 위치 : X=64 Y=74 (목표 텔포포인트 X=43)
[2026-06-08 22:28:00] [이동] [핑퐁회수]
현재 위치 : X=63 Y=74 (목표 텔포포인트 X=43)
[2026-06-08 22:28:00] [이동] [핑퐁회수]
현재 위치 : X=63 Y=74 (목표 텔포포인트 X=43)
[2026-06-08 22:28:00] [이동] [핑퐁회수]
현재 위치 : X=62 Y=74 (목표 텔포포인트 X=43)
[2026-06-08 22:28:00] [이동] [핑퐁회수]
현재 위치 : X=61 Y=74 (목표 텔포포인트 X=43)
[2026-06-08 22:28:00] [이동] [핑퐁회수]
현재 위치 : X=61 Y=74 (목표 텔포포인트 X=43)
[2026-06-08 22:28:00] [이동] [핑퐁회수]
현재 위치 : X=60 Y=74 (목표 텔포포인트 X=43)
[2026-06-08 22:28:00] [이동] [핑퐁회수]
현재 위치 : X=59 Y=74 (목표 텔포포인트 X=43)
[2026-06-08 22:28:00] [이동] [핑퐁회수]
현재 위치 : X=59 Y=74 (목표 텔포포인트 X=43)
[2026-06-08 22:28:00] [이동] [핑퐁회수]
현재 위치 : X=58 Y=74 (목표 텔포포인트 X=43)
[2026-06-08 22:28:00] [이동] [핑퐁회수]
현재 위치 : X=58 Y=74 (목표 텔포포인트 X=43)
[2026-06-08 22:28:00] [이동] [핑퐁회수]
현재 위치 : X=58 Y=74 (목표 텔포포인트 X=43)
[2026-06-08 22:28:01] [이동] [핑퐁회수]
현재 위치 : X=58 Y=72 (목표 텔포포인트 X=43)
[2026-06-08 22:28:01] [이동] [핑퐁회수]
현재 위치 : X=59 Y=73 (목표 텔포포인트 X=43)
[2026-06-08 22:28:01] [이동] [핑퐁회수]
현재 위치 : X=59 Y=73 (목표 텔포포인트 X=43)
[2026-06-08 22:28:01] [이동] [핑퐁회수]
현재 위치 : X=59 Y=74 (목표 텔포포인트 X=43)
[2026-06-08 22:28:01] [이동] [핑퐁회수]
현재 위치 : X=58 Y=74 (목표 텔포포인트 X=43)
[2026-06-08 22:28:01] [이동] [핑퐁회수]
현재 위치 : X=58 Y=74 (목표 텔포포인트 X=43)
[2026-06-08 22:28:01] [이동] [핑퐁회수]
현재 위치 : X=58 Y=74 (목표 텔포포인트 X=43)
[2026-06-08 22:28:01] [이동] [핑퐁회수]
현재 위치 : X=56 Y=74 (목표 텔포포인트 X=43)
[2026-06-08 22:28:01] [이동] [핑퐁회수]
현재 위치 : X=56 Y=74 (목표 텔포포인트 X=43)
[2026-06-08 22:28:01] [이동] [핑퐁회수]
현재 위치 : X=55 Y=74 (목표 텔포포인트 X=43)
[2026-06-08 22:28:01] [이동] [핑퐁회수]
현재 위치 : X=54 Y=74 (목표 텔포포인트 X=43)
[2026-06-08 22:28:01] [이동] [핑퐁회수]
현재 위치 : X=53 Y=74 (목표 텔포포인트 X=43)
[2026-06-08 22:28:01] [이동] [핑퐁회수]
현재 위치 : X=53 Y=74 (목표 텔포포인트 X=43)
[2026-06-08 22:28:01] [이동] [핑퐁회수]
현재 위치 : X=52 Y=74 (목표 텔포포인트 X=43)
[2026-06-08 22:28:02] [이동] [핑퐁회수]
현재 위치 : X=52 Y=74 (목표 텔포포인트 X=43)
[2026-06-08 22:28:02] [이동] [핑퐁회수]
현재 위치 : X=51 Y=74 (목표 텔포포인트 X=43)
[2026-06-08 22:28:02] [이동] [핑퐁회수]
현재 위치 : X=50 Y=74 (목표 텔포포인트 X=43)
[2026-06-08 22:28:02] [이동] [핑퐁회수]
현재 위치 : X=49 Y=74 (목표 텔포포인트 X=43)
[2026-06-08 22:28:02] [이동] [핑퐁회수]
현재 위치 : X=49 Y=74 (목표 텔포포인트 X=43)
[2026-06-08 22:28:02] [이동] [핑퐁회수]
현재 위치 : X=48 Y=74 (목표 텔포포인트 X=43)
[2026-06-08 22:28:02] [이동] [핑퐁회수]
현재 위치 : X=46 Y=74 (목표 텔포포인트 X=43)
[2026-06-08 22:28:02] [이동] [핑퐁회수]
현재 위치 : X=46 Y=74 (목표 텔포포인트 X=43)
[2026-06-08 22:28:02] [이동] [핑퐁회수]
현재 위치 : X=45 Y=74 (목표 텔포포인트 X=43)
[2026-06-08 22:28:02] [이동] [핑퐁회수]
현재 위치 : X=44 Y=74 (목표 텔포포인트 X=43)
[2026-06-08 22:28:02] [이동] [핑퐁회수]
텔포포인트 도착 완료
[2026-06-08 22:28:02] [이동] [핑퐁회수] 동작 재생 시퀀스 실행: ['TELE_UP', 'END+TELE_RIGHT']
[2026-06-08 22:28:02] [이동] [핑퐁회수]
복귀 시퀀스 실행
TELE_UP (1/2)
[2026-06-08 22:28:03] [이동] [핑퐁회수]
복귀 시퀀스 실행
END+TELE_RIGHT (2/2)
[2026-06-08 22:28:03] [이동] [시퀀스 연계] 연달아 동시 입력 실행: ['END', 'TELE_RIGHT']
[2026-06-08 22:28:03] [이동] [회수모드] 공격 스킬 입력 무시 (end)
[2026-06-08 22:28:04] [순환] [핑퐁회수] 사냥층 복귀 확인 완료 (현재 Y: 60, 사냥층 Y: 61) -> 핑퐁사냥 재개
[2026-06-08 22:28:13] [시스템] [전역 긴급 정지] 사냥 시스템을 즉시 중지하고 모든 입력을 해제했습니다.
[2026-06-08 22:28:13] [시스템] 인벤토리 수동 판매 시퀀스 시작 (A방식 고도화)
[2026-06-08 22:28:13] [시스템] 1. 상점 열기 시도 (좌표1 더블클릭)
[2026-06-08 22:28:13] [시스템] 2. 거래/판매 모드 진입 (좌표2 클릭 및 엔터)
[2026-06-08 22:28:14] [시스템] 3. 기타창 탭 클릭 (좌표3 클릭)
[2026-06-08 22:28:15] [시스템] 4. 아이템 판매 루틴 작동 (좌표4 반복 더블클릭 + 엔터, 총 4회)
[2026-06-08 22:28:17] [시스템] 5. 상점 닫기 (좌표5 클릭)
[2026-06-08 22:28:17] [시스템] 상점 판매 시퀀스 완료 - 사냥 모드 복귀
