[2026-06-08 11:37:38] [시스템] 좌측 경계 임계값 변경 -> 40
[2026-06-08 11:37:38] [시스템] 우측 경계 임계값 변경 -> 54
[2026-06-08 11:37:38] [시스템] 공격 주기 변경 -> 50ms
[2026-06-08 11:37:38] [시스템] 텔레포트 주기 변경 -> 1000ms
[2026-06-08 11:37:38] [시스템] 설정 복원 완료 -> 프로필: 기본설정
[2026-06-08 11:38:30] [시스템] 설정 영구 저장 완료 -> 프로필: 기본설정
[2026-06-08 11:38:42] [시스템] 사냥 시작 버튼 클릭
[2026-06-08 11:38:42] [시스템] 사냥 시작 검증 통과
[2026-06-08 11:38:42] [시스템] 사냥 루프 생성
[2026-06-08 11:38:42] [시스템] 사냥 시스템을 가동합니다.
[2026-06-08 11:38:42] [순환] [핑퐁회수 기동 스캔] 감지된 발판 레이어 Y 목록: [58]
[2026-06-08 11:38:42] [순환] [핑퐁]
사냥 시작
설정된 사냥층 Y = 74
[2026-06-08 11:38:42] [순환] [핑퐁]
설정 사냥층 Y = Layer 2 (Y: 74)
[2026-06-08 11:38:42] [순환] [핑퐁]
설정 회수층 Y = Layer 2 (Y: 82)
[2026-06-08 11:38:42] [순환] [핑퐁]
실행 사냥층 Y = 74
[2026-06-08 11:38:42] [순환] [핑퐁]
오버레이 사냥층 Y = 74
[2026-06-08 11:38:42] [핑퐁] 메인 루프 진입
[2026-06-08 11:38:42] [핑퐁] is_running=True
[2026-06-08 11:38:42] [핑퐁] attack_enabled=True
[2026-06-08 11:38:42] [핑퐁] hunt_enabled=True
[2026-06-08 11:38:42] [핑퐁] is_collecting=False
[2026-06-08 11:38:42] [핑퐁] 현재 목표 = 우측 경계(54)
[2026-06-08 11:38:42] [핑퐁] 제자리 고정 사냥 중 - 공격 키 누름 유지 (아이템 회수 시에만 이동)
[2026-06-08 11:38:43] [핑퐁] 제자리 고정 사냥 중 - 공격 키 누름 유지 (아이템 회수 시에만 이동)
[2026-06-08 11:38:44] [핑퐁] 제자리 고정 사냥 중 - 공격 키 누름 유지 (아이템 회수 시에만 이동)
[2026-06-08 11:38:46] [핑퐁] 제자리 고정 사냥 중 - 공격 키 누름 유지 (아이템 회수 시에만 이동)
[2026-06-08 11:38:47] [핑퐁] 제자리 고정 사냥 중 - 공격 키 누름 유지 (아이템 회수 시에만 이동)
[2026-06-08 11:38:48] [핑퐁] 제자리 고정 사냥 중 - 공격 키 누름 유지 (아이템 회수 시에만 이동)
[2026-06-08 11:38:50] [핑퐁] 제자리 고정 사냥 중 - 공격 키 누름 유지 (아이템 회수 시에만 이동)
[2026-06-08 11:38:51] [핑퐁] 제자리 고정 사냥 중 - 공격 키 누름 유지 (아이템 회수 시에만 이동)
[2026-06-08 11:38:52] [핑퐁] 제자리 고정 사냥 중 - 공격 키 누름 유지 (아이템 회수 시에만 이동)
[2026-06-08 11:38:53] [핑퐁] 제자리 고정 사냥 중 - 공격 키 누름 유지 (아이템 회수 시에만 이동)
[2026-06-08 11:38:54] [핑퐁] 제자리 고정 사냥 중 - 공격 키 누름 유지 (아이템 회수 시에만 이동)
[2026-06-08 11:38:56] [핑퐁] 제자리 고정 사냥 중 - 공격 키 누름 유지 (아이템 회수 시에만 이동)
[2026-06-08 11:38:57] [핑퐁] 제자리 고정 사냥 중 - 공격 키 누름 유지 (아이템 회수 시에만 이동)
[2026-06-08 11:38:58] [핑퐁] 제자리 고정 사냥 중 - 공격 키 누름 유지 (아이템 회수 시에만 이동)
[2026-06-08 11:39:00] [핑퐁] 제자리 고정 사냥 중 - 공격 키 누름 유지 (아이템 회수 시에만 이동)
[2026-06-08 11:39:01] [핑퐁] 제자리 고정 사냥 중 - 공격 키 누름 유지 (아이템 회수 시에만 이동)
[2026-06-08 11:39:02] [핑퐁] 제자리 고정 사냥 중 - 공격 키 누름 유지 (아이템 회수 시에만 이동)
[2026-06-08 11:39:03] [핑퐁] 제자리 고정 사냥 중 - 공격 키 누름 유지 (아이템 회수 시에만 이동)
[2026-06-08 11:39:04] [핑퐁] 제자리 고정 사냥 중 - 공격 키 누름 유지 (아이템 회수 시에만 이동)
[2026-06-08 11:39:05] [시스템] [전역 긴급 정지] 사냥 시스템을 즉시 중지하고 모든 입력을 해제했습니다.
[2026-06-08 11:39:12] [시스템] 설정 영구 저장 완료 -> 프로필: 기본설정
[2026-06-08 11:39:18] [시스템] 사냥 시작 버튼 클릭
[2026-06-08 11:39:18] [시스템] 사냥 시작 검증 통과
[2026-06-08 11:39:18] [시스템] 사냥 루프 생성
[2026-06-08 11:39:18] [시스템] 사냥 시스템을 가동합니다.
[2026-06-08 11:39:18] [순환] [핑퐁회수 기동 스캔] 감지된 발판 레이어 Y 목록: [58]
[2026-06-08 11:39:18] [순환] [핑퐁]
사냥 시작
설정된 사냥층 Y = 74
[2026-06-08 11:39:18] [순환] [핑퐁]
설정 사냥층 Y = Layer 2 (Y: 74)
[2026-06-08 11:39:18] [순환] [핑퐁]
설정 회수층 Y = Layer 2 (Y: 82)
[2026-06-08 11:39:18] [순환] [핑퐁]
실행 사냥층 Y = 74
[2026-06-08 11:39:18] [순환] [핑퐁]
오버레이 사냥층 Y = 74
[2026-06-08 11:39:18] [핑퐁] 메인 루프 진입
[2026-06-08 11:39:18] [핑퐁] is_running=True
[2026-06-08 11:39:18] [핑퐁] attack_enabled=True
[2026-06-08 11:39:18] [핑퐁] hunt_enabled=True
[2026-06-08 11:39:18] [핑퐁] is_collecting=False
[2026-06-08 11:39:18] [핑퐁] 현재 목표 = 우측 경계(54)
[2026-06-08 11:39:19] [핑퐁] 제자리 고정 사냥 중 - 공격 키 누름 유지 (아이템 회수 시에만 이동)
[2026-06-08 11:39:20] [핑퐁] 제자리 고정 사냥 예외 - 사냥층 이탈 또는 회수층 진입 감지(현재 Y: 83, 사냥층 Y: 74, 회수층 Y: 82) 공격 일시 중지
[2026-06-08 11:39:21] [핑퐁] 사냥층 이탈 감지
[2026-06-08 11:39:21] [핑퐁] 자동 복귀 시작
[2026-06-08 11:39:21] [이동] [핑퐁] 텔포포인트 이동
[2026-06-08 11:39:21] [이동] [핑퐁] 현재 위치 : X=96 Y=83
[2026-06-08 11:39:21] [이동] LEFT KEY DOWN
[2026-06-08 11:39:21] [이동] [핑퐁] 현재 위치 : X=97 Y=83
[2026-06-08 11:39:21] [이동] [핑퐁] 현재 위치 : X=97 Y=83
[2026-06-08 11:39:21] [이동] [핑퐁] 현재 위치 : X=97 Y=83
[2026-06-08 11:39:21] [이동] [핑퐁] 현재 위치 : X=95 Y=83
[2026-06-08 11:39:21] [이동] [핑퐁] 현재 위치 : X=94 Y=83
[2026-06-08 11:39:21] [이동] [핑퐁] 현재 위치 : X=94 Y=83
[2026-06-08 11:39:21] [이동] [핑퐁] 현재 위치 : X=93 Y=83
[2026-06-08 11:39:21] [이동] [핑퐁] 현재 위치 : X=93 Y=83
[2026-06-08 11:39:21] [이동] [핑퐁] 현재 위치 : X=93 Y=83
[2026-06-08 11:39:21] [이동] [핑퐁] 현재 위치 : X=93 Y=83
[2026-06-08 11:39:21] [이동] [핑퐁] 현재 위치 : X=91 Y=83
[2026-06-08 11:39:22] [이동] [핑퐁] 현재 위치 : X=91 Y=83
[2026-06-08 11:39:22] [이동] [핑퐁] 현재 위치 : X=90 Y=83
[2026-06-08 11:39:22] [이동] [핑퐁] 현재 위치 : X=90 Y=83
[2026-06-08 11:39:22] [이동] [핑퐁] 현재 위치 : X=88 Y=83
[2026-06-08 11:39:22] [이동] [핑퐁] 현재 위치 : X=87 Y=83
[2026-06-08 11:39:22] [이동] [핑퐁] 현재 위치 : X=87 Y=83
[2026-06-08 11:39:22] [이동] [핑퐁] 현재 위치 : X=87 Y=83
[2026-06-08 11:39:22] [이동] [핑퐁] 현재 위치 : X=87 Y=83
[2026-06-08 11:39:22] [이동] [핑퐁] 현재 위치 : X=85 Y=83
[2026-06-08 11:39:22] [이동] [핑퐁] 현재 위치 : X=85 Y=83
[2026-06-08 11:39:22] [이동] [핑퐁] 현재 위치 : X=84 Y=82
[2026-06-08 11:39:22] [이동] [핑퐁] 현재 위치 : X=84 Y=82
[2026-06-08 11:39:22] [이동] [핑퐁] 현재 위치 : X=83 Y=82
[2026-06-08 11:39:22] [이동] [핑퐁] 현재 위치 : X=83 Y=82
[2026-06-08 11:39:22] [이동] [핑퐁] 현재 위치 : X=82 Y=83
[2026-06-08 11:39:22] [이동] [핑퐁] 현재 위치 : X=82 Y=83
[2026-06-08 11:39:22] [이동] [핑퐁] 현재 위치 : X=82 Y=83
[2026-06-08 11:39:22] [이동] [핑퐁] 현재 위치 : X=82 Y=83
[2026-06-08 11:39:23] [이동] [핑퐁] 현재 위치 : X=81 Y=82
[2026-06-08 11:39:23] [이동] [핑퐁] 현재 위치 : X=78 Y=81
[2026-06-08 11:39:23] [이동] LEFT KEY UP
[2026-06-08 11:39:23] [이동] [핑퐁] 복귀 시퀀스 실행
[2026-06-08 11:39:23] [이동] [핑퐁] 복귀 시퀀스 실행: end+TELE_UP (1/2)
[2026-06-08 11:39:23] [이동] [시퀀스 연계] 연달아 동시 입력 실행: ['end', 'TELE_UP']
[2026-06-08 11:39:23] [이동] [시퀀스] 공격 키 입력 실행 (end)
[2026-06-08 11:39:24] [이동] [핑퐁] 복귀 시퀀스 실행: end (2/2)
[2026-06-08 11:39:24] [이동] [시퀀스] 공격 키 입력 실행 (end)
[2026-06-08 11:39:25] [이동] [핑퐁] 사냥층 복귀 확인
[2026-06-08 11:39:26] [이동] [핑퐁] 텔포포인트 이동
[2026-06-08 11:39:26] [이동] [핑퐁] 현재 위치 : X=84 Y=83
[2026-06-08 11:39:26] [이동] LEFT KEY DOWN
[2026-06-08 11:39:26] [이동] [핑퐁] 현재 위치 : X=83 Y=82
[2026-06-08 11:39:26] [이동] [핑퐁] 현재 위치 : X=83 Y=82
[2026-06-08 11:39:26] [이동] [핑퐁] 현재 위치 : X=82 Y=82
[2026-06-08 11:39:26] [이동] [핑퐁] 현재 위치 : X=82 Y=82
[2026-06-08 11:39:26] [이동] [핑퐁] 현재 위치 : X=82 Y=83
[2026-06-08 11:39:26] [이동] [핑퐁] 현재 위치 : X=82 Y=83
[2026-06-08 11:39:26] [이동] [핑퐁] 현재 위치 : X=80 Y=82
[2026-06-08 11:39:26] [이동] LEFT KEY UP
[2026-06-08 11:39:26] [이동] [핑퐁] 복귀 시퀀스 실행
[2026-06-08 11:39:26] [이동] [핑퐁] 복귀 시퀀스 실행: end+TELE_UP (1/2)
[2026-06-08 11:39:26] [이동] [시퀀스 연계] 연달아 동시 입력 실행: ['end', 'TELE_UP']
[2026-06-08 11:39:26] [이동] [시퀀스] 공격 키 입력 실행 (end)
[2026-06-08 11:39:27] [이동] [핑퐁] 복귀 시퀀스 실행: end (2/2)
[2026-06-08 11:39:28] [이동] [시퀀스] 공격 키 입력 실행 (end)
[2026-06-08 11:39:29] [이동] [핑퐁] 사냥층 복귀 확인
[2026-06-08 11:39:29] [순환] [핑퐁] 핑퐁사냥 재개
[2026-06-08 11:39:29] [핑퐁] 제자리 고정 사냥 중 - 공격 키 누름 유지 (아이템 회수 시에만 이동)
[2026-06-08 11:39:30] [핑퐁] 제자리 고정 사냥 중 - 공격 키 누름 유지 (아이템 회수 시에만 이동)
[2026-06-08 11:39:31] [핑퐁] 제자리 고정 사냥 중 - 공격 키 누름 유지 (아이템 회수 시에만 이동)
[2026-06-08 11:39:33] [핑퐁] 제자리 고정 사냥 중 - 공격 키 누름 유지 (아이템 회수 시에만 이동)
[2026-06-08 11:39:34] [핑퐁] 제자리 고정 사냥 중 - 공격 키 누름 유지 (아이템 회수 시에만 이동)
[2026-06-08 11:39:35] [핑퐁] 제자리 고정 사냥 중 - 공격 키 누름 유지 (아이템 회수 시에만 이동)
[2026-06-08 11:39:36] [핑퐁] 제자리 고정 사냥 중 - 공격 키 누름 유지 (아이템 회수 시에만 이동)
[2026-06-08 11:39:37] [핑퐁] 제자리 고정 사냥 중 - 공격 키 누름 유지 (아이템 회수 시에만 이동)
[2026-06-08 11:39:38] [핑퐁] 제자리 고정 사냥 중 - 공격 키 누름 유지 (아이템 회수 시에만 이동)
[2026-06-08 11:39:40] [핑퐁] 제자리 고정 사냥 중 - 공격 키 누름 유지 (아이템 회수 시에만 이동)
[2026-06-08 11:39:41] [핑퐁] 제자리 고정 사냥 중 - 공격 키 누름 유지 (아이템 회수 시에만 이동)
[2026-06-08 11:39:42] [핑퐁] 제자리 고정 사냥 중 - 공격 키 누름 유지 (아이템 회수 시에만 이동)
[2026-06-08 11:39:43] [핑퐁] 제자리 고정 사냥 중 - 공격 키 누름 유지 (아이템 회수 시에만 이동)
[2026-06-08 11:39:44] [핑퐁] 제자리 고정 사냥 중 - 공격 키 누름 유지 (아이템 회수 시에만 이동)
[2026-06-08 11:39:46] [핑퐁] 제자리 고정 사냥 중 - 공격 키 누름 유지 (아이템 회수 시에만 이동)
[2026-06-08 11:39:47] [핑퐁] 제자리 고정 사냥 중 - 공격 키 누름 유지 (아이템 회수 시에만 이동)
[2026-06-08 11:39:48] [핑퐁] 제자리 고정 사냥 중 - 공격 키 누름 유지 (아이템 회수 시에만 이동)
[2026-06-08 11:39:49] [이동] [핑퐁회수] 회수 주기 도달 -> 회수층(Y: 82) 이동 시작
[2026-06-08 11:39:49] [이동] [핑퐁회수] 회수층 이동 시퀀스 실행: ['TELE_LEFT', 'TELE_UP', 'TELE_DOWN']
[2026-06-08 11:39:49] [이동] [핑퐁회수]
회수 시퀀스 실행
TELE_LEFT (1/3)
[2026-06-08 11:39:49] [이동] LEFT KEY DOWN
[2026-06-08 11:39:49] [이동] LEFT KEY UP
[2026-06-08 11:39:50] [이동] [핑퐁회수]
회수 시퀀스 실행
TELE_UP (2/3)
[2026-06-08 11:39:52] [이동] [핑퐁회수]
회수 시퀀스 실행
TELE_DOWN (3/3)
[2026-06-08 11:39:53] [이동] [핑퐁회수] 회수층 도착 (시퀀스 완료) -> 3초간 아이템 회수 시작
[2026-06-08 11:39:53] [이동] LEFT KEY DOWN
[2026-06-08 11:39:56] [이동] LEFT KEY UP
[2026-06-08 11:39:56] [이동] [핑퐁회수]
텔포포인트 설정 확인
X=79 Y=83
[2026-06-08 11:39:56] [이동] [핑퐁회수]
텔포포인트 이동 시작
[2026-06-08 11:39:56] [이동] [핑퐁회수]
현재 위치 : X=73 Y=83
[2026-06-08 11:39:56] [이동] RIGHT KEY DOWN
[2026-06-08 11:39:57] [이동] [핑퐁회수]
현재 위치 : X=73 Y=82
[2026-06-08 11:39:57] [이동] [핑퐁회수]
현재 위치 : X=73 Y=83
[2026-06-08 11:39:57] [이동] [핑퐁회수]
현재 위치 : X=73 Y=83
[2026-06-08 11:39:57] [이동] [핑퐁회수]
현재 위치 : X=74 Y=83
[2026-06-08 11:39:57] [이동] [핑퐁회수]
현재 위치 : X=74 Y=83
[2026-06-08 11:39:57] [이동] [핑퐁회수]
현재 위치 : X=75 Y=83
[2026-06-08 11:39:57] [이동] [핑퐁회수]
현재 위치 : X=75 Y=83
[2026-06-08 11:39:57] [이동] [핑퐁회수]
현재 위치 : X=77 Y=83
[2026-06-08 11:39:57] [이동] [핑퐁회수]
현재 위치 : X=78 Y=83
[2026-06-08 11:39:57] [이동] RIGHT KEY UP
[2026-06-08 11:39:57] [이동] [핑퐁회수]
텔포포인트 도착 완료
[2026-06-08 11:39:57] [이동] [핑퐁회수] 동작 재생 시퀀스 실행: ['end+TELE_UP', 'end']
[2026-06-08 11:39:57] [이동] [핑퐁회수]
복귀 시퀀스 실행
end+TELE_UP (1/2)
[2026-06-08 11:39:57] [이동] [시퀀스 연계] 연달아 동시 입력 실행: ['end', 'TELE_UP']
[2026-06-08 11:39:57] [이동] [시퀀스] 공격 키 입력 실행 (end)
[2026-06-08 11:39:58] [이동] [핑퐁회수]
복귀 시퀀스 실행
end (2/2)
[2026-06-08 11:39:58] [이동] [시퀀스] 공격 키 입력 실행 (end)
[2026-06-08 11:39:59] [순환] [핑퐁회수 경고] 사냥층 복귀 실패 (현재 Y: 83, 사냥층 Y: 74) -> 회수층으로 재이동 후 시퀀스 재시도
[2026-06-08 11:40:00] [이동] [핑퐁회수] 회수층 이동 시퀀스 실행: ['TELE_LEFT', 'TELE_UP', 'TELE_DOWN']
[2026-06-08 11:40:00] [이동] [핑퐁회수]
회수 시퀀스 실행
TELE_LEFT (1/3)
[2026-06-08 11:40:00] [이동] LEFT KEY DOWN
[2026-06-08 11:40:00] [이동] LEFT KEY UP
[2026-06-08 11:40:02] [이동] [핑퐁회수]
회수 시퀀스 실행
TELE_UP (2/3)
[2026-06-08 11:40:03] [이동] [핑퐁회수]
회수 시퀀스 실행
TELE_DOWN (3/3)
[2026-06-08 11:40:05] [이동] [핑퐁회수] 회수층 도착 (시퀀스 완료) -> 3초간 아이템 회수 시작
[2026-06-08 11:40:05] [이동] LEFT KEY DOWN
[2026-06-08 11:40:08] [이동] LEFT KEY UP
[2026-06-08 11:40:08] [이동] [핑퐁회수]
텔포포인트 설정 확인
X=79 Y=83
[2026-06-08 11:40:08] [이동] [핑퐁회수]
텔포포인트 이동 시작
[2026-06-08 11:40:08] [이동] [핑퐁회수]
현재 위치 : X=47 Y=83
[2026-06-08 11:40:08] [이동] RIGHT KEY DOWN
[2026-06-08 11:40:08] [이동] [핑퐁회수]
현재 위치 : X=61 Y=83
[2026-06-08 11:40:08] [이동] [핑퐁회수]
현재 위치 : X=62 Y=83
[2026-06-08 11:40:08] [이동] [핑퐁회수]
현재 위치 : X=62 Y=83
[2026-06-08 11:40:08] [이동] [핑퐁회수]
현재 위치 : X=62 Y=83
[2026-06-08 11:40:09] [이동] [핑퐁회수]
현재 위치 : X=62 Y=83
[2026-06-08 11:40:09] [이동] [핑퐁회수]
현재 위치 : X=62 Y=81
[2026-06-08 11:40:09] [이동] [핑퐁회수]
현재 위치 : X=62 Y=81
[2026-06-08 11:40:09] [이동] [핑퐁회수]
현재 위치 : X=61 Y=82
[2026-06-08 11:40:09] [이동] [핑퐁회수]
현재 위치 : X=61 Y=82
[2026-06-08 11:40:09] [이동] [핑퐁회수]
현재 위치 : X=60 Y=83
[2026-06-08 11:40:09] [이동] [핑퐁회수]
현재 위치 : X=60 Y=83
[2026-06-08 11:40:09] [이동] [핑퐁회수]
현재 위치 : X=61 Y=83
[2026-06-08 11:40:09] [이동] [핑퐁회수]
현재 위치 : X=62 Y=83
[2026-06-08 11:40:09] [이동] [핑퐁회수]
현재 위치 : X=62 Y=83
[2026-06-08 11:40:09] [이동] [핑퐁회수]
현재 위치 : X=63 Y=82
[2026-06-08 11:40:09] [이동] [핑퐁회수]
현재 위치 : X=63 Y=82
[2026-06-08 11:40:09] [이동] [핑퐁회수]
현재 위치 : X=64 Y=82
[2026-06-08 11:40:09] [이동] [핑퐁회수]
현재 위치 : X=64 Y=82
[2026-06-08 11:40:09] [이동] [핑퐁회수]
현재 위치 : X=65 Y=82
[2026-06-08 11:40:09] [이동] [핑퐁회수]
현재 위치 : X=65 Y=82
[2026-06-08 11:40:09] [이동] [핑퐁회수]
현재 위치 : X=66 Y=82
[2026-06-08 11:40:09] [이동] [핑퐁회수]
현재 위치 : X=66 Y=82
[2026-06-08 11:40:10] [이동] [핑퐁회수]
현재 위치 : X=67 Y=82
[2026-06-08 11:40:10] [이동] RIGHT KEY UP
[2026-06-08 11:40:10] [시스템] [전역 긴급 정지] 사냥 시스템을 즉시 중지하고 모든 입력을 해제했습니다.
[2026-06-08 11:40:44] [시스템] [판매 실패] 인벤토리 시작 좌표(X, Y)가 설정되지 않았습니다.
