[2026-06-08 12:16:44] [시스템] 좌측 경계 임계값 변경 -> 40
[2026-06-08 12:16:44] [시스템] 우측 경계 임계값 변경 -> 54
[2026-06-08 12:16:44] [시스템] 공격 주기 변경 -> 50ms
[2026-06-08 12:16:44] [시스템] 텔레포트 주기 변경 -> 1000ms
[2026-06-08 12:16:44] [시스템] 설정 복원 완료 -> 프로필: 기본설정
[2026-06-08 12:16:46] [시스템] [업데이트] 최신 버전 확인 중: https://raw.githubusercontent.com/ydh24/world-project/main/update.json
[2026-06-08 12:16:47] [시스템] [업데이트 검사 에러] HTTP Error 404: Not Found
[2026-06-08 12:17:09] [시스템] 인벤토리 수동 판매 시퀀스 시작 (A방식 고도화)
[2026-06-08 12:17:09] [시스템] 1. 상점 열기 시도 (좌표1 더블클릭)
[2026-06-08 12:17:11] [시스템] 상점 판매 시퀀스 완료 - 사냥 모드 복귀
[2026-06-08 12:17:12] [시스템] 인벤토리 수동 판매 시퀀스 시작 (A방식 고도화)
[2026-06-08 12:17:13] [시스템] 1. 상점 열기 시도 (좌표1 더블클릭)
[2026-06-08 12:17:14] [시스템] 상점 판매 시퀀스 완료 - 사냥 모드 복귀
[2026-06-08 12:17:21] [시스템] 인벤토리 수동 판매 시퀀스 시작 (A방식 고도화)
[2026-06-08 12:17:21] [시스템] 1. 상점 열기 시도 (좌표1 더블클릭)
[2026-06-08 12:17:23] [시스템] 상점 판매 시퀀스 완료 - 사냥 모드 복귀
[2026-06-08 12:17:25] [시스템] 인벤토리 수동 판매 시퀀스 시작 (A방식 고도화)
[2026-06-08 12:17:25] [시스템] 1. 상점 열기 시도 (좌표1 더블클릭)
[2026-06-08 12:17:26] [시스템] 상점 판매 시퀀스 완료 - 사냥 모드 복귀
[2026-06-08 12:17:29] [시스템] 설정 영구 저장 완료 -> 프로필: 기본설정
[2026-06-08 12:17:30] [시스템] 인벤토리 수동 판매 시퀀스 시작 (A방식 고도화)
[2026-06-08 12:17:30] [시스템] 1. 상점 열기 시도 (좌표1 더블클릭)
[2026-06-08 12:17:32] [시스템] 상점 판매 시퀀스 완료 - 사냥 모드 복귀
[2026-06-08 12:17:43] [시스템] [업데이트] 최신 버전 확인 중: https://raw.githubusercontent.com/ydh24/world-project/main/update.json
[2026-06-08 12:17:43] [시스템] [업데이트 검사 에러] HTTP Error 404: Not Found
[2026-06-08 12:17:45] [시스템] [업데이트] 최신 버전 확인 중: https://raw.githubusercontent.com/ydh24/world-project/main/update.json
[2026-06-08 12:17:45] [시스템] [업데이트 검사 에러] HTTP Error 404: Not Found
[2026-06-08 12:18:18] [시스템] 사냥 시작 버튼 클릭
[2026-06-08 12:18:18] [시스템] 사냥 시작 검증 통과
[2026-06-08 12:18:18] [시스템] 사냥 루프 생성
[2026-06-08 12:18:18] [시스템] 사냥 시스템을 가동합니다.
[2026-06-08 12:18:18] [순환] [핑퐁회수 기동 스캔] 감지된 발판 레이어 Y 목록: [58]
[2026-06-08 12:18:18] [순환] [핑퐁]
사냥 시작
설정된 사냥층 Y = 74
[2026-06-08 12:18:18] [순환] [핑퐁]
설정 사냥층 Y = Layer 2 (Y: 74)
[2026-06-08 12:18:18] [순환] [핑퐁]
설정 회수층 Y = Layer 2 (Y: 82)
[2026-06-08 12:18:18] [순환] [핑퐁]
실행 사냥층 Y = 74
[2026-06-08 12:18:18] [순환] [핑퐁]
오버레이 사냥층 Y = 74
[2026-06-08 12:18:18] [시스템] [버프1] 버프 시전 (키: a, 0.5초 홀드)
[2026-06-08 12:18:20] [이동] 하단 낙하 폴백 기동 (DROP, Y차이: 17px, 실패 카운트: 0/4)
[2026-06-08 12:18:20] [이동] 하단 낙하 폴백 기동 (DROP, Y차이: 17px, 실패 카운트: 0/4)
[2026-06-08 12:18:21] [이동] 하단 낙하 폴백 기동 (DROP, Y차이: 10px, 실패 카운트: 0/4)
[2026-06-08 12:18:22] [이동] [핑퐁] 텔포포인트 이동
[2026-06-08 12:18:22] [이동] [핑퐁] 현재 위치 : X=45 Y=81
[2026-06-08 12:18:22] [이동] RIGHT KEY DOWN
[2026-06-08 12:18:22] [이동] [핑퐁] 현재 위치 : X=60 Y=80
[2026-06-08 12:18:22] [이동] [핑퐁] 현재 위치 : X=60 Y=80
[2026-06-08 12:18:22] [이동] [핑퐁] 현재 위치 : X=62 Y=80
[2026-06-08 12:18:22] [이동] [핑퐁] 현재 위치 : X=63 Y=80
[2026-06-08 12:18:22] [이동] [핑퐁] 현재 위치 : X=63 Y=80
[2026-06-08 12:18:22] [이동] [핑퐁] 현재 위치 : X=64 Y=80
[2026-06-08 12:18:22] [이동] [핑퐁] 현재 위치 : X=64 Y=80
[2026-06-08 12:18:22] [이동] [핑퐁] 현재 위치 : X=65 Y=80
[2026-06-08 12:18:22] [이동] [핑퐁] 현재 위치 : X=65 Y=80
[2026-06-08 12:18:23] [이동] [핑퐁] 현재 위치 : X=66 Y=80
[2026-06-08 12:18:23] [이동] [핑퐁] 현재 위치 : X=66 Y=80
[2026-06-08 12:18:23] [이동] [핑퐁] 현재 위치 : X=67 Y=81
[2026-06-08 12:18:23] [이동] [핑퐁] 현재 위치 : X=67 Y=81
[2026-06-08 12:18:23] [이동] [핑퐁] 현재 위치 : X=68 Y=81
[2026-06-08 12:18:23] [이동] [핑퐁] 현재 위치 : X=68 Y=81
[2026-06-08 12:18:23] [이동] [핑퐁] 현재 위치 : X=70 Y=80
[2026-06-08 12:18:23] [이동] [핑퐁] 현재 위치 : X=70 Y=80
[2026-06-08 12:18:23] [이동] [핑퐁] 현재 위치 : X=71 Y=81
[2026-06-08 12:18:23] [이동] [핑퐁] 현재 위치 : X=72 Y=81
[2026-06-08 12:18:23] [이동] [핑퐁] 현재 위치 : X=72 Y=81
[2026-06-08 12:18:23] [이동] [핑퐁] 현재 위치 : X=73 Y=81
[2026-06-08 12:18:23] [이동] [핑퐁] 현재 위치 : X=73 Y=81
[2026-06-08 12:18:23] [이동] [핑퐁] 현재 위치 : X=74 Y=81
[2026-06-08 12:18:23] [이동] [핑퐁] 현재 위치 : X=74 Y=81
[2026-06-08 12:18:23] [이동] [핑퐁] 현재 위치 : X=75 Y=81
[2026-06-08 12:18:23] [이동] [핑퐁] 현재 위치 : X=75 Y=81
[2026-06-08 12:18:23] [이동] [핑퐁] 현재 위치 : X=76 Y=81
[2026-06-08 12:18:24] [이동] [핑퐁] 현재 위치 : X=76 Y=81
[2026-06-08 12:18:24] [이동] [핑퐁] 현재 위치 : X=77 Y=81
[2026-06-08 12:18:24] [이동] [핑퐁] 현재 위치 : X=78 Y=81
[2026-06-08 12:18:24] [이동] RIGHT KEY UP
[2026-06-08 12:18:24] [이동] [핑퐁] 복귀 시퀀스 실행
[2026-06-08 12:18:24] [이동] [핑퐁] 복귀 시퀀스 실행: end+TELE_UP (1/2)
[2026-06-08 12:18:24] [이동] [시퀀스 연계] 연달아 동시 입력 실행: ['end', 'TELE_UP']
[2026-06-08 12:18:24] [이동] [시퀀스] 공격 키 입력 실행 (end)
[2026-06-08 12:18:24] [이동] [핑퐁] 복귀 시퀀스 실행: end (2/2)
[2026-06-08 12:18:24] [이동] [시퀀스] 공격 키 입력 실행 (end)
[2026-06-08 12:18:25] [이동] [핑퐁] 사냥층 복귀 확인
[2026-06-08 12:18:26] [이동] [핑퐁] 텔포포인트 이동
[2026-06-08 12:18:26] [이동] [핑퐁] 현재 위치 : X=79 Y=80
[2026-06-08 12:18:26] [이동] [핑퐁] 복귀 시퀀스 실행
[2026-06-08 12:18:26] [이동] [핑퐁] 복귀 시퀀스 실행: end+TELE_UP (1/2)
[2026-06-08 12:18:26] [이동] [시퀀스 연계] 연달아 동시 입력 실행: ['end', 'TELE_UP']
[2026-06-08 12:18:26] [이동] [시퀀스] 공격 키 입력 실행 (end)
[2026-06-08 12:18:26] [이동] [핑퐁] 복귀 시퀀스 실행: end (2/2)
[2026-06-08 12:18:26] [이동] [시퀀스] 공격 키 입력 실행 (end)
[2026-06-08 12:18:27] [이동] [핑퐁] 사냥층 복귀 확인
[2026-06-08 12:18:28] [이동] [핑퐁] 텔포포인트 이동
[2026-06-08 12:18:28] [이동] [핑퐁] 현재 위치 : X=79 Y=80
[2026-06-08 12:18:28] [이동] [핑퐁] 복귀 시퀀스 실행
[2026-06-08 12:18:28] [이동] [핑퐁] 복귀 시퀀스 실행: end+TELE_UP (1/2)
[2026-06-08 12:18:28] [이동] [시퀀스 연계] 연달아 동시 입력 실행: ['end', 'TELE_UP']
[2026-06-08 12:18:28] [이동] [시퀀스] 공격 키 입력 실행 (end)
[2026-06-08 12:18:28] [이동] [핑퐁] 복귀 시퀀스 실행: end (2/2)
[2026-06-08 12:18:28] [이동] [시퀀스] 공격 키 입력 실행 (end)
[2026-06-08 12:18:29] [이동] [핑퐁] 사냥층 복귀 확인
[2026-06-08 12:18:30] [이동] [핑퐁] 텔포포인트 이동
[2026-06-08 12:18:30] [이동] [핑퐁] 현재 위치 : X=86 Y=80
[2026-06-08 12:18:30] [이동] LEFT KEY DOWN
[2026-06-08 12:18:30] [이동] [핑퐁] 현재 위치 : X=86 Y=80
[2026-06-08 12:18:30] [이동] [핑퐁] 현재 위치 : X=86 Y=80
[2026-06-08 12:18:30] [이동] [핑퐁] 현재 위치 : X=85 Y=81
[2026-06-08 12:18:30] [이동] [핑퐁] 현재 위치 : X=85 Y=81
[2026-06-08 12:18:30] [이동] [핑퐁] 현재 위치 : X=84 Y=81
[2026-06-08 12:18:30] [이동] [핑퐁] 현재 위치 : X=84 Y=81
[2026-06-08 12:18:30] [이동] [핑퐁] 현재 위치 : X=83 Y=81
[2026-06-08 12:18:30] [이동] [핑퐁] 현재 위치 : X=83 Y=81
[2026-06-08 12:18:30] [이동] [핑퐁] 현재 위치 : X=82 Y=80
[2026-06-08 12:18:30] [이동] [핑퐁] 현재 위치 : X=82 Y=80
[2026-06-08 12:18:30] [이동] [핑퐁] 현재 위치 : X=81 Y=80
[2026-06-08 12:18:31] [이동] [핑퐁] 현재 위치 : X=80 Y=80
[2026-06-08 12:18:31] [이동] LEFT KEY UP
[2026-06-08 12:18:31] [이동] [핑퐁] 복귀 시퀀스 실행
[2026-06-08 12:18:31] [이동] [핑퐁] 복귀 시퀀스 실행: end+TELE_UP (1/2)
[2026-06-08 12:18:31] [이동] [시퀀스 연계] 연달아 동시 입력 실행: ['end', 'TELE_UP']
[2026-06-08 12:18:31] [이동] [시퀀스] 공격 키 입력 실행 (end)
[2026-06-08 12:18:31] [이동] [핑퐁] 복귀 시퀀스 실행: end (2/2)
[2026-06-08 12:18:31] [이동] [시퀀스] 공격 키 입력 실행 (end)
[2026-06-08 12:18:32] [이동] [핑퐁] 사냥층 복귀 확인
[2026-06-08 12:18:33] [이동] [핑퐁] 텔포포인트 이동
[2026-06-08 12:18:33] [이동] [핑퐁] 현재 위치 : X=83 Y=80
[2026-06-08 12:18:33] [이동] LEFT KEY DOWN
[2026-06-08 12:18:33] [이동] [핑퐁] 현재 위치 : X=83 Y=80
[2026-06-08 12:18:33] [이동] [핑퐁] 현재 위치 : X=83 Y=80
[2026-06-08 12:18:33] [이동] [핑퐁] 현재 위치 : X=82 Y=80
[2026-06-08 12:18:33] [이동] [핑퐁] 현재 위치 : X=82 Y=80
[2026-06-08 12:18:33] [이동] [핑퐁] 현재 위치 : X=81 Y=80
[2026-06-08 12:18:33] [이동] [핑퐁] 현재 위치 : X=81 Y=80
[2026-06-08 12:18:33] [이동] [핑퐁] 현재 위치 : X=81 Y=79
[2026-06-08 12:18:33] [이동] [핑퐁] 현재 위치 : X=82 Y=79
[2026-06-08 12:18:33] [이동] [핑퐁] 현재 위치 : X=82 Y=79
[2026-06-08 12:18:33] [이동] [핑퐁] 현재 위치 : X=83 Y=80
[2026-06-08 12:18:33] [이동] [핑퐁] 현재 위치 : X=83 Y=80
[2026-06-08 12:18:33] [이동] [핑퐁] 현재 위치 : X=83 Y=80
[2026-06-08 12:18:33] [이동] [핑퐁] 현재 위치 : X=83 Y=80
[2026-06-08 12:18:33] [이동] [핑퐁] 현재 위치 : X=82 Y=80
[2026-06-08 12:18:33] [이동] [핑퐁] 현재 위치 : X=82 Y=80
[2026-06-08 12:18:33] [이동] [핑퐁] 현재 위치 : X=81 Y=80
[2026-06-08 12:18:34] [이동] [핑퐁] 현재 위치 : X=81 Y=80
[2026-06-08 12:18:34] [이동] [핑퐁] 현재 위치 : X=80 Y=80
[2026-06-08 12:18:34] [이동] LEFT KEY UP
[2026-06-08 12:18:34] [이동] [핑퐁] 복귀 시퀀스 실행
[2026-06-08 12:18:34] [이동] [핑퐁] 복귀 시퀀스 실행: end+TELE_UP (1/2)
[2026-06-08 12:18:34] [이동] [시퀀스 연계] 연달아 동시 입력 실행: ['end', 'TELE_UP']
[2026-06-08 12:18:34] [이동] [시퀀스] 공격 키 입력 실행 (end)
[2026-06-08 12:18:34] [이동] [핑퐁] 복귀 시퀀스 실행: end (2/2)
[2026-06-08 12:18:34] [이동] [시퀀스] 공격 키 입력 실행 (end)
[2026-06-08 12:18:35] [이동] [핑퐁] 사냥층 복귀 확인
[2026-06-08 12:18:36] [이동] [핑퐁] 텔포포인트 이동
[2026-06-08 12:18:36] [이동] [핑퐁] 현재 위치 : X=85 Y=81
[2026-06-08 12:18:36] [이동] LEFT KEY DOWN
[2026-06-08 12:18:36] [이동] [핑퐁] 현재 위치 : X=85 Y=81
[2026-06-08 12:18:36] [이동] [핑퐁] 현재 위치 : X=85 Y=81
[2026-06-08 12:18:36] [이동] [핑퐁] 현재 위치 : X=85 Y=81
[2026-06-08 12:18:36] [이동] [핑퐁] 현재 위치 : X=84 Y=81
[2026-06-08 12:18:36] [이동] [핑퐁] 현재 위치 : X=84 Y=81
[2026-06-08 12:18:36] [이동] LEFT KEY UP
[2026-06-08 12:18:36] [시스템] [전역 긴급 정지] 사냥 시스템을 즉시 중지하고 모든 입력을 해제했습니다.
[2026-06-08 12:18:36] [이동] [핑퐁] 현재 위치 : X=83 Y=80
[2026-06-08 12:18:36] [이동] LEFT KEY DOWN
[2026-06-08 12:18:36] [이동] LEFT KEY UP
[2026-06-08 12:18:42] [시스템] 사냥 시작 버튼 클릭
[2026-06-08 12:18:42] [시스템] 사냥 시작 검증 통과
[2026-06-08 12:18:42] [시스템] 사냥 루프 생성
[2026-06-08 12:18:42] [시스템] 사냥 시스템을 가동합니다.
[2026-06-08 12:18:42] [순환] [핑퐁회수 기동 스캔] 감지된 발판 레이어 Y 목록: [58]
[2026-06-08 12:18:42] [순환] [핑퐁]
사냥 시작
설정된 사냥층 Y = 74
[2026-06-08 12:18:42] [순환] [핑퐁]
설정 사냥층 Y = Layer 2 (Y: 74)
[2026-06-08 12:18:42] [순환] [핑퐁]
설정 회수층 Y = Layer 2 (Y: 82)
[2026-06-08 12:18:42] [순환] [핑퐁]
실행 사냥층 Y = 74
[2026-06-08 12:18:42] [순환] [핑퐁]
오버레이 사냥층 Y = 74
[2026-06-08 12:18:42] [시스템] [버프1] 버프 시전 (키: a, 1.0초 홀드)
[2026-06-08 12:18:43] [이동] 하단 낙하 폴백 기동 (DROP, Y차이: 16px, 실패 카운트: 0/4)
[2026-06-08 12:18:44] [이동] [핑퐁] 텔포포인트 이동
[2026-06-08 12:18:44] [이동] [핑퐁] 현재 위치 : X=92 Y=80
[2026-06-08 12:18:44] [이동] LEFT KEY DOWN
[2026-06-08 12:18:44] [이동] [핑퐁] 현재 위치 : X=92 Y=80
[2026-06-08 12:18:44] [이동] [핑퐁] 현재 위치 : X=92 Y=80
[2026-06-08 12:18:44] [이동] [핑퐁] 현재 위치 : X=92 Y=80
[2026-06-08 12:18:44] [이동] [핑퐁] 현재 위치 : X=91 Y=80
[2026-06-08 12:18:44] [이동] [핑퐁] 현재 위치 : X=90 Y=80
[2026-06-08 12:18:44] [이동] [핑퐁] 현재 위치 : X=90 Y=80
[2026-06-08 12:18:44] [이동] [핑퐁] 현재 위치 : X=89 Y=80
[2026-06-08 12:18:44] [이동] [핑퐁] 현재 위치 : X=89 Y=80
[2026-06-08 12:18:45] [이동] [핑퐁] 현재 위치 : X=88 Y=80
[2026-06-08 12:18:45] [이동] [핑퐁] 현재 위치 : X=88 Y=80
[2026-06-08 12:18:45] [이동] [핑퐁] 현재 위치 : X=87 Y=80
[2026-06-08 12:18:45] [이동] [핑퐁] 현재 위치 : X=87 Y=80
[2026-06-08 12:18:45] [이동] [핑퐁] 현재 위치 : X=86 Y=80
[2026-06-08 12:18:45] [이동] [핑퐁] 현재 위치 : X=86 Y=80
[2026-06-08 12:18:45] [이동] [핑퐁] 현재 위치 : X=85 Y=81
[2026-06-08 12:18:45] [이동] [핑퐁] 현재 위치 : X=85 Y=81
[2026-06-08 12:18:45] [이동] [핑퐁] 현재 위치 : X=84 Y=81
[2026-06-08 12:18:45] [이동] [핑퐁] 현재 위치 : X=84 Y=81
[2026-06-08 12:18:45] [이동] [핑퐁] 현재 위치 : X=83 Y=80
[2026-06-08 12:18:45] [이동] [핑퐁] 현재 위치 : X=82 Y=80
[2026-06-08 12:18:45] [이동] [핑퐁] 현재 위치 : X=82 Y=80
[2026-06-08 12:18:45] [이동] [핑퐁] 현재 위치 : X=81 Y=80
[2026-06-08 12:18:45] [이동] [핑퐁] 현재 위치 : X=81 Y=80
[2026-06-08 12:18:45] [이동] [핑퐁] 현재 위치 : X=80 Y=80
[2026-06-08 12:18:45] [이동] LEFT KEY UP
[2026-06-08 12:18:45] [이동] [핑퐁] 복귀 시퀀스 실행
[2026-06-08 12:18:45] [이동] [핑퐁] 복귀 시퀀스 실행: end+TELE_UP (1/2)
[2026-06-08 12:18:45] [이동] [시퀀스 연계] 연달아 동시 입력 실행: ['end', 'TELE_UP']
[2026-06-08 12:18:45] [이동] [시퀀스] 공격 키 입력 실행 (end)
[2026-06-08 12:18:46] [이동] [핑퐁] 복귀 시퀀스 실행: end (2/2)
[2026-06-08 12:18:46] [이동] [시퀀스] 공격 키 입력 실행 (end)
[2026-06-08 12:18:47] [이동] [핑퐁] 사냥층 복귀 확인
[2026-06-08 12:18:47] [이동] [핑퐁] 텔포포인트 이동
[2026-06-08 12:18:47] [이동] [핑퐁] 현재 위치 : X=79 Y=81
[2026-06-08 12:18:47] [이동] [핑퐁] 복귀 시퀀스 실행
[2026-06-08 12:18:47] [이동] [핑퐁] 복귀 시퀀스 실행: end+TELE_UP (1/2)
[2026-06-08 12:18:47] [이동] [시퀀스 연계] 연달아 동시 입력 실행: ['end', 'TELE_UP']
[2026-06-08 12:18:48] [이동] [시퀀스] 공격 키 입력 실행 (end)
[2026-06-08 12:18:48] [이동] [핑퐁] 복귀 시퀀스 실행: end (2/2)
[2026-06-08 12:18:48] [이동] [시퀀스] 공격 키 입력 실행 (end)
[2026-06-08 12:18:49] [이동] [핑퐁] 사냥층 복귀 확인
[2026-06-08 12:18:50] [이동] [핑퐁] 텔포포인트 이동
[2026-06-08 12:18:50] [이동] [핑퐁] 현재 위치 : X=79 Y=81
[2026-06-08 12:18:50] [이동] [핑퐁] 복귀 시퀀스 실행
[2026-06-08 12:18:50] [이동] [핑퐁] 복귀 시퀀스 실행: end+TELE_UP (1/2)
[2026-06-08 12:18:50] [이동] [시퀀스 연계] 연달아 동시 입력 실행: ['end', 'TELE_UP']
[2026-06-08 12:18:50] [이동] [시퀀스] 공격 키 입력 실행 (end)
[2026-06-08 12:18:50] [이동] [핑퐁] 복귀 시퀀스 실행: end (2/2)
[2026-06-08 12:18:50] [이동] [시퀀스] 공격 키 입력 실행 (end)
[2026-06-08 12:18:51] [이동] [핑퐁] 사냥층 복귀 확인
[2026-06-08 12:18:52] [이동] [핑퐁] 텔포포인트 이동
[2026-06-08 12:18:52] [이동] [핑퐁] 현재 위치 : X=79 Y=81
[2026-06-08 12:18:52] [이동] [핑퐁] 복귀 시퀀스 실행
[2026-06-08 12:18:52] [이동] [핑퐁] 복귀 시퀀스 실행: end+TELE_UP (1/2)
[2026-06-08 12:18:52] [이동] [시퀀스 연계] 연달아 동시 입력 실행: ['end', 'TELE_UP']
[2026-06-08 12:18:52] [이동] [시퀀스] 공격 키 입력 실행 (end)
[2026-06-08 12:18:52] [이동] [핑퐁] 복귀 시퀀스 실행: end (2/2)
[2026-06-08 12:18:52] [이동] [시퀀스] 공격 키 입력 실행 (end)
[2026-06-08 12:18:53] [이동] [핑퐁] 사냥층 복귀 확인
[2026-06-08 12:18:54] [이동] [핑퐁] 텔포포인트 이동
[2026-06-08 12:18:54] [이동] [핑퐁] 현재 위치 : X=79 Y=81
[2026-06-08 12:18:54] [이동] [핑퐁] 복귀 시퀀스 실행
[2026-06-08 12:18:54] [이동] [핑퐁] 복귀 시퀀스 실행: end+TELE_UP (1/2)
[2026-06-08 12:18:54] [이동] [시퀀스 연계] 연달아 동시 입력 실행: ['end', 'TELE_UP']
[2026-06-08 12:18:54] [이동] [시퀀스] 공격 키 입력 실행 (end)
[2026-06-08 12:18:54] [이동] [핑퐁] 복귀 시퀀스 실행: end (2/2)
[2026-06-08 12:18:54] [이동] [시퀀스] 공격 키 입력 실행 (end)
[2026-06-08 12:18:55] [이동] [핑퐁] 사냥층 복귀 확인
[2026-06-08 12:18:56] [이동] [핑퐁] 텔포포인트 이동
[2026-06-08 12:18:56] [이동] [핑퐁] 현재 위치 : X=79 Y=81
[2026-06-08 12:18:56] [이동] [핑퐁] 복귀 시퀀스 실행
[2026-06-08 12:18:56] [이동] [핑퐁] 복귀 시퀀스 실행: end+TELE_UP (1/2)
[2026-06-08 12:18:56] [이동] [시퀀스 연계] 연달아 동시 입력 실행: ['end', 'TELE_UP']
[2026-06-08 12:18:56] [이동] [시퀀스] 공격 키 입력 실행 (end)
[2026-06-08 12:18:56] [이동] [핑퐁] 복귀 시퀀스 실행: end (2/2)
[2026-06-08 12:18:56] [이동] [시퀀스] 공격 키 입력 실행 (end)
[2026-06-08 12:18:57] [이동] [핑퐁] 사냥층 복귀 확인
[2026-06-08 12:18:58] [이동] [핑퐁] 텔포포인트 이동
[2026-06-08 12:18:58] [이동] [핑퐁] 현재 위치 : X=79 Y=81
[2026-06-08 12:18:58] [이동] [핑퐁] 복귀 시퀀스 실행
[2026-06-08 12:18:58] [이동] [핑퐁] 복귀 시퀀스 실행: end+TELE_UP (1/2)
[2026-06-08 12:18:58] [이동] [시퀀스 연계] 연달아 동시 입력 실행: ['end', 'TELE_UP']
[2026-06-08 12:18:58] [이동] [시퀀스] 공격 키 입력 실행 (end)
[2026-06-08 12:18:58] [이동] [핑퐁] 복귀 시퀀스 실행: end (2/2)
[2026-06-08 12:18:58] [이동] [시퀀스] 공격 키 입력 실행 (end)
[2026-06-08 12:18:59] [이동] [핑퐁] 사냥층 복귀 확인
[2026-06-08 12:19:00] [이동] [핑퐁] 텔포포인트 이동
[2026-06-08 12:19:00] [이동] [핑퐁] 현재 위치 : X=79 Y=81
[2026-06-08 12:19:00] [이동] [핑퐁] 복귀 시퀀스 실행
[2026-06-08 12:19:00] [이동] [핑퐁] 복귀 시퀀스 실행: end+TELE_UP (1/2)
[2026-06-08 12:19:00] [이동] [시퀀스 연계] 연달아 동시 입력 실행: ['end', 'TELE_UP']
[2026-06-08 12:19:00] [이동] [시퀀스] 공격 키 입력 실행 (end)
[2026-06-08 12:19:00] [이동] [핑퐁] 복귀 시퀀스 실행: end (2/2)
[2026-06-08 12:19:01] [이동] [시퀀스] 공격 키 입력 실행 (end)
[2026-06-08 12:19:02] [이동] [핑퐁] 사냥층 복귀 확인
[2026-06-08 12:19:02] [이동] [핑퐁] 텔포포인트 이동
[2026-06-08 12:19:02] [이동] [핑퐁] 현재 위치 : X=79 Y=81
[2026-06-08 12:19:02] [이동] [핑퐁] 복귀 시퀀스 실행
[2026-06-08 12:19:02] [이동] [핑퐁] 복귀 시퀀스 실행: end+TELE_UP (1/2)
[2026-06-08 12:19:02] [이동] [시퀀스 연계] 연달아 동시 입력 실행: ['end', 'TELE_UP']
[2026-06-08 12:19:02] [이동] [시퀀스] 공격 키 입력 실행 (end)
[2026-06-08 12:19:02] [이동] [핑퐁] 복귀 시퀀스 실행: end (2/2)
[2026-06-08 12:19:03] [이동] [시퀀스] 공격 키 입력 실행 (end)
[2026-06-08 12:19:04] [이동] [핑퐁] 사냥층 복귀 확인
[2026-06-08 12:19:04] [이동] [핑퐁] 텔포포인트 이동
[2026-06-08 12:19:04] [이동] [핑퐁] 현재 위치 : X=79 Y=81
[2026-06-08 12:19:04] [이동] [핑퐁] 복귀 시퀀스 실행
[2026-06-08 12:19:04] [이동] [핑퐁] 복귀 시퀀스 실행: end+TELE_UP (1/2)
[2026-06-08 12:19:04] [이동] [시퀀스 연계] 연달아 동시 입력 실행: ['end', 'TELE_UP']
[2026-06-08 12:19:04] [이동] [시퀀스] 공격 키 입력 실행 (end)
[2026-06-08 12:19:05] [이동] [핑퐁] 복귀 시퀀스 실행: end (2/2)
[2026-06-08 12:19:05] [시스템] [전역 긴급 정지] 사냥 시스템을 즉시 중지하고 모든 입력을 해제했습니다.
[2026-06-08 12:19:05] [이동] [시퀀스] 공격 키 입력 실행 (end)
[2026-06-08 12:23:54] [시스템] 설정 영구 저장 완료 -> 프로필: 빨코3
