rr[2026-06-05 02:52:40] [녹화] 사냥 경로 녹화 시작 (150ms 샘플링)
[2026-06-05 02:56:42] [녹화] 사냥 경로 녹화 종료. 총 1601개 프레임 수집.
[2026-06-05 02:56:42] [녹화] 녹화 원본 로그 저장 완료 -> C:\Users\ydh24\Desktop\밋업\python\core\exe\AUTOmaple_v1.4.5_LK\route_record_20260605_025642.csv
[2026-06-05 02:56:42] [녹화] 경로 분석 완료: 총 73개의 웨이포인트를 30개 슬롯에 자동 적용하였습니다.
[2026-06-05 02:57:07] [순환] [수동 입력 좌표 반영] 슬롯 6 -> 축: X_MAX, 값: 41, 반영 후 전체: {'x_min': 29, 'x_max': 41, 'y': 81, 'move_type': 'WALK', 'stay_time': 3.8}
[2026-06-05 02:57:15] [시스템] [시작 검증] is_moving: False, is_running: True, hunt_mode: 2
[2026-06-05 02:57:15] [시스템] 사냥 시스템을 가동합니다.
oint 개수: 30, 현재 인덱스: 1, 목표 범위: X(34~46), Y(67), 현재 캐릭터: (53, 72)
[2026-06-05 02:57:15] [순환] [V2 최초 시작점] 캐릭터 위치(53, 72)에서 가장 가까운 슬롯 1 지정 (거리: 0.00)
[2026-06-05 02:57:15] [순환] [V2 목표 추적] 슬롯 1 -> 범위: X(47~59), Y(72), 캐릭터: (53, 72), 오차: DX=0, DY=0
[2026-06-05 02:57:15] [순환] [V2 목표 추적] 슬롯 1 -> 범위: X(47~59), Y(72), 캐릭터: (53, 72), 오차: DX=0, DY=0
[2026-06-05 02:57:15] [순환] [V2 목표 추적] 슬롯 1 -> 범위: X(47~59), Y(72), 캐릭터: (53, 72), 오차: DX=0, DY=0
[2026-06-05 02:57:15] [순환] 순환 좌표 슬롯 1 안착 완료 (0.25초 대기 검증 완료) -> 체류 사냥 시작 (설정 시간: 1.9초)
[2026-06-05 02:57:15] [공격] [V3 체류 사냥 공격] 설정: 185ms, 실제 지연: 1780595835960ms
[2026-06-05 02:57:16] [공격] [V3 체류 사냥 공격] 설정: 185ms, 실제 지연: 335ms
[2026-06-05 02:57:16] [공격] [V3 체류 사냥 공격] 설정: 185ms, 실제 지연: 332ms
[2026-06-05 02:57:16] [공격] [V3 체류 사냥 공격] 설정: 185ms, 실제 지연: 327ms
[2026-06-05 02:57:17] [공격] [V3 체류 사냥 공격] 설정: 185ms, 실제 지연: 326ms
[2026-06-05 02:57:17] [공격] [V3 체류 사냥 공격] 설정: 185ms, 실제 지연: 310ms
[2026-06-05 02:57:17] [순환] 다음 오름차순 목적지 갱신 -> 슬롯 2
[2026-06-05 02:57:18] [순환] [V2 목표 추적] 슬롯 2 -> 범위: X(34~46), Y(67), 캐릭터: (53, 72), 오차: DX=7, DY=5
[2026-06-05 02:57:18] [순환] [V2 목표 추적] 슬롯 2 -> 범위: X(34~46), Y(67), 캐릭터: (52, 72), 오차: DX=6, DY=5
[2026-06-05 02:57:18] [순환] [V2 목표 추적] 슬롯 2 -> 범위: X(34~46), Y(67), 캐릭터: (48, 81), 오차: DX=2, DY=14
[2026-06-05 02:57:18] [순환] [V2 목표 추적] 슬롯 2 -> 범위: X(34~46), Y(67), 캐릭터: (51, 81), 오차: DX=5, DY=14
[2026-06-05 02:57:19] [순환] [V2 목표 추적] 슬롯 2 -> 범위: X(34~46), Y(67), 캐릭터: (49, 81), 오차: DX=3, DY=14
[2026-06-05 02:57:19] [순환] [V2 목표 추적] 슬롯 2 -> 범위: X(34~46), Y(67), 캐릭터: (46, 81), 오차: DX=0, DY=14
[2026-06-05 02:57:19] [이동] 수직 상승 기동 (WALK/DROP up입력, Y차이: 14px, 실패 카운트: 0/4)
[2026-06-05 02:57:20] [순환] [V2 목표 추적] 슬롯 2 -> 범위: X(34~46), Y(67), 캐릭터: (46, 80), 오차: DX=0, DY=13
[2026-06-05 02:57:20] [이동] 수직 상승 기동 (WALK/DROP up입력, Y차이: 13px, 실패 카운트: 1/4)
[2026-06-05 02:57:20] [순환] [V2 목표 추적] 슬롯 2 -> 범위: X(34~46), Y(67), 캐릭터: (46, 80), 오차: DX=0, DY=13
[2026-06-05 02:57:20] [이동] 수직 상승 기동 (WALK/DROP up입력, Y차이: 13px, 실패 카운트: 2/4)
[2026-06-05 02:57:21] [순환] [V2 목표 추적] 슬롯 2 -> 범위: X(34~46), Y(67), 캐릭터: (46, 80), 오차: DX=0, DY=13
[2026-06-05 02:57:21] [이동] 수직 상승 기동 (WALK/DROP up입력, Y차이: 13px, 실패 카운트: 3/4)
[2026-06-05 02:57:21] [이동] [수직 복귀 실패 감지] 연속 4회 수직 이동 실패. 비상 탈출 실행.
[2026-06-05 02:57:22] [순환] [V2 고정순환] 수직 이동 실패로 인한 다음 목적지 강제 갱신 -> 슬롯 3
[2026-06-05 02:57:22] [순환] [V2 목표 추적] 슬롯 3 -> 범위: X(29~41), Y(67), 캐릭터: (41, 80), 오차: DX=0, DY=13
[2026-06-05 02:57:22] [이동] 수직 상승 기동 (WALK/DROP up입력, Y차이: 13px, 실패 카운트: 0/4)
[2026-06-05 02:57:23] [순환] [V2 목표 추적] 슬롯 3 -> 범위: X(29~41), Y(67), 캐릭터: (41, 80), 오차: DX=0, DY=13
[2026-06-05 02:57:23] [이동] 수직 상승 기동 (WALK/DROP up입력, Y차이: 13px, 실패 카운트: 1/4)
[2026-06-05 02:57:23] [순환] [V2 목표 추적] 슬롯 3 -> 범위: X(29~41), Y(67), 캐릭터: (41, 80), 오차: DX=0, DY=13
[2026-06-05 02:57:23] [이동] 수직 상승 기동 (WALK/DROP up입력, Y차이: 13px, 실패 카운트: 2/4)
[2026-06-05 02:57:24] [순환] [V2 목표 추적] 슬롯 3 -> 범위: X(29~41), Y(67), 캐릭터: (48, 81), 오차: DX=7, DY=14
[2026-06-05 02:57:24] [순환] [V2 목표 추적] 슬롯 3 -> 범위: X(29~41), Y(67), 캐릭터: (46, 81), 오차: DX=5, DY=14
[2026-06-05 02:57:24] [순환] [V2 목표 추적] 슬롯 3 -> 범위: X(29~41), Y(67), 캐릭터: (43, 80), 오차: DX=2, DY=13
[2026-06-05 02:57:25] [순환] [V2 목표 추적] 슬롯 3 -> 범위: X(29~41), Y(67), 캐릭터: (40, 80), 오차: DX=0, DY=13
[2026-06-05 02:57:25] [이동] 수직 상승 기동 (WALK/DROP up입력, Y차이: 13px, 실패 카운트: 3/4)
[2026-06-05 02:57:25] [이동] [수직 복귀 실패 감지] 연속 4회 수직 이동 실패. 비상 탈출 실행.
[2026-06-05 02:57:26] [순환] [V2 고정순환] 수직 이동 실패로 인한 다음 목적지 강제 갱신 -> 슬롯 4
[2026-06-05 02:57:26] [순환] [V2 목표 추적] 슬롯 4 -> 범위: X(28~41), Y(55), 캐릭터: (50, 81), 오차: DX=9, DY=26
[2026-06-05 02:57:26] [순환] [V2 목표 추적] 슬롯 4 -> 범위: X(28~41), Y(55), 캐릭터: (51, 81), 오차: DX=10, DY=26
[2026-06-05 02:57:26] [순환] [V2 목표 추적] 슬롯 4 -> 범위: X(28~41), Y(55), 캐릭터: (50, 81), 오차: DX=9, DY=26
[2026-06-05 02:57:26] [순환] [V2 목표 추적] 슬롯 4 -> 범위: X(28~41), Y(55), 캐릭터: (49, 81), 오차: DX=8, DY=26
[2026-06-05 02:57:26] [순환] [V2 목표 추적] 슬롯 4 -> 범위: X(28~41), Y(55), 캐릭터: (48, 81), 오차: DX=7, DY=26
[2026-06-05 02:57:26] [순환] [V2 목표 추적] 슬롯 4 -> 범위: X(28~41), Y(55), 캐릭터: (46, 81), 오차: DX=5, DY=26
[2026-06-05 02:57:27] [순환] [V2 목표 추적] 슬롯 4 -> 범위: X(28~41), Y(55), 캐릭터: (43, 80), 오차: DX=2, DY=25
[2026-06-05 02:57:27] [순환] [V2 목표 추적] 슬롯 4 -> 범위: X(28~41), Y(55), 캐릭터: (40, 80), 오차: DX=0, DY=25
[2026-06-05 02:57:27] [이동] 수직 상승 기동 (WALK/DROP up입력, Y차이: 25px, 실패 카운트: 0/4)
[2026-06-05 02:57:28] [순환] [V2 목표 추적] 슬롯 4 -> 범위: X(28~41), Y(55), 캐릭터: (40, 80), 오차: DX=0, DY=25
[2026-06-05 02:57:28] [이동] 수직 상승 기동 (WALK/DROP up입력, Y차이: 25px, 실패 카운트: 1/4)
[2026-06-05 02:57:28] [순환] [V2 목표 추적] 슬롯 4 -> 범위: X(28~41), Y(55), 캐릭터: (40, 80), 오차: DX=0, DY=25
[2026-06-05 02:57:28] [이동] 수직 상승 기동 (WALK/DROP up입력, Y차이: 25px, 실패 카운트: 2/4)
[2026-06-05 02:57:29] [순환] [V2 목표 추적] 슬롯 4 -> 범위: X(28~41), Y(55), 캐릭터: (47, 81), 오차: DX=6, DY=26
[2026-06-05 02:57:29] [순환] [V2 목표 추적] 슬롯 4 -> 범위: X(28~41), Y(55), 캐릭터: (46, 80), 오차: DX=5, DY=25
[2026-06-05 02:57:30] [순환] [V2 목표 추적] 슬롯 4 -> 범위: X(28~41), Y(55), 캐릭터: (42, 80), 오차: DX=1, DY=25
[2026-06-05 02:57:30] [순환] [V2 목표 추적] 슬롯 4 -> 범위: X(28~41), Y(55), 캐릭터: (40, 80), 오차: DX=0, DY=25
[2026-06-05 02:57:30] [이동] 수직 상승 기동 (WALK/DROP up입력, Y차이: 25px, 실패 카운트: 3/4)
[2026-06-05 02:57:30] [이동] [수직 복귀 실패 감지] 연속 4회 수직 이동 실패. 비상 탈출 실행.
[2026-06-05 02:57:31] [순환] [V2 고정순환] 수직 이동 실패로 인한 다음 목적지 강제 갱신 -> 슬롯 5
[2026-06-05 02:57:31] [순환] [V2 목표 추적] 슬롯 5 -> 범위: X(23~37), Y(66), 캐릭터: (50, 81), 오차: DX=13, DY=15
[2026-06-05 02:57:31] [순환] [V2 목표 추적] 슬롯 5 -> 범위: X(23~37), Y(66), 캐릭터: (50, 81), 오차: DX=13, DY=15
[2026-06-05 02:57:31] [순환] [V2 목표 추적] 슬롯 5 -> 범위: X(23~37), Y(66), 캐릭터: (49, 81), 오차: DX=12, DY=15
[2026-06-05 02:57:31] [순환] [V2 목표 추적] 슬롯 5 -> 범위: X(23~37), Y(66), 캐릭터: (48, 81), 오차: DX=11, DY=15
[2026-06-05 02:57:31] [순환] [V2 목표 추적] 슬롯 5 -> 범위: X(23~37), Y(66), 캐릭터: (47, 81), 오차: DX=10, DY=15
[2026-06-05 02:57:31] [순환] [V2 목표 추적] 슬롯 5 -> 범위: X(23~37), Y(66), 캐릭터: (46, 81), 오차: DX=9, DY=15
[2026-06-05 02:57:32] [순환] [V2 목표 추적] 슬롯 5 -> 범위: X(23~37), Y(66), 캐릭터: (46, 81), 오차: DX=9, DY=15
[2026-06-05 02:57:32] [순환] [V2 목표 추적] 슬롯 5 -> 범위: X(23~37), Y(66), 캐릭터: (45, 80), 오차: DX=8, DY=14
[2026-06-05 02:57:32] [순환] [V2 목표 추적] 슬롯 5 -> 범위: X(23~37), Y(66), 캐릭터: (44, 80), 오차: DX=7, DY=14
[2026-06-05 02:57:32] [순환] [V2 목표 추적] 슬롯 5 -> 범위: X(23~37), Y(66), 캐릭터: (41, 80), 오차: DX=4, DY=14
[2026-06-05 02:57:32] [순환] [V2 목표 추적] 슬롯 5 -> 범위: X(23~37), Y(66), 캐릭터: (39, 80), 오차: DX=2, DY=14
[2026-06-05 02:57:33] [순환] [V2 목표 추적] 슬롯 5 -> 범위: X(23~37), Y(66), 캐릭터: (36, 81), 오차: DX=0, DY=15
[2026-06-05 02:57:33] [이동] 수직 상승 기동 (WALK/DROP up입력, Y차이: 15px, 실패 카운트: 0/4)
[2026-06-05 02:57:33] [순환] [V2 목표 추적] 슬롯 5 -> 범위: X(23~37), Y(66), 캐릭터: (37, 79), 오차: DX=0, DY=13
[2026-06-05 02:57:33] [이동] 수직 상승 기동 (WALK/DROP up입력, Y차이: 13px, 실패 카운트: 1/4)
[2026-06-05 02:57:34] [순환] [V2 목표 추적] 슬롯 5 -> 범위: X(23~37), Y(66), 캐릭터: (42, 80), 오차: DX=5, DY=14
[2026-06-05 02:57:34] [순환] [V2 목표 추적] 슬롯 5 -> 범위: X(23~37), Y(66), 캐릭터: (42, 80), 오차: DX=5, DY=14
[2026-06-05 02:57:34] [순환] [V2 목표 추적] 슬롯 5 -> 범위: X(23~37), Y(66), 캐릭터: (42, 80), 오차: DX=5, DY=14
[2026-06-05 02:57:35] [순환] [V2 목표 추적] 슬롯 5 -> 범위: X(23~37), Y(66), 캐릭터: (43, 79), 오차: DX=6, DY=13
[2026-06-05 02:57:35] [순환] [V2 목표 추적] 슬롯 5 -> 범위: X(23~37), Y(66), 캐릭터: (46, 81), 오차: DX=9, DY=15
[2026-06-05 02:57:35] [순환] [V2 목표 추적] 슬롯 5 -> 범위: X(23~37), Y(66), 캐릭터: (59, 81), 오차: DX=22, DY=15
[2026-06-05 02:57:35] [순환] [V2 목표 추적] 슬롯 5 -> 범위: X(23~37), Y(66), 캐릭터: (59, 81), 오차: DX=22, DY=15
[2026-06-05 02:57:35] [순환] [V2 목표 추적] 슬롯 5 -> 범위: X(23~37), Y(66), 캐릭터: (59, 78), 오차: DX=22, DY=12
[2026-06-05 02:57:35] [순환] [V2 목표 추적] 슬롯 5 -> 범위: X(23~37), Y(66), 캐릭터: (59, 75), 오차: DX=22, DY=9
[2026-06-05 02:57:36] [순환] [V2 목표 추적] 슬롯 5 -> 범위: X(23~37), Y(66), 캐릭터: (59, 74), 오차: DX=22, DY=8
[2026-06-05 02:57:36] [순환] [V2 목표 추적] 슬롯 5 -> 범위: X(23~37), Y(66), 캐릭터: (59, 74), 오차: DX=22, DY=8
[2026-06-05 02:57:36] [순환] [V2 목표 추적] 슬롯 5 -> 범위: X(23~37), Y(66), 캐릭터: (59, 75), 오차: DX=22, DY=9
[2026-06-05 02:57:36] [순환] [V2 목표 추적] 슬롯 5 -> 범위: X(23~37), Y(66), 캐릭터: (59, 77), 오차: DX=22, DY=11
[2026-06-05 02:57:36] [순환] [V2 목표 추적] 슬롯 5 -> 범위: X(23~37), Y(66), 캐릭터: (59, 81), 오차: DX=22, DY=15
[2026-06-05 02:57:36] [순환] [V2 목표 추적] 슬롯 5 -> 범위: X(23~37), Y(66), 캐릭터: (59, 81), 오차: DX=22, DY=15
[2026-06-05 02:57:36] [순환] [V2 목표 추적] 슬롯 5 -> 범위: X(23~37), Y(66), 캐릭터: (59, 81), 오차: DX=22, DY=15
[2026-06-05 02:57:36] [순환] [V2 목표 추적] 슬롯 5 -> 범위: X(23~37), Y(66), 캐릭터: (59, 81), 오차: DX=22, DY=15
[2026-06-05 02:57:36] [순환] [V2 목표 추적] 슬롯 5 -> 범위: X(23~37), Y(66), 캐릭터: (59, 81), 오차: DX=22, DY=15
[2026-06-05 02:57:36] [순환] [V2 목표 추적] 슬롯 5 -> 범위: X(23~37), Y(66), 캐릭터: (59, 81), 오차: DX=22, DY=15
[2026-06-05 02:57:36] [순환] [V2 목표 추적] 슬롯 5 -> 범위: X(23~37), Y(66), 캐릭터: (59, 81), 오차: DX=22, DY=15
[2026-06-05 02:57:36] [순환] [V2 목표 추적] 슬롯 5 -> 범위: X(23~37), Y(66), 캐릭터: (59, 81), 오차: DX=22, DY=15
[2026-06-05 02:57:37] [순환] [V2 목표 추적] 슬롯 5 -> 범위: X(23~37), Y(66), 캐릭터: (58, 81), 오차: DX=21, DY=15
[2026-06-05 02:57:37] [순환] [V2 목표 추적] 슬롯 5 -> 범위: X(23~37), Y(66), 캐릭터: (57, 80), 오차: DX=20, DY=14
[2026-06-05 02:57:37] [순환] [V2 목표 추적] 슬롯 5 -> 범위: X(23~37), Y(66), 캐릭터: (56, 80), 오차: DX=19, DY=14
[2026-06-05 02:57:37] [순환] [V2 목표 추적] 슬롯 5 -> 범위: X(23~37), Y(66), 캐릭터: (56, 80), 오차: DX=19, DY=14
[2026-06-05 02:57:37] [순환] [V2 목표 추적] 슬롯 5 -> 범위: X(23~37), Y(66), 캐릭터: (56, 80), 오차: DX=19, DY=14
[2026-06-05 02:57:37] [순환] [V2 목표 추적] 슬롯 5 -> 범위: X(23~37), Y(66), 캐릭터: (54, 79), 오차: DX=17, DY=13
[2026-06-05 02:57:37] [순환] [V2 목표 추적] 슬롯 5 -> 범위: X(23~37), Y(66), 캐릭터: (52, 79), 오차: DX=15, DY=13
[2026-06-05 02:57:37] [순환] [V2 목표 추적] 슬롯 5 -> 범위: X(23~37), Y(66), 캐릭터: (50, 81), 오차: DX=13, DY=15
[2026-06-05 02:57:37] [순환] [V2 목표 추적] 슬롯 5 -> 범위: X(23~37), Y(66), 캐릭터: (50, 81), 오차: DX=13, DY=15
[2026-06-05 02:57:37] [순환] [V2 목표 추적] 슬롯 5 -> 범위: X(23~37), Y(66), 캐릭터: (50, 81), 오차: DX=13, DY=15
[2026-06-05 02:57:37] [순환] [V2 목표 추적] 슬롯 5 -> 범위: X(23~37), Y(66), 캐릭터: (50, 81), 오차: DX=13, DY=15
[2026-06-05 02:57:38] [순환] [V2 목표 추적] 슬롯 5 -> 범위: X(23~37), Y(66), 캐릭터: (50, 81), 오차: DX=13, DY=15
[2026-06-05 02:57:38] [순환] [V2 목표 추적] 슬롯 5 -> 범위: X(23~37), Y(66), 캐릭터: (50, 81), 오차: DX=13, DY=15
[2026-06-05 02:57:38] [순환] [V2 목표 추적] 슬롯 5 -> 범위: X(23~37), Y(66), 캐릭터: (50, 81), 오차: DX=13, DY=15
[2026-06-05 02:57:38] [순환] [V2 목표 추적] 슬롯 5 -> 범위: X(23~37), Y(66), 캐릭터: (50, 81), 오차: DX=13, DY=15
[2026-06-05 02:57:38] [순환] [V2 목표 추적] 슬롯 5 -> 범위: X(23~37), Y(66), 캐릭터: (50, 81), 오차: DX=13, DY=15
[2026-06-05 02:57:38] [시스템] [전역 긴급 정지] 사냥 시스템을 즉시 중지하고 모든 입력을 해제했습니다.
[2026-06-05 02:57:57] [순환] 순환 좌표 전체 초기화 완료
[2026-06-05 03:21:38] [시스템] 좌측 경계 임계값 변경 -> 25
[2026-06-05 03:21:38] [시스템] 우측 경계 임계값 변경 -> 146
[2026-06-05 03:21:38] [시스템] 공격 주기 변경 -> 185ms
[2026-06-05 03:21:38] [시스템] 설정 복원 완료 -> 프로필: 기본설정
[2026-06-05 03:21:44] [시스템] 좌측 경계 임계값 변경 -> 26
[2026-06-05 03:21:44] [시스템] 우측 경계 임계값 변경 -> 153
[2026-06-05 03:21:44] [미니맵] 미니맵 수동 드래그 지정 완료 -> 물리 좌표: L:823, T:341, W:179, H:122 (DPI Scale: 1.00)
[2026-06-05 03:21:57] [시스템] 설정 영구 저장 완료 -> 프로필: 빨코3
[2026-06-05 03:21:59] [순환] 순환 좌표 전체 초기화 완료
[2026-06-05 03:22:13] [시스템] 좌측 경계 임계값 변경 -> 27
[2026-06-05 03:22:13] [시스템] 우측 경계 임계값 변경 -> 159
[2026-06-05 03:22:13] [미니맵] 미니맵 수동 드래그 지정 완료 -> 물리 좌표: L:10, T:131, W:186, H:112 (DPI Scale: 1.00)
[2026-06-05 03:24:08] [순환] [순환 좌표 기록] 슬롯 1 -> X범위: 47~57, Y: 71
[2026-06-05 03:24:08] [순환] [F2 좌표 등록 완료] 내부 배열 반영 -> waypoints[0] = {'x_min': 47, 'x_max': 57, 'y': 71, 'move_type': 'TELEPORT', 'stay_time': 2.0}
[2026-06-05 03:24:20] [순환] [수동 입력 좌표 반영] 슬롯 1 -> 축: X_MIN, 값: 50, 반영 후 전체: {'x_min': 50, 'x_max': 57, 'y': 71, 'move_type': 'TELEPORT', 'stay_time': 2.0}
[2026-06-05 03:24:21] [순환] [수동 입력 좌표 반영] 슬롯 1 -> 축: X_MAX, 값: 53, 반영 후 전체: {'x_min': 50, 'x_max': 53, 'y': 71, 'move_type': 'TELEPORT', 'stay_time': 2.0}
[2026-06-05 03:24:36] [순환] [순환 좌표 기록] 슬롯 2 -> X범위: 55~65, Y: 66
[2026-06-05 03:24:36] [순환] [F2 좌표 등록 완료] 내부 배열 반영 -> waypoints[1] = {'x_min': 55, 'x_max': 65, 'y': 66, 'move_type': 'TELEPORT', 'stay_time': 2.0}
[2026-06-05 03:24:41] [순환] [수동 입력 좌표 반영] 슬롯 2 -> 축: X_MIN, 값: 58, 반영 후 전체: {'x_min': 58, 'x_max': 65, 'y': 66, 'move_type': 'TELEPORT', 'stay_time': 2.0}
[2026-06-05 03:24:45] [순환] [수동 입력 좌표 반영] 슬롯 2 -> 축: X_MAX, 값: 60, 반영 후 전체: {'x_min': 58, 'x_max': 60, 'y': 66, 'move_type': 'TELEPORT', 'stay_time': 2.0}
[2026-06-05 03:24:47] [순환] [순환 이동 방식 변경] 슬롯 1 -> JUMP
[2026-06-05 03:25:41] [순환] [순환 좌표 기록] 슬롯 3 -> X범위: 88~98, Y: 61
[2026-06-05 03:25:41] [순환] [F2 좌표 등록 완료] 내부 배열 반영 -> waypoints[2] = {'x_min': 88, 'x_max': 98, 'y': 61, 'move_type': 'TELEPORT', 'stay_time': 2.0}
[2026-06-05 03:25:48] [순환] [순환 좌표 기록] 슬롯 4 -> X범위: 85~95, Y: 84
[2026-06-05 03:25:48] [순환] [F2 좌표 등록 완료] 내부 배열 반영 -> waypoints[3] = {'x_min': 85, 'x_max': 95, 'y': 84, 'move_type': 'TELEPORT', 'stay_time': 2.0}
[2026-06-05 03:25:59] [순환] [순환 좌표 기록] 슬롯 5 -> X범위: 47~57, Y: 84
[2026-06-05 03:25:59] [순환] [F2 좌표 등록 완료] 내부 배열 반영 -> waypoints[4] = {'x_min': 47, 'x_max': 57, 'y': 84, 'move_type': 'TELEPORT', 'stay_time': 2.0}
[2026-06-05 03:26:04] [순환] [수동 입력 좌표 반영] 슬롯 5 -> 축: X_MIN, 값: 50, 반영 후 전체: {'x_min': 50, 'x_max': 57, 'y': 84, 'move_type': 'TELEPORT', 'stay_time': 2.0}
[2026-06-05 03:26:08] [순환] [수동 입력 좌표 반영] 슬롯 5 -> 축: X_MAX, 값: 53, 반영 후 전체: {'x_min': 50, 'x_max': 53, 'y': 84, 'move_type': 'TELEPORT', 'stay_time': 2.0}
[2026-06-05 03:26:15] [시스템] [시작 검증] is_moving: False, is_running: True, hunt_mode: 2
[2026-06-05 03:26:15] [시스템] 사냥 시스템을 가동합니다.
[2026-06-05 03:26:15] [순환] [V2 진입 검증] 모드: 2, 유효 waypoint 개수: 5, 현재 인덱스: 0, 목표 범위: X(50~53), Y(71), 현재 캐릭터: (53, 71)
[2026-06-05 03:26:15] [순환] [V2 최초 시작점] 캐릭터 위치(53, 71)에서 가장 가까운 슬롯 1 지정 (거리: 1.50)
[2026-06-05 03:26:15] [순환] [V2 목표 추적] 슬롯 1 -> 범위: X(50~53), Y(71), 캐릭터: (53, 71), 오차: DX=0, DY=0
[2026-06-05 03:26:16] [순환] [V2 목표 추적] 슬롯 1 -> 범위: X(50~53), Y(71), 캐릭터: (53, 71), 오차: DX=0, DY=0
[2026-06-05 03:26:16] [순환] [V2 목표 추적] 슬롯 1 -> 범위: X(50~53), Y(71), 캐릭터: (53, 71), 오차: DX=0, DY=0
[2026-06-05 03:26:16] [순환] 순환 좌표 슬롯 1 안착 완료 (0.25초 대기 검증 완료) -> 체류 사냥 시작 (설정 시간: 2.0초)
[2026-06-05 03:26:16] [공격] [V3 체류 사냥 공격] 설정: 185ms, 실제 지연: 1780597576277ms
[2026-06-05 03:26:16] [공격] [V3 체류 사냥 공격] 설정: 185ms, 실제 지연: 306ms
[2026-06-05 03:26:16] [공격] [V3 체류 사냥 공격] 설정: 185ms, 실제 지연: 318ms
[2026-06-05 03:26:17] [공격] [V3 체류 사냥 공격] 설정: 185ms, 실제 지연: 314ms
[2026-06-05 03:26:17] [공격] [V3 체류 사냥 공격] 설정: 185ms, 실제 지연: 340ms
[2026-06-05 03:26:17] [공격] [V3 체류 사냥 공격] 설정: 185ms, 실제 지연: 303ms
[2026-06-05 03:26:18] [공격] [V3 체류 사냥 공격] 설정: 185ms, 실제 지연: 317ms
[2026-06-05 03:26:18] [순환] 다음 오름차순 목적지 갱신 -> 슬롯 2
[2026-06-05 03:26:18] [순환] [V2 목표 추적] 슬롯 2 -> 범위: X(58~60), Y(66), 캐릭터: (53, 71), 오차: DX=-5, DY=5
[2026-06-05 03:26:19] [순환] [V2 목표 추적] 슬롯 2 -> 범위: X(58~60), Y(66), 캐릭터: (53, 71), 오차: DX=-5, DY=5
[2026-06-05 03:26:19] [순환] [V2 목표 추적] 슬롯 2 -> 범위: X(58~60), Y(66), 캐릭터: (59, 66), 오차: DX=0, DY=0
[2026-06-05 03:26:20] [순환] [V2 목표 추적] 슬롯 2 -> 범위: X(58~60), Y(66), 캐릭터: (59, 66), 오차: DX=0, DY=0
[2026-06-05 03:26:20] [순환] [V2 목표 추적] 슬롯 2 -> 범위: X(58~60), Y(66), 캐릭터: (59, 66), 오차: DX=0, DY=0
[2026-06-05 03:26:20] [순환] 순환 좌표 슬롯 2 안착 완료 (0.25초 대기 검증 완료) -> 체류 사냥 시작 (설정 시간: 2.0초)
[2026-06-05 03:26:20] [공격] [V3 체류 사냥 공격] 설정: 185ms, 실제 지연: 2240ms
[2026-06-05 03:26:20] [공격] [V3 체류 사냥 공격] 설정: 185ms, 실제 지연: 309ms
[2026-06-05 03:26:21] [공격] [V3 체류 사냥 공격] 설정: 185ms, 실제 지연: 304ms
[2026-06-05 03:26:21] [공격] [V3 체류 사냥 공격] 설정: 185ms, 실제 지연: 324ms
[2026-06-05 03:26:21] [공격] [V3 체류 사냥 공격] 설정: 185ms, 실제 지연: 319ms
[2026-06-05 03:26:21] [공격] [V3 체류 사냥 공격] 설정: 185ms, 실제 지연: 318ms
[2026-06-05 03:26:22] [공격] [V3 체류 사냥 공격] 설정: 185ms, 실제 지연: 324ms
[2026-06-05 03:26:22] [순환] 다음 오름차순 목적지 갱신 -> 슬롯 3
[2026-06-05 03:26:22] [순환] [V2 목표 추적] 슬롯 3 -> 범위: X(88~98), Y(61), 캐릭터: (59, 66), 오차: DX=-29, DY=5
[2026-06-05 03:26:23] [순환] [V2 목표 추적] 슬롯 3 -> 범위: X(88~98), Y(61), 캐릭터: (59, 66), 오차: DX=-29, DY=5
[2026-06-05 03:26:24] [순환] [V2 목표 추적] 슬롯 3 -> 범위: X(88~98), Y(61), 캐릭터: (65, 71), 오차: DX=-23, DY=10
[2026-06-05 03:26:24] [순환] [V2 목표 추적] 슬롯 3 -> 범위: X(88~98), Y(61), 캐릭터: (70, 83), 오차: DX=-18, DY=22
[2026-06-05 03:26:25] [순환] [V2 목표 추적] 슬롯 3 -> 범위: X(88~98), Y(61), 캐릭터: (76, 83), 오차: DX=-12, DY=22
[2026-06-05 03:26:26] [순환] [V2 목표 추적] 슬롯 3 -> 범위: X(88~98), Y(61), 캐릭터: (80, 83), 오차: DX=-8, DY=22
[2026-06-05 03:26:26] [순환] [V2 목표 추적] 슬롯 3 -> 범위: X(88~98), Y(61), 캐릭터: (85, 83), 오차: DX=-3, DY=22
[2026-06-05 03:26:27] [순환] [V2 목표 추적] 슬롯 3 -> 범위: X(88~98), Y(61), 캐릭터: (90, 83), 오차: DX=0, DY=22
[2026-06-05 03:26:27] [이동] 수직 상승 기동 (TELEPORT, Y차이: 22px, 실패 카운트: 0/4)
[2026-06-05 03:26:28] [순환] [V2 목표 추적] 슬롯 3 -> 범위: X(88~98), Y(61), 캐릭터: (90, 83), 오차: DX=0, DY=22
[2026-06-05 03:26:28] [이동] 수직 상승 기동 (TELEPORT, Y차이: 22px, 실패 카운트: 1/4)
[2026-06-05 03:26:29] [순환] [V2 목표 추적] 슬롯 3 -> 범위: X(88~98), Y(61), 캐릭터: (90, 83), 오차: DX=0, DY=22
[2026-06-05 03:26:29] [이동] 수직 상승 기동 (TELEPORT, Y차이: 22px, 실패 카운트: 2/4)
[2026-06-05 03:26:30] [순환] [V2 목표 추적] 슬롯 3 -> 범위: X(88~98), Y(61), 캐릭터: (90, 83), 오차: DX=0, DY=22
[2026-06-05 03:26:30] [이동] 수직 상승 기동 (TELEPORT, Y차이: 22px, 실패 카운트: 3/4)
[2026-06-05 03:26:31] [이동] [수직 복귀 실패 감지] 연속 4회 수직 이동 실패. 비상 탈출 실행.
[2026-06-05 03:26:32] [순환] [V2 고정순환] 수직 이동 실패로 인한 다음 목적지 강제 갱신 -> 슬롯 4
[2026-06-05 03:26:32] [순환] [V2 목표 추적] 슬롯 4 -> 범위: X(85~95), Y(84), 캐릭터: (101, 83), 오차: DX=6, DY=0
[2026-06-05 03:26:32] [순환] [V2 목표 추적] 슬롯 4 -> 범위: X(85~95), Y(84), 캐릭터: (96, 83), 오차: DX=1, DY=0
[2026-06-05 03:26:33] [순환] [V2 목표 추적] 슬롯 4 -> 범위: X(85~95), Y(84), 캐릭터: (97, 83), 오차: DX=2, DY=0
[2026-06-05 03:26:34] [시스템] [전역 긴급 정지] 사냥 시스템을 즉시 중지하고 모든 입력을 해제했습니다.
[2026-06-05 03:26:34] [순환] [V2 목표 추적] 슬롯 4 -> 범위: X(85~95), Y(84), 캐릭터: (93, 83), 오차: DX=0, DY=0
[2026-06-05 03:26:34] [시스템] 텔레포트 주기 변경 -> 1547ms
[2026-06-05 03:26:34] [시스템] 텔레포트 주기 변경 -> 1518ms
[2026-06-05 03:26:34] [시스템] 텔레포트 주기 변경 -> 1489ms
[2026-06-05 03:26:34] [시스템] 텔레포트 주기 변경 -> 1461ms
[2026-06-05 03:26:34] [시스템] 텔레포트 주기 변경 -> 1432ms
[2026-06-05 03:26:34] [시스템] 텔레포트 주기 변경 -> 1403ms
[2026-06-05 03:26:34] [시스템] 텔레포트 주기 변경 -> 1374ms
[2026-06-05 03:26:34] [시스템] 텔레포트 주기 변경 -> 1345ms
[2026-06-05 03:26:34] [시스템] 텔레포트 주기 변경 -> 1316ms
[2026-06-05 03:26:34] [시스템] 텔레포트 주기 변경 -> 1287ms
[2026-06-05 03:26:34] [시스템] 텔레포트 주기 변경 -> 1258ms
[2026-06-05 03:26:34] [시스템] 텔레포트 주기 변경 -> 1200ms
[2026-06-05 03:26:34] [시스템] 텔레포트 주기 변경 -> 1171ms
[2026-06-05 03:26:34] [시스템] 텔레포트 주기 변경 -> 1142ms
[2026-06-05 03:26:34] [시스템] 텔레포트 주기 변경 -> 1113ms
[2026-06-05 03:26:34] [시스템] 텔레포트 주기 변경 -> 1084ms
[2026-06-05 03:26:34] [시스템] 텔레포트 주기 변경 -> 1055ms
[2026-06-05 03:26:34] [시스템] 텔레포트 주기 변경 -> 1026ms
[2026-06-05 03:26:34] [시스템] 텔레포트 주기 변경 -> 997ms
[2026-06-05 03:26:34] [시스템] 텔레포트 주기 변경 -> 968ms
[2026-06-05 03:26:34] [시스템] 텔레포트 주기 변경 -> 939ms
[2026-06-05 03:26:34] [시스템] 텔레포트 주기 변경 -> 911ms
[2026-06-05 03:26:34] [시스템] 텔레포트 주기 변경 -> 882ms
[2026-06-05 03:26:34] [시스템] 텔레포트 주기 변경 -> 853ms
[2026-06-05 03:26:34] [시스템] 텔레포트 주기 변경 -> 824ms
[2026-06-05 03:26:34] [시스템] 텔레포트 주기 변경 -> 795ms
[2026-06-05 03:26:34] [시스템] 텔레포트 주기 변경 -> 766ms
[2026-06-05 03:26:34] [시스템] 텔레포트 주기 변경 -> 737ms
[2026-06-05 03:26:34] [시스템] 텔레포트 주기 변경 -> 708ms
[2026-06-05 03:26:34] [시스템] 텔레포트 주기 변경 -> 679ms
[2026-06-05 03:26:34] [시스템] 텔레포트 주기 변경 -> 650ms
[2026-06-05 03:26:34] [시스템] 텔레포트 주기 변경 -> 621ms
[2026-06-05 03:26:35] [시스템] 텔레포트 주기 변경 -> 650ms
[2026-06-05 03:26:39] [시스템] 설정 영구 저장 완료 -> 프로필: 달곰
[2026-06-05 03:26:46] [시스템] [시작 검증] is_moving: False, is_running: True, hunt_mode: 2
[2026-06-05 03:26:46] [순환] [V2 진입 검증] 모드: 2, 유효 waypoint 개수: 5, 현재 인덱스: 3, 목표 범위: X(85~95), Y(84), 현재 캐릭터: (51, 71)
[2026-06-05 03:26:46] [순환] [V2 최초 시작점] 캐릭터 위치(51, 71)에서 가장 가까운 슬롯 1 지정 (거리: 0.50)
[2026-06-05 03:26:46] [순환] [V2 목표 추적] 슬롯 1 -> 범위: X(50~53), Y(71), 캐릭터: (51, 71), 오차: DX=0, DY=0
[2026-06-05 03:26:46] [순환] 순환 좌표 슬롯 1 안착 완료 (0.25초 대기 검증 완료) -> 체류 사냥 시작 (설정 시간: 2.0초)
[2026-06-05 03:26:46] [공격] [V3 체류 사냥 공격] 설정: 185ms, 실제 지연: 1780597606989ms
[2026-06-05 03:26:47] [공격] [V3 체류 사냥 공격] 설정: 185ms, 실제 지연: 325ms
[2026-06-05 03:26:47] [공격] [V3 체류 사냥 공격] 설정: 185ms, 실제 지연: 303ms
[2026-06-05 03:26:47] [공격] [V3 체류 사냥 공격] 설정: 185ms, 실제 지연: 338ms
[2026-06-05 03:26:48] [공격] [V3 체류 사냥 공격] 설정: 185ms, 실제 지연: 353ms
[2026-06-05 03:26:48] [공격] [V3 체류 사냥 공격] 설정: 185ms, 실제 지연: 340ms
[2026-06-05 03:26:48] [공격] [V3 체류 사냥 공격] 설정: 185ms, 실제 지연: 303ms
[2026-06-05 03:26:49] [순환] 다음 오름차순 목적지 갱신 -> 슬롯 2
[2026-06-05 03:26:49] [순환] [V2 목표 추적] 슬롯 2 -> 범위: X(58~60), Y(66), 캐릭터: (51, 71), 오차: DX=-7, DY=5
[2026-06-05 03:26:50] [순환] [V2 목표 추적] 슬롯 2 -> 범위: X(58~60), Y(66), 캐릭터: (56, 66), 오차: DX=-2, DY=0
[2026-06-05 03:26:50] [순환] [V2 목표 추적] 슬롯 2 -> 범위: X(58~60), Y(66), 캐릭터: (63, 62), 오차: DX=3, DY=-4
[2026-06-05 03:26:51] [순환] [V2 목표 추적] 슬롯 2 -> 범위: X(58~60), Y(66), 캐릭터: (63, 84), 오차: DX=3, DY=18
[2026-06-05 03:26:52] [순환] [V2 목표 추적] 슬롯 2 -> 범위: X(58~60), Y(66), 캐릭터: (56, 79), 오차: DX=-2, DY=13
[2026-06-05 03:26:52] [순환] [V2 목표 추적] 슬롯 2 -> 범위: X(58~60), Y(66), 캐릭터: (59, 77), 오차: DX=0, DY=11
[2026-06-05 03:26:52] [이동] 수직 상승 기동 (JUMP, Y차이: 11px, 실패 카운트: 0/4)
[2026-06-05 03:26:53] [순환] [V2 목표 추적] 슬롯 2 -> 범위: X(58~60), Y(66), 캐릭터: (63, 81), 오차: DX=3, DY=15
[2026-06-05 03:26:54] [순환] [V2 목표 추적] 슬롯 2 -> 범위: X(58~60), Y(66), 캐릭터: (58, 79), 오차: DX=0, DY=13
[2026-06-05 03:26:54] [이동] 수직 상승 기동 (JUMP, Y차이: 13px, 실패 카운트: 0/4)
[2026-06-05 03:26:54] [순환] [V2 목표 추적] 슬롯 2 -> 범위: X(58~60), Y(66), 캐릭터: (57, 82), 오차: DX=-1, DY=16
[2026-06-05 03:26:55] [순환] [V2 목표 추적] 슬롯 2 -> 범위: X(58~60), Y(66), 캐릭터: (65, 80), 오차: DX=5, DY=14
[2026-06-05 03:26:56] [순환] [V2 목표 추적] 슬롯 2 -> 범위: X(58~60), Y(66), 캐릭터: (60, 81), 오차: DX=0, DY=15
[2026-06-05 03:26:56] [이동] 수직 상승 기동 (JUMP, Y차이: 15px, 실패 카운트: 0/4)
[2026-06-05 03:26:56] [순환] [V2 목표 추적] 슬롯 2 -> 범위: X(58~60), Y(66), 캐릭터: (58, 82), 오차: DX=0, DY=16
[2026-06-05 03:26:57] [이동] 수직 상승 기동 (JUMP, Y차이: 16px, 실패 카운트: 1/4)
[2026-06-05 03:26:57] [순환] [V2 목표 추적] 슬롯 2 -> 범위: X(58~60), Y(66), 캐릭터: (57, 84), 오차: DX=-1, DY=18
[2026-06-05 03:26:58] [순환] [V2 목표 추적] 슬롯 2 -> 범위: X(58~60), Y(66), 캐릭터: (63, 80), 오차: DX=3, DY=14
[2026-06-05 03:26:59] [순환] [V2 목표 추적] 슬롯 2 -> 범위: X(58~60), Y(66), 캐릭터: (58, 80), 오차: DX=0, DY=14
[2026-06-05 03:26:59] [이동] 수직 상승 기동 (JUMP, Y차이: 14px, 실패 카운트: 2/4)
[2026-06-05 03:26:59] [순환] [V2 목표 추적] 슬롯 2 -> 범위: X(58~60), Y(66), 캐릭터: (55, 83), 오차: DX=-3, DY=17
[2026-06-05 03:27:00] [순환] [V2 목표 추적] 슬롯 2 -> 범위: X(58~60), Y(66), 캐릭터: (60, 78), 오차: DX=0, DY=12
[2026-06-05 03:27:00] [이동] 수직 상승 기동 (JUMP, Y차이: 12px, 실패 카운트: 3/4)
[2026-06-05 03:27:01] [순환] [V2 목표 추적] 슬롯 2 -> 범위: X(58~60), Y(66), 캐릭터: (64, 83), 오차: DX=4, DY=17
[2026-06-05 03:27:01] [순환] [V2 목표 추적] 슬롯 2 -> 범위: X(58~60), Y(66), 캐릭터: (58, 79), 오차: DX=0, DY=13
[2026-06-05 03:27:01] [이동] 수직 상승 기동 (JUMP, Y차이: 13px, 실패 카운트: 0/4)
[2026-06-05 03:27:02] [순환] [V2 목표 추적] 슬롯 2 -> 범위: X(58~60), Y(66), 캐릭터: (54, 83), 오차: DX=-4, DY=17
[2026-06-05 03:27:03] [순환] [V2 목표 추적] 슬롯 2 -> 범위: X(58~60), Y(66), 캐릭터: (60, 80), 오차: DX=0, DY=14
[2026-06-05 03:27:03] [이동] 수직 상승 기동 (JUMP, Y차이: 14px, 실패 카운트: 0/4)
[2026-06-05 03:27:04] [순환] [V2 목표 추적] 슬롯 2 -> 범위: X(58~60), Y(66), 캐릭터: (64, 84), 오차: DX=4, DY=18
[2026-06-05 03:27:04] [순환] [V2 목표 추적] 슬롯 2 -> 범위: X(58~60), Y(66), 캐릭터: (59, 79), 오차: DX=0, DY=13
[2026-06-05 03:27:04] [이동] 수직 상승 기동 (JUMP, Y차이: 13px, 실패 카운트: 1/4)
[2026-06-05 03:27:05] [순환] [V2 목표 추적] 슬롯 2 -> 범위: X(58~60), Y(66), 캐릭터: (56, 82), 오차: DX=-2, DY=16
[2026-06-05 03:27:06] [순환] [V2 목표 추적] 슬롯 2 -> 범위: X(58~60), Y(66), 캐릭터: (61, 79), 오차: DX=1, DY=13
[2026-06-05 03:27:06] [순환] [V2 목표 추적] 슬롯 2 -> 범위: X(58~60), Y(66), 캐릭터: (57, 78), 오차: DX=-1, DY=12
[2026-06-05 03:27:07] [순환] [V2 목표 추적] 슬롯 2 -> 범위: X(58~60), Y(66), 캐릭터: (61, 79), 오차: DX=1, DY=13
[2026-06-05 03:27:08] [순환] [V2 목표 추적] 슬롯 2 -> 범위: X(58~60), Y(66), 캐릭터: (58, 78), 오차: DX=0, DY=12
[2026-06-05 03:27:08] [이동] 수직 상승 기동 (JUMP, Y차이: 12px, 실패 카운트: 0/4)
[2026-06-05 03:27:08] [순환] [V2 목표 추적] 슬롯 2 -> 범위: X(58~60), Y(66), 캐릭터: (62, 80), 오차: DX=2, DY=14
[2026-06-05 03:27:09] [순환] [V2 목표 추적] 슬롯 2 -> 범위: X(58~60), Y(66), 캐릭터: (58, 80), 오차: DX=0, DY=14
[2026-06-05 03:27:09] [이동] 수직 상승 기동 (JUMP, Y차이: 14px, 실패 카운트: 1/4)
[2026-06-05 03:27:10] [순환] [V2 목표 추적] 슬롯 2 -> 범위: X(58~60), Y(66), 캐릭터: (59, 80), 오차: DX=0, DY=14
[2026-06-05 03:27:10] [이동] 수직 상승 기동 (JUMP, Y차이: 14px, 실패 카운트: 2/4)
[2026-06-05 03:27:11] [순환] [V2 목표 추적] 슬롯 2 -> 범위: X(58~60), Y(66), 캐릭터: (60, 83), 오차: DX=0, DY=17
[2026-06-05 03:27:11] [이동] 수직 상승 기동 (JUMP, Y차이: 17px, 실패 카운트: 0/4)
[2026-06-05 03:27:11] [순환] [V2 목표 추적] 슬롯 2 -> 범위: X(58~60), Y(66), 캐릭터: (60, 83), 오차: DX=0, DY=17
[2026-06-05 03:27:11] [이동] 수직 상승 기동 (JUMP, Y차이: 17px, 실패 카운트: 1/4)
[2026-06-05 03:27:12] [순환] [V2 목표 추적] 슬롯 2 -> 범위: X(58~60), Y(66), 캐릭터: (64, 84), 오차: DX=4, DY=18
[2026-06-05 03:27:13] [순환] [V2 목표 추적] 슬롯 2 -> 범위: X(58~60), Y(66), 캐릭터: (59, 79), 오차: DX=0, DY=13
[2026-06-05 03:27:13] [이동] 수직 상승 기동 (JUMP, Y차이: 13px, 실패 카운트: 2/4)
[2026-06-05 03:27:13] [순환] [V2 목표 추적] 슬롯 2 -> 범위: X(58~60), Y(66), 캐릭터: (55, 83), 오차: DX=-3, DY=17
[2026-06-05 03:27:14] [순환] [V2 목표 추적] 슬롯 2 -> 범위: X(58~60), Y(66), 캐릭터: (61, 81), 오차: DX=1, DY=15
[2026-06-05 03:27:15] [순환] [V2 목표 추적] 슬롯 2 -> 범위: X(58~60), Y(66), 캐릭터: (57, 79), 오차: DX=-1, DY=13
[2026-06-05 03:27:15] [순환] [V2 목표 추적] 슬롯 2 -> 범위: X(58~60), Y(66), 캐릭터: (60, 78), 오차: DX=0, DY=12
[2026-06-05 03:27:15] [이동] 수직 상승 기동 (JUMP, Y차이: 12px, 실패 카운트: 3/4)
[2026-06-05 03:27:16] [순환] [V2 목표 추적] 슬롯 2 -> 범위: X(58~60), Y(66), 캐릭터: (63, 82), 오차: DX=3, DY=16
[2026-06-05 03:27:17] [순환] [V2 목표 추적] 슬롯 2 -> 범위: X(58~60), Y(66), 캐릭터: (58, 79), 오차: DX=0, DY=13
[2026-06-05 03:27:17] [이동] 수직 상승 기동 (JUMP, Y차이: 13px, 실패 카운트: 0/4)
[2026-06-05 03:27:18] [순환] [V2 목표 추적] 슬롯 2 -> 범위: X(58~60), Y(66), 캐릭터: (54, 83), 오차: DX=-4, DY=17
[2026-06-05 03:27:18] [순환] [V2 목표 추적] 슬롯 2 -> 범위: X(58~60), Y(66), 캐릭터: (59, 78), 오차: DX=0, DY=12
[2026-06-05 03:27:18] [이동] 수직 상승 기동 (JUMP, Y차이: 12px, 실패 카운트: 1/4)
[2026-06-05 03:27:19] [순환] [V2 목표 추적] 슬롯 2 -> 범위: X(58~60), Y(66), 캐릭터: (61, 80), 오차: DX=1, DY=14
[2026-06-05 03:27:20] [순환] [V2 목표 추적] 슬롯 2 -> 범위: X(58~60), Y(66), 캐릭터: (53, 79), 오차: DX=-5, DY=13
[2026-06-05 03:27:20] [순환] [V2 목표 추적] 슬롯 2 -> 범위: X(58~60), Y(66), 캐릭터: (56, 78), 오차: DX=-2, DY=12
[2026-06-05 03:27:21] [순환] [V2 목표 추적] 슬롯 2 -> 범위: X(58~60), Y(66), 캐릭터: (64, 79), 오차: DX=4, DY=13
[2026-06-05 03:27:22] [순환] [V2 목표 추적] 슬롯 2 -> 범위: X(58~60), Y(66), 캐릭터: (57, 78), 오차: DX=-1, DY=12
[2026-06-05 03:27:22] [순환] [V2 목표 추적] 슬롯 2 -> 범위: X(58~60), Y(66), 캐릭터: (61, 79), 오차: DX=1, DY=13
[2026-06-05 03:27:23] [순환] [V2 목표 추적] 슬롯 2 -> 범위: X(58~60), Y(66), 캐릭터: (65, 84), 오차: DX=5, DY=18
[2026-06-05 03:27:24] [순환] [V2 목표 추적] 슬롯 2 -> 범위: X(58~60), Y(66), 캐릭터: (59, 79), 오차: DX=0, DY=13
[2026-06-05 03:27:24] [이동] 수직 상승 기동 (JUMP, Y차이: 13px, 실패 카운트: 2/4)
[2026-06-05 03:27:24] [순환] [V2 목표 추적] 슬롯 2 -> 범위: X(58~60), Y(66), 캐릭터: (55, 83), 오차: DX=-3, DY=17
[2026-06-05 03:27:25] [순환] [V2 목표 추적] 슬롯 2 -> 범위: X(58~60), Y(66), 캐릭터: (60, 79), 오차: DX=0, DY=13
[2026-06-05 03:27:25] [이동] 수직 상승 기동 (JUMP, Y차이: 13px, 실패 카운트: 3/4)
[2026-06-05 03:27:26] [이동] [수직 복귀 실패 감지] 연속 4회 수직 이동 실패. 비상 탈출 실행.
[2026-06-05 03:27:26] [순환] [V2 고정순환] 수직 이동 실패로 인한 다음 목적지 강제 갱신 -> 슬롯 3
[2026-06-05 03:27:26] [순환] [V2 목표 추적] 슬롯 3 -> 범위: X(88~98), Y(61), 캐릭터: (61, 83), 오차: DX=-27, DY=22
[2026-06-05 03:27:27] [순환] [V2 목표 추적] 슬롯 3 -> 범위: X(88~98), Y(61), 캐릭터: (65, 80), 오차: DX=-23, DY=19
[2026-06-05 03:27:28] [순환] [V2 목표 추적] 슬롯 3 -> 범위: X(88~98), Y(61), 캐릭터: (65, 76), 오차: DX=-23, DY=15
[2026-06-05 03:27:28] [순환] [V2 목표 추적] 슬롯 3 -> 범위: X(88~98), Y(61), 캐릭터: (68, 79), 오차: DX=-20, DY=18
[2026-06-05 03:27:29] [순환] [V2 목표 추적] 슬롯 3 -> 범위: X(88~98), Y(61), 캐릭터: (76, 81), 오차: DX=-12, DY=20
[2026-06-05 03:27:30] [순환] [V2 목표 추적] 슬롯 3 -> 범위: X(88~98), Y(61), 캐릭터: (82, 79), 오차: DX=-6, DY=18
[2026-06-05 03:27:30] [순환] [V2 목표 추적] 슬롯 3 -> 범위: X(88~98), Y(61), 캐릭터: (88, 78), 오차: DX=0, DY=17
[2026-06-05 03:27:30] [이동] 수직 상승 기동 (JUMP, Y차이: 17px, 실패 카운트: 0/4)
[2026-06-05 03:27:31] [순환] [V2 목표 추적] 슬롯 3 -> 범위: X(88~98), Y(61), 캐릭터: (92, 83), 오차: DX=0, DY=22
[2026-06-05 03:27:31] [이동] 수직 상승 기동 (JUMP, Y차이: 22px, 실패 카운트: 0/4)
[2026-06-05 03:27:32] [순환] [V2 목표 추적] 슬롯 3 -> 범위: X(88~98), Y(61), 캐릭터: (92, 83), 오차: DX=0, DY=22
[2026-06-05 03:27:32] [이동] 수직 상승 기동 (JUMP, Y차이: 22px, 실패 카운트: 1/4)
[2026-06-05 03:27:32] [순환] [V2 목표 추적] 슬롯 3 -> 범위: X(88~98), Y(61), 캐릭터: (92, 83), 오차: DX=0, DY=22
[2026-06-05 03:27:32] [이동] 수직 상승 기동 (JUMP, Y차이: 22px, 실패 카운트: 2/4)
[2026-06-05 03:27:33] [순환] [V2 목표 추적] 슬롯 3 -> 범위: X(88~98), Y(61), 캐릭터: (92, 83), 오차: DX=0, DY=22
[2026-06-05 03:27:33] [이동] 수직 상승 기동 (JUMP, Y차이: 22px, 실패 카운트: 3/4)
[2026-06-05 03:27:34] [이동] [수직 복귀 실패 감지] 연속 4회 수직 이동 실패. 비상 탈출 실행.
[2026-06-05 03:27:34] [순환] [V2 고정순환] 수직 이동 실패로 인한 다음 목적지 강제 갱신 -> 슬롯 4
[2026-06-05 03:27:34] [순환] [V2 목표 추적] 슬롯 4 -> 범위: X(85~95), Y(84), 캐릭터: (89, 84), 오차: DX=0, DY=0
[2026-06-05 03:27:35] [순환] [V2 목표 추적] 슬롯 4 -> 범위: X(85~95), Y(84), 캐릭터: (89, 83), 오차: DX=0, DY=0
[2026-06-05 03:27:35] [순환] [V2 목표 추적] 슬롯 4 -> 범위: X(85~95), Y(84), 캐릭터: (94, 83), 오차: DX=0, DY=0
[2026-06-05 03:27:35] [순환] 순환 좌표 슬롯 4 안착 완료 (0.25초 대기 검증 완료) -> 체류 사냥 시작 (설정 시간: 2.0초)
[2026-06-05 03:27:35] [공격] [V3 체류 사냥 공격] 설정: 185ms, 실제 지연: 46390ms
[2026-06-05 03:27:35] [공격] [V3 체류 사냥 공격] 설정: 185ms, 실제 지연: 319ms
[2026-06-05 03:27:36] [공격] [V3 체류 사냥 공격] 설정: 185ms, 실제 지연: 340ms
[2026-06-05 03:27:36] [공격] [V3 체류 사냥 공격] 설정: 185ms, 실제 지연: 305ms
[2026-06-05 03:27:36] [공격] [V3 체류 사냥 공격] 설정: 185ms, 실제 지연: 326ms
[2026-06-05 03:27:36] [공격] [V3 체류 사냥 공격] 설정: 185ms, 실제 지연: 323ms
[2026-06-05 03:27:37] [공격] [V3 체류 사냥 공격] 설정: 185ms, 실제 지연: 319ms
[2026-06-05 03:27:37] [순환] 다음 오름차순 목적지 갱신 -> 슬롯 5
[2026-06-05 03:27:37] [순환] [V2 목표 추적] 슬롯 5 -> 범위: X(50~53), Y(84), 캐릭터: (95, 83), 오차: DX=42, DY=0
[2026-06-05 03:27:38] [순환] [V2 목표 추적] 슬롯 5 -> 범위: X(50~53), Y(84), 캐릭터: (95, 83), 오차: DX=42, DY=0
[2026-06-05 03:27:39] [순환] [V2 목표 추적] 슬롯 5 -> 범위: X(50~53), Y(84), 캐릭터: (90, 83), 오차: DX=37, DY=0
[2026-06-05 03:27:39] [순환] [V2 목표 추적] 슬롯 5 -> 범위: X(50~53), Y(84), 캐릭터: (85, 83), 오차: DX=32, DY=0
[2026-06-05 03:27:40] [순환] [V2 목표 추적] 슬롯 5 -> 범위: X(50~53), Y(84), 캐릭터: (80, 83), 오차: DX=27, DY=0
[2026-06-05 03:27:41] [순환] [V2 목표 추적] 슬롯 5 -> 범위: X(50~53), Y(84), 캐릭터: (76, 83), 오차: DX=23, DY=0
[2026-06-05 03:27:41] [순환] [V2 목표 추적] 슬롯 5 -> 범위: X(50~53), Y(84), 캐릭터: (70, 83), 오차: DX=17, DY=0
[2026-06-05 03:27:42] [순환] [V2 목표 추적] 슬롯 5 -> 범위: X(50~53), Y(84), 캐릭터: (71, 83), 오차: DX=18, DY=0
[2026-06-05 03:27:43] [순환] [V2 목표 추적] 슬롯 5 -> 범위: X(50~53), Y(84), 캐릭터: (66, 83), 오차: DX=13, DY=0
[2026-06-05 03:27:43] [순환] [V2 목표 추적] 슬롯 5 -> 범위: X(50~53), Y(84), 캐릭터: (62, 83), 오차: DX=9, DY=0
[2026-06-05 03:27:44] [순환] [V2 목표 추적] 슬롯 5 -> 범위: X(50~53), Y(84), 캐릭터: (56, 83), 오차: DX=3, DY=0
[2026-06-05 03:27:45] [순환] [V2 목표 추적] 슬롯 5 -> 범위: X(50~53), Y(84), 캐릭터: (58, 83), 오차: DX=5, DY=0
[2026-06-05 03:27:46] [순환] [V2 목표 추적] 슬롯 5 -> 범위: X(50~53), Y(84), 캐릭터: (53, 83), 오차: DX=0, DY=0
[2026-06-05 03:27:46] [순환] [V2 목표 추적] 슬롯 5 -> 범위: X(50~53), Y(84), 캐릭터: (53, 83), 오차: DX=0, DY=0
[2026-06-05 03:27:46] [순환] [V2 목표 추적] 슬롯 5 -> 범위: X(50~53), Y(84), 캐릭터: (48, 82), 오차: DX=-2, DY=-2
[2026-06-05 03:27:47] [순환] [V2 목표 추적] 슬롯 5 -> 범위: X(50~53), Y(84), 캐릭터: (52, 84), 오차: DX=0, DY=0
[2026-06-05 03:27:47] [순환] [V2 목표 추적] 슬롯 5 -> 범위: X(50~53), Y(84), 캐릭터: (52, 84), 오차: DX=0, DY=0
[2026-06-05 03:27:47] [이동] [수직 복귀 실패 감지] 연속 4회 수직 이동 실패. 비상 탈출 실행.
[2026-06-05 03:27:48] [순환] [V2 고정순환] 수직 이동 실패로 인한 다음 목적지 강제 갱신 -> 슬롯 1
[2026-06-05 03:27:48] [순환] [V2 목표 추적] 슬롯 1 -> 범위: X(50~53), Y(71), 캐릭터: (58, 83), 오차: DX=5, DY=12
[2026-06-05 03:27:48] [순환] [V2 목표 추적] 슬롯 1 -> 범위: X(50~53), Y(71), 캐릭터: (56, 83), 오차: DX=3, DY=12
[2026-06-05 03:27:49] [순환] [V2 목표 추적] 슬롯 1 -> 범위: X(50~53), Y(71), 캐릭터: (51, 84), 오차: DX=0, DY=13
[2026-06-05 03:27:49] [이동] 수직 상승 기동 (TELEPORT, Y차이: 13px, 실패 카운트: 0/4)
[2026-06-05 03:27:50] [순환] [V2 목표 추적] 슬롯 1 -> 범위: X(50~53), Y(71), 캐릭터: (51, 84), 오차: DX=0, DY=13
[2026-06-05 03:27:50] [이동] 수직 상승 기동 (TELEPORT, Y차이: 13px, 실패 카운트: 1/4)
[2026-06-05 03:27:51] [순환] [V2 목표 추적] 슬롯 1 -> 범위: X(50~53), Y(71), 캐릭터: (57, 83), 오차: DX=4, DY=12
[2026-06-05 03:27:52] [순환] [V2 목표 추적] 슬롯 1 -> 범위: X(50~53), Y(71), 캐릭터: (53, 83), 오차: DX=0, DY=12
[2026-06-05 03:27:52] [이동] 수직 상승 기동 (TELEPORT, Y차이: 12px, 실패 카운트: 2/4)
[2026-06-05 03:27:53] [순환] [V2 목표 추적] 슬롯 1 -> 범위: X(50~53), Y(71), 캐릭터: (46, 83), 오차: DX=-4, DY=12
[2026-06-05 03:27:53] [순환] [V2 목표 추적] 슬롯 1 -> 범위: X(50~53), Y(71), 캐릭터: (52, 82), 오차: DX=0, DY=11
[2026-06-05 03:27:53] [이동] 수직 상승 기동 (TELEPORT, Y차이: 11px, 실패 카운트: 3/4)
[2026-06-05 03:27:54] [이동] [수직 복귀 실패 감지] 연속 4회 수직 이동 실패. 비상 탈출 실행.
[2026-06-05 03:27:55] [순환] [V2 고정순환] 수직 이동 실패로 인한 다음 목적지 강제 갱신 -> 슬롯 2
[2026-06-05 03:27:55] [순환] [V2 목표 추적] 슬롯 2 -> 범위: X(58~60), Y(66), 캐릭터: (54, 83), 오차: DX=-4, DY=17
[2026-06-05 03:27:55] [순환] [V2 목표 추적] 슬롯 2 -> 범위: X(58~60), Y(66), 캐릭터: (59, 82), 오차: DX=0, DY=16
[2026-06-05 03:27:55] [이동] 수직 상승 기동 (TELEPORT, Y차이: 16px, 실패 카운트: 0/4)
[2026-06-05 03:27:56] [순환] [V2 목표 추적] 슬롯 2 -> 범위: X(58~60), Y(66), 캐릭터: (64, 84), 오차: DX=4, DY=18
[2026-06-05 03:27:57] [순환] [V2 목표 추적] 슬롯 2 -> 범위: X(58~60), Y(66), 캐릭터: (59, 83), 오차: DX=0, DY=17
[2026-06-05 03:27:57] [이동] 수직 상승 기동 (TELEPORT, Y차이: 17px, 실패 카운트: 1/4)
[2026-06-05 03:27:58] [순환] [V2 목표 추적] 슬롯 2 -> 범위: X(58~60), Y(66), 캐릭터: (52, 83), 오차: DX=-6, DY=17
[2026-06-05 03:27:59] [순환] [V2 목표 추적] 슬롯 2 -> 범위: X(58~60), Y(66), 캐릭터: (57, 84), 오차: DX=-1, DY=18
[2026-06-05 03:28:00] [순환] [V2 목표 추적] 슬롯 2 -> 범위: X(58~60), Y(66), 캐릭터: (62, 83), 오차: DX=2, DY=17
[2026-06-05 03:28:00] [순환] [V2 목표 추적] 슬롯 2 -> 범위: X(58~60), Y(66), 캐릭터: (53, 83), 오차: DX=-5, DY=17
[2026-06-05 03:28:01] [순환] [V2 목표 추적] 슬롯 2 -> 범위: X(58~60), Y(66), 캐릭터: (57, 84), 오차: DX=-1, DY=18
[2026-06-05 03:28:02] [순환] [V2 목표 추적] 슬롯 2 -> 범위: X(58~60), Y(66), 캐릭터: (64, 82), 오차: DX=4, DY=16
[2026-06-05 03:28:02] [시스템] [전역 긴급 정지] 사냥 시스템을 즉시 중지하고 모든 입력을 해제했습니다.
[2026-06-05 03:28:05] [시스템] [시작 검증] is_moving: False, is_running: True, hunt_mode: 2
[2026-06-05 03:28:05] [시스템] 사냥 시스템을 가동합니다.
[2026-06-05 03:28:05] [순환] [V2 진입 검증] 모드: 2, 유효 waypoint 개수: 5, 현재 인덱스: 1, 목표 범위: X(58~60), Y(66), 현재 캐릭터: (52, 71)
[2026-06-05 03:28:05] [순환] [V2 최초 시작점] 캐릭터 위치(52, 71)에서 가장 가까운 슬롯 1 지정 (거리: 0.50)
[2026-06-05 03:28:05] [순환] [V2 목표 추적] 슬롯 1 -> 범위: X(50~53), Y(71), 캐릭터: (52, 71), 오차: DX=0, DY=0
[2026-06-05 03:28:06] [순환] [V2 목표 추적] 슬롯 1 -> 범위: X(50~53), Y(71), 캐릭터: (52, 71), 오차: DX=0, DY=0
[2026-06-05 03:28:06] [이동] [수직 복귀 실패 감지] 연속 4회 수직 이동 실패. 비상 탈출 실행.
[2026-06-05 03:28:06] [순환] [V2 고정순환] 수직 이동 실패로 인한 다음 목적지 강제 갱신 -> 슬롯 2
[2026-06-05 03:28:06] [순환] [V2 목표 추적] 슬롯 2 -> 범위: X(58~60), Y(66), 캐릭터: (56, 72), 오차: DX=-2, DY=6
[2026-06-05 03:28:07] [순환] [V2 목표 추적] 슬롯 2 -> 범위: X(58~60), Y(66), 캐릭터: (62, 83), 오차: DX=2, DY=17
[2026-06-05 03:28:07] [시스템] [전역 긴급 정지] 사냥 시스템을 즉시 중지하고 모든 입력을 해제했습니다.
[2026-06-05 03:28:11] [시스템] [시작 검증] is_moving: False, is_running: True, hunt_mode: 2
[2026-06-05 03:28:11] [순환] [V2 진입 검증] 모드: 2, 유효 waypoint 개수: 5, 현재 인덱스: 1, 목표 범위: X(58~60), Y(66), 현재 캐릭터: (52, 71)
[2026-06-05 03:28:11] [순환] [V2 최초 시작점] 캐릭터 위치(52, 71)에서 가장 가까운 슬롯 1 지정 (거리: 0.50)
[2026-06-05 03:28:11] [순환] [V2 목표 추적] 슬롯 1 -> 범위: X(50~53), Y(71), 캐릭터: (52, 71), 오차: DX=0, DY=0
[2026-06-05 03:28:11] [순환] [V2 목표 추적] 슬롯 1 -> 범위: X(50~53), Y(71), 캐릭터: (52, 71), 오차: DX=0, DY=0
[2026-06-05 03:28:11] [순환] [V2 목표 추적] 슬롯 1 -> 범위: X(50~53), Y(71), 캐릭터: (52, 71), 오차: DX=0, DY=0
[2026-06-05 03:28:11] [순환] 순환 좌표 슬롯 1 안착 완료 (0.25초 대기 검증 완료) -> 체류 사냥 시작 (설정 시간: 2.0초)
[2026-06-05 03:28:11] [공격] [V3 체류 사냥 공격] 설정: 185ms, 실제 지연: 1780597691473ms
[2026-06-05 03:28:11] [공격] [V3 체류 사냥 공격] 설정: 185ms, 실제 지연: 309ms
[2026-06-05 03:28:12] [공격] [V3 체류 사냥 공격] 설정: 185ms, 실제 지연: 313ms
[2026-06-05 03:28:12] [공격] [V3 체류 사냥 공격] 설정: 185ms, 실제 지연: 324ms
[2026-06-05 03:28:12] [공격] [V3 체류 사냥 공격] 설정: 185ms, 실제 지연: 309ms
[2026-06-05 03:28:13] [공격] [V3 체류 사냥 공격] 설정: 185ms, 실제 지연: 325ms
[2026-06-05 03:28:13] [공격] [V3 체류 사냥 공격] 설정: 185ms, 실제 지연: 315ms
[2026-06-05 03:28:13] [순환] 다음 오름차순 목적지 갱신 -> 슬롯 2
[2026-06-05 03:28:13] [순환] [V2 목표 추적] 슬롯 2 -> 범위: X(58~60), Y(66), 캐릭터: (52, 71), 오차: DX=-6, DY=5
[2026-06-05 03:28:14] [순환] [V2 목표 추적] 슬롯 2 -> 범위: X(58~60), Y(66), 캐릭터: (52, 71), 오차: DX=-6, DY=5
[2026-06-05 03:28:15] [순환] [V2 목표 추적] 슬롯 2 -> 범위: X(58~60), Y(66), 캐릭터: (57, 66), 오차: DX=-1, DY=0
[2026-06-05 03:28:15] [순환] [V2 목표 추적] 슬롯 2 -> 범위: X(58~60), Y(66), 캐릭터: (64, 63), 오차: DX=4, DY=-3
[2026-06-05 03:28:16] [순환] [V2 목표 추적] 슬롯 2 -> 범위: X(58~60), Y(66), 캐릭터: (63, 84), 오차: DX=3, DY=18
[2026-06-05 03:28:17] [순환] [V2 목표 추적] 슬롯 2 -> 범위: X(58~60), Y(66), 캐릭터: (57, 78), 오차: DX=-1, DY=12
[2026-06-05 03:28:17] [순환] [V2 목표 추적] 슬롯 2 -> 범위: X(58~60), Y(66), 캐릭터: (61, 79), 오차: DX=1, DY=13
[2026-06-05 03:28:18] [순환] [V2 목표 추적] 슬롯 2 -> 범위: X(58~60), Y(66), 캐릭터: (57, 78), 오차: DX=-1, DY=12
[2026-06-05 03:28:19] [순환] [V2 목표 추적] 슬롯 2 -> 범위: X(58~60), Y(66), 캐릭터: (55, 79), 오차: DX=-3, DY=13
[2026-06-05 03:28:19] [시스템] [전역 긴급 정지] 사냥 시스템을 즉시 중지하고 모든 입력을 해제했습니다.
[2026-06-05 03:28:23] [시스템] [시작 검증] is_moving: False, is_running: True, hunt_mode: 2
[2026-06-05 03:28:23] [순환] [V2 진입 검증] 모드: 2, 유효 waypoint 개수: 5, 현재 인덱스: 1, 목표 범위: X(58~60), Y(66), 현재 캐릭터: (52, 71)
[2026-06-05 03:28:23] [순환] [V2 최초 시작점] 캐릭터 위치(52, 71)에서 가장 가까운 슬롯 1 지정 (거리: 0.50)
[2026-06-05 03:28:23] [순환] [V2 목표 추적] 슬롯 1 -> 범위: X(50~53), Y(71), 캐릭터: (52, 71), 오차: DX=0, DY=0
[2026-06-05 03:28:23] [순환] [V2 목표 추적] 슬롯 1 -> 범위: X(50~53), Y(71), 캐릭터: (52, 71), 오차: DX=0, DY=0
[2026-06-05 03:28:23] [순환] [V2 목표 추적] 슬롯 1 -> 범위: X(50~53), Y(71), 캐릭터: (52, 71), 오차: DX=0, DY=0
[2026-06-05 03:28:23] [순환] 순환 좌표 슬롯 1 안착 완료 (0.25초 대기 검증 완료) -> 체류 사냥 시작 (설정 시간: 2.0초)
[2026-06-05 03:28:23] [공격] [V3 체류 사냥 공격] 설정: 185ms, 실제 지연: 1780597703864ms
[2026-06-05 03:28:24] [공격] [V3 체류 사냥 공격] 설정: 185ms, 실제 지연: 347ms
[2026-06-05 03:28:24] [공격] [V3 체류 사냥 공격] 설정: 185ms, 실제 지연: 351ms
[2026-06-05 03:28:24] [공격] [V3 체류 사냥 공격] 설정: 185ms, 실제 지연: 352ms
[2026-06-05 03:28:25] [공격] [V3 체류 사냥 공격] 설정: 185ms, 실제 지연: 336ms
[2026-06-05 03:28:25] [공격] [V3 체류 사냥 공격] 설정: 185ms, 실제 지연: 322ms
[2026-06-05 03:28:25] [순환] 다음 오름차순 목적지 갱신 -> 슬롯 2
[2026-06-05 03:28:26] [순환] [V2 목표 추적] 슬롯 2 -> 범위: X(58~60), Y(66), 캐릭터: (52, 71), 오차: DX=-6, DY=5
[2026-06-05 03:28:26] [순환] [V2 목표 추적] 슬롯 2 -> 범위: X(58~60), Y(66), 캐릭터: (57, 66), 오차: DX=-1, DY=0
[2026-06-05 03:28:27] [순환] [V2 목표 추적] 슬롯 2 -> 범위: X(58~60), Y(66), 캐릭터: (63, 63), 오차: DX=3, DY=-3
[2026-06-05 03:28:28] [순환] [V2 목표 추적] 슬롯 2 -> 범위: X(58~60), Y(66), 캐릭터: (63, 84), 오차: DX=3, DY=18
[2026-06-05 03:28:28] [순환] [V2 목표 추적] 슬롯 2 -> 범위: X(58~60), Y(66), 캐릭터: (56, 79), 오차: DX=-2, DY=13
[2026-06-05 03:28:29] [순환] [V2 목표 추적] 슬롯 2 -> 범위: X(58~60), Y(66), 캐릭터: (59, 78), 오차: DX=0, DY=12
[2026-06-05 03:28:29] [이동] 수직 상승 기동 (JUMP, Y차이: 12px, 실패 카운트: 0/4)
[2026-06-05 03:28:30] [순환] [V2 목표 추적] 슬롯 2 -> 범위: X(58~60), Y(66), 캐릭터: (62, 82), 오차: DX=2, DY=16
[2026-06-05 03:28:30] [시스템] [전역 긴급 정지] 사냥 시스템을 즉시 중지하고 모든 입력을 해제했습니다.
[2026-06-05 03:33:35] [시스템] 설정 영구 저장 완료 -> 프로필: 달곰
[2026-06-05 03:33:40] [시스템] 좌측 경계 임계값 변경 -> 27
[2026-06-05 03:33:40] [시스템] 우측 경계 임계값 변경 -> 159
[2026-06-05 03:33:40] [시스템] 공격 주기 변경 -> 185ms
[2026-06-05 03:33:40] [시스템] 텔레포트 주기 변경 -> 650ms
[2026-06-05 03:33:40] [시스템] 설정 복원 완료 -> 프로필: 달곰
[2026-06-05 03:33:47] [시스템] 좌측 경계 임계값 변경 -> 26
[2026-06-05 03:33:47] [시스템] 우측 경계 임계값 변경 -> 153
[2026-06-05 03:33:47] [시스템] 텔레포트 주기 변경 -> 1500ms
[2026-06-05 03:33:47] [시스템] 프로필 변경 적용 완료 -> 빨코3
[2026-06-05 03:33:59] [시스템] 좌측 경계 임계값 변경 -> 27
[2026-06-05 03:33:59] [시스템] 우측 경계 임계값 변경 -> 159
[2026-06-05 03:33:59] [시스템] 텔레포트 주기 변경 -> 650ms
[2026-06-05 03:33:59] [시스템] 프로필 변경 적용 완료 -> 달곰
[2026-06-05 03:34:12] [시스템] 좌측 경계 임계값 변경 -> 27
[2026-06-05 03:34:12] [시스템] 우측 경계 임계값 변경 -> 159
[2026-06-05 03:34:12] [시스템] 공격 주기 변경 -> 185ms
[2026-06-05 03:34:12] [시스템] 텔레포트 주기 변경 -> 650ms
[2026-06-05 03:34:12] [시스템] 설정 복원 완료 -> 프로필: 달곰
[2026-06-05 03:34:20] [순환] [수동 입력 좌표 반영] 슬롯 1 -> 축: Y, 값: 71, 반영 후 전체: {'x_min': 50, 'x_max': 53, 'y': 71, 'move_type': 'JUMP', 'stay_time': 2.0}
[2026-06-05 10:15:11] [시스템] 좌측 경계 임계값 변경 -> 27
[2026-06-05 10:15:11] [시스템] 우측 경계 임계값 변경 -> 159
[2026-06-05 10:15:11] [시스템] 공격 주기 변경 -> 185ms
[2026-06-05 10:15:11] [시스템] 텔레포트 주기 변경 -> 650ms
[2026-06-05 10:15:11] [시스템] 설정 복원 완료 -> 프로필: 달곰
