[2026-06-07 14:18:39] [시스템] 설정 복원 완료 -> 프로필: 기본설정
[2026-06-07 14:18:56] [시스템] 설정 복원 완료 -> 프로필: 기본설정
[2026-06-07 14:19:04] [시스템] 좌측 경계 임계값 변경 -> 24
[2026-06-07 14:19:04] [시스템] 우측 경계 임계값 변경 -> 141
[2026-06-07 14:19:04] [시스템] 설정 복원 완료 -> 프로필: 기본설정
[2026-06-07 14:19:06] [시스템] 작동 모드 변경: 순환사냥 V2
[2026-06-07 14:19:26] [순환] [순환 이동 방식 변경] 슬롯 02 → 03 이동방식: TELE_UP
[2026-06-07 14:19:28] [순환] [순환 이동 방식 변경] 슬롯 03 → 04 이동방식: DROP
[2026-06-07 14:19:30] [순환] [순환 이동 방식 변경] 슬롯 04 → 05 이동방식: DROP
[2026-06-07 14:19:34] [순환] [순환 이동 방식 변경] 슬롯 05 → 06 이동방식: TELE_RIGHT
[2026-06-07 14:19:37] [순환] [순환 이동 방식 변경] 슬롯 06 → 07 이동방식: TELE_UP
[2026-06-07 14:19:56] [시스템] [시작 검증] is_moving: False, is_running: True, hunt_mode: 2
[2026-06-07 14:19:56] [시스템] 사냥 시스템을 가동합니다.
[2026-06-07 14:19:56] [순환] [핑퐁회수 기동 스캔] 감지된 발판 레이어 Y 목록: [2, 60, 110]
[2026-06-07 14:19:56] [순환] [V2 진입 검증] 모드: 2, 유효 waypoint 개수: 6, 현재 인덱스: 0, 목표 범위: X(52~54), Y(74), 현재 캐릭터: (53, 74)
[2026-06-07 14:19:56] [순환] [V2 최초 시작점] 캐릭터 위치(53, 74)에서 가장 가까운 슬롯 1 지정 (거리: 0.00)
[2026-06-07 14:19:56] [순환] [슬롯 이동] slot_from=0, slot_to=1, move_type=TELE_LEFT
[2026-06-07 14:19:57] [순환] [V3 목표 추적] 슬롯 1 -> 범위: X(52~54), Y(74), 캐릭터: (48, 83), 오차: DX=-4, DY=9
[2026-06-07 14:19:57] [순환] [V3 목표 추적] 슬롯 1 -> 범위: X(52~54), Y(74), 캐릭터: (48, 83), 오차: DX=-4, DY=9
[2026-06-07 14:19:57] [순환] [V3 목표 추적] 슬롯 1 -> 범위: X(52~54), Y(74), 캐릭터: (48, 83), 오차: DX=-4, DY=9
[2026-06-07 14:19:57] [순환] [V3 목표 추적] 슬롯 1 -> 범위: X(52~54), Y(74), 캐릭터: (48, 83), 오차: DX=-4, DY=9
[2026-06-07 14:19:57] [순환] [V3 목표 추적] 슬롯 1 -> 범위: X(52~54), Y(74), 캐릭터: (48, 83), 오차: DX=-4, DY=9
[2026-06-07 14:19:57] [순환] [V3 목표 추적] 슬롯 1 -> 범위: X(52~54), Y(74), 캐릭터: (48, 83), 오차: DX=-4, DY=9
[2026-06-07 14:19:57] [순환] [V3 목표 추적] 슬롯 1 -> 범위: X(52~54), Y(74), 캐릭터: (48, 83), 오차: DX=-4, DY=9
[2026-06-07 14:19:57] [순환] [V3 목표 추적] 슬롯 1 -> 범위: X(52~54), Y(74), 캐릭터: (48, 83), 오차: DX=-4, DY=9
[2026-06-07 14:19:57] [순환] [V3 목표 추적] 슬롯 1 -> 범위: X(52~54), Y(74), 캐릭터: (48, 83), 오차: DX=-4, DY=9
[2026-06-07 14:19:57] [순환] [V3 목표 추적] 슬롯 1 -> 범위: X(52~54), Y(74), 캐릭터: (48, 83), 오차: DX=-4, DY=9
[2026-06-07 14:19:57] [순환] [V3 목표 추적] 슬롯 1 -> 범위: X(52~54), Y(74), 캐릭터: (48, 83), 오차: DX=-4, DY=9
[2026-06-07 14:19:58] [순환] [V3 목표 추적] 슬롯 1 -> 범위: X(52~54), Y(74), 캐릭터: (48, 83), 오차: DX=-4, DY=9
[2026-06-07 14:19:58] [순환] [V3 목표 추적] 슬롯 1 -> 범위: X(52~54), Y(74), 캐릭터: (48, 83), 오차: DX=-4, DY=9
[2026-06-07 14:19:58] [이동] 수직 상승 기동 (TELEPORT, Y차이: 9px, 실패 카운트: 0/4)
[2026-06-07 14:19:59] [순환] [V3 목표 추적] 슬롯 1 -> 범위: X(52~54), Y(74), 캐릭터: (50, 83), 오차: DX=-2, DY=9
[2026-06-07 14:19:59] [이동] 수직 상승 기동 (TELEPORT, Y차이: 9px, 실패 카운트: 1/4)
[2026-06-07 14:19:59] [시스템] [전역 긴급 정지] 사냥 시스템을 즉시 중지하고 모든 입력을 해제했습니다.
[2026-06-07 14:20:40] [시스템] [시작 검증] is_moving: False, is_running: True, hunt_mode: 2
[2026-06-07 14:20:40] [시스템] 사냥 시스템을 가동합니다.
[2026-06-07 14:20:40] [순환] [핑퐁회수 기동 스캔] 감지된 발판 레이어 Y 목록: [2, 60, 110]
[2026-06-07 14:20:40] [순환] [V2 진입 검증] 모드: 2, 유효 waypoint 개수: 6, 현재 인덱스: 0, 목표 범위: X(52~54), Y(74), 현재 캐릭터: (53, 73)
[2026-06-07 14:20:40] [순환] [V2 최초 시작점] 캐릭터 위치(53, 73)에서 가장 가까운 슬롯 1 지정 (거리: 1.00)
[2026-06-07 14:20:40] [순환] [슬롯 이동] slot_from=0, slot_to=1, move_type=TELE_LEFT
[2026-06-07 14:20:41] [순환] [V3 목표 추적] 슬롯 1 -> 범위: X(52~54), Y(74), 캐릭터: (55, 77), 오차: DX=1, DY=0
[2026-06-07 14:20:41] [순환] [V3 목표 추적] 슬롯 1 -> 범위: X(52~54), Y(74), 캐릭터: (55, 77), 오차: DX=1, DY=0
[2026-06-07 14:20:41] [순환] [V3 목표 추적] 슬롯 1 -> 범위: X(52~54), Y(74), 캐릭터: (55, 77), 오차: DX=1, DY=0
[2026-06-07 14:20:41] [순환] [V3 목표 추적] 슬롯 1 -> 범위: X(52~54), Y(74), 캐릭터: (55, 77), 오차: DX=1, DY=0
[2026-06-07 14:20:41] [순환] [V3 목표 추적] 슬롯 1 -> 범위: X(52~54), Y(74), 캐릭터: (55, 77), 오차: DX=1, DY=0
[2026-06-07 14:20:41] [순환] [V3 목표 추적] 슬롯 1 -> 범위: X(52~54), Y(74), 캐릭터: (55, 77), 오차: DX=1, DY=0
[2026-06-07 14:20:41] [순환] [V3 목표 추적] 슬롯 1 -> 범위: X(52~54), Y(74), 캐릭터: (55, 77), 오차: DX=1, DY=0
[2026-06-07 14:20:41] [순환] [V3 목표 추적] 슬롯 1 -> 범위: X(52~54), Y(74), 캐릭터: (55, 77), 오차: DX=1, DY=0
[2026-06-07 14:20:41] [순환] [V3 목표 추적] 슬롯 1 -> 범위: X(52~54), Y(74), 캐릭터: (55, 77), 오차: DX=1, DY=0
[2026-06-07 14:20:42] [순환] [V3 목표 추적] 슬롯 1 -> 범위: X(52~54), Y(74), 캐릭터: (55, 77), 오차: DX=1, DY=0
[2026-06-07 14:20:42] [순환] [V3 목표 추적] 슬롯 1 -> 범위: X(52~54), Y(74), 캐릭터: (55, 77), 오차: DX=1, DY=0
[2026-06-07 14:20:42] [순환] [V3 목표 추적] 슬롯 1 -> 범위: X(52~54), Y(74), 캐릭터: (55, 77), 오차: DX=1, DY=0
[2026-06-07 14:20:42] [순환] [V3 목표 추적] 슬롯 1 -> 범위: X(52~54), Y(74), 캐릭터: (55, 77), 오차: DX=1, DY=0
[2026-06-07 14:20:42] [순환] [V3 목표 추적] 슬롯 1 -> 범위: X(52~54), Y(74), 캐릭터: (47, 82), 오차: DX=-5, DY=0
[2026-06-07 14:20:43] [순환] [V3 목표 추적] 슬롯 1 -> 범위: X(52~54), Y(74), 캐릭터: (62, 83), 오차: DX=8, DY=9
[2026-06-07 14:20:43] [이동] 수직 상승 기동 (TELEPORT, Y차이: 9px, 실패 카운트: 2/4)
[2026-06-07 14:20:44] [순환] [V3 목표 추적] 슬롯 1 -> 범위: X(52~54), Y(74), 캐릭터: (69, 83), 오차: DX=15, DY=9
[2026-06-07 14:20:44] [이동] 수직 상승 기동 (TELEPORT, Y차이: 9px, 실패 카운트: 3/4)
[2026-06-07 14:20:45] [순환] [V3 목표 추적] 슬롯 1 -> 범위: X(52~54), Y(74), 캐릭터: (67, 76), 오차: DX=13, DY=0
[2026-06-07 14:20:46] [순환] [V3 목표 추적] 슬롯 1 -> 범위: X(52~54), Y(74), 캐릭터: (49, 83), 오차: DX=-3, DY=9
[2026-06-07 14:20:46] [이동] 수직 상승 기동 (TELEPORT, Y차이: 9px, 실패 카운트: 0/4)
[2026-06-07 14:20:47] [순환] [V3 목표 추적] 슬롯 1 -> 범위: X(52~54), Y(74), 캐릭터: (57, 82), 오차: DX=3, DY=0
[2026-06-07 14:20:48] [순환] [V3 목표 추적] 슬롯 1 -> 범위: X(52~54), Y(74), 캐릭터: (41, 82), 오차: DX=-11, DY=0
[2026-06-07 14:20:49] [순환] [V3 목표 추적] 슬롯 1 -> 범위: X(52~54), Y(74), 캐릭터: (61, 83), 오차: DX=7, DY=9
[2026-06-07 14:20:49] [이동] 수직 상승 기동 (TELEPORT, Y차이: 9px, 실패 카운트: 1/4)
[2026-06-07 14:20:50] [순환] [V3 목표 추적] 슬롯 1 -> 범위: X(52~54), Y(74), 캐릭터: (65, 81), 오차: DX=11, DY=0
[2026-06-07 14:20:51] [순환] [V3 목표 추적] 슬롯 1 -> 범위: X(52~54), Y(74), 캐릭터: (51, 83), 오차: DX=-1, DY=9
[2026-06-07 14:20:51] [이동] 수직 상승 기동 (TELEPORT, Y차이: 9px, 실패 카운트: 2/4)
[2026-06-07 14:20:52] [순환] [V3 목표 추적] 슬롯 1 -> 범위: X(52~54), Y(74), 캐릭터: (56, 82), 오차: DX=2, DY=0
[2026-06-07 14:20:53] [순환] [V3 목표 추적] 슬롯 1 -> 범위: X(52~54), Y(74), 캐릭터: (41, 82), 오차: DX=-11, DY=0
[2026-06-07 14:20:53] [순환] [V3 목표 추적] 슬롯 1 -> 범위: X(52~54), Y(74), 캐릭터: (61, 81), 오차: DX=7, DY=0
[2026-06-07 14:20:54] [순환] [V3 목표 추적] 슬롯 1 -> 범위: X(52~54), Y(74), 캐릭터: (47, 83), 오차: DX=-5, DY=9
[2026-06-07 14:20:54] [이동] 수직 상승 기동 (TELEPORT, Y차이: 9px, 실패 카운트: 3/4)
[2026-06-07 14:20:55] [이동] [수직 복귀 실패 감지] 연속 4회 수직 이동 실패. 비상 탈출 실행.
[2026-06-07 14:20:56] [시스템] [전역 긴급 정지] 사냥 시스템을 즉시 중지하고 모든 입력을 해제했습니다.
[2026-06-07 14:20:56] [순환] [V2 고정순환] 수직 이동 실패로 인한 다음 목적지 강제 갱신 -> 슬롯 2
[2026-06-07 14:22:01] [녹화] 사냥 경로 녹화 시작 (사냥 기능과 분리됨)
[2026-06-07 14:22:28] [녹화] 사냥 경로 녹화 종료. 총 173개 데이터 수집.
[2026-06-07 14:22:28] [녹화] 녹화 원본 CSV 저장 완료 -> route_record_20260607_142228.csv
[2026-06-07 14:22:28] [녹화] 분석 완료: 총 8개의 핵심 사냥 지점을 순환 슬롯에 등록했습니다.
[2026-06-07 14:22:56] [녹화] 사냥 경로 녹화 시작 (사냥 기능과 분리됨)
[2026-06-07 14:23:07] [녹화] 사냥 경로 녹화 종료. 총 69개 데이터 수집.
[2026-06-07 14:23:07] [녹화] 녹화 원본 CSV 저장 완료 -> route_record_20260607_142307.csv
[2026-06-07 14:23:07] [녹화] 분석 완료: 총 2개의 핵심 사냥 지점을 순환 슬롯에 등록했습니다.
[2026-06-07 14:23:17] [녹화] 사냥 경로 녹화 시작 (사냥 기능과 분리됨)
[2026-06-07 14:29:01] [녹화] 사냥 경로 녹화 종료. 총 2211개 데이터 수집.
[2026-06-07 14:29:01] [녹화] 녹화 원본 CSV 저장 완료 -> route_record_20260607_142901.csv
[2026-06-07 14:29:01] [녹화] 분석 완료: 총 89개의 핵심 사냥 지점을 순환 슬롯에 등록했습니다.
[2026-06-07 14:32:52] [시스템] 작동 모드 변경: 핑퐁사냥
[2026-06-07 14:32:55] [시스템] 좌측 경계 임계값 변경 -> 19
[2026-06-07 14:32:55] [시스템] 좌측 경계 임계값 변경 -> 20
[2026-06-07 14:32:55] [시스템] 좌측 경계 임계값 변경 -> 21
[2026-06-07 14:32:55] [시스템] 좌측 경계 임계값 변경 -> 23
[2026-06-07 14:32:55] [시스템] 좌측 경계 임계값 변경 -> 24
[2026-06-07 14:32:55] [시스템] 좌측 경계 임계값 변경 -> 25
[2026-06-07 14:32:55] [시스템] 좌측 경계 임계값 변경 -> 26
[2026-06-07 14:32:55] [시스템] 좌측 경계 임계값 변경 -> 28
[2026-06-07 14:32:55] [시스템] 좌측 경계 임계값 변경 -> 29
[2026-06-07 14:32:55] [시스템] 좌측 경계 임계값 변경 -> 30
[2026-06-07 14:32:56] [시스템] 좌측 경계 임계값 변경 -> 32
[2026-06-07 14:32:56] [시스템] 좌측 경계 임계값 변경 -> 33
[2026-06-07 14:32:56] [시스템] 좌측 경계 임계값 변경 -> 34
[2026-06-07 14:32:56] [시스템] 좌측 경계 임계값 변경 -> 36
[2026-06-07 14:32:57] [시스템] 좌측 경계 임계값 변경 -> 37
[2026-06-07 14:32:57] [시스템] 좌측 경계 임계값 변경 -> 38
[2026-06-07 14:32:57] [시스템] 좌측 경계 임계값 변경 -> 40
[2026-06-07 14:32:58] [시스템] 우측 경계 임계값 변경 -> 132
[2026-06-07 14:32:58] [시스템] 우측 경계 임계값 변경 -> 131
[2026-06-07 14:32:58] [시스템] 우측 경계 임계값 변경 -> 130
[2026-06-07 14:32:58] [시스템] 우측 경계 임계값 변경 -> 128
[2026-06-07 14:32:58] [시스템] 우측 경계 임계값 변경 -> 127
[2026-06-07 14:32:58] [시스템] 우측 경계 임계값 변경 -> 126
[2026-06-07 14:32:58] [시스템] 우측 경계 임계값 변경 -> 125
[2026-06-07 14:32:58] [시스템] 우측 경계 임계값 변경 -> 123
[2026-06-07 14:32:58] [시스템] 우측 경계 임계값 변경 -> 122
[2026-06-07 14:32:58] [시스템] 우측 경계 임계값 변경 -> 121
[2026-06-07 14:32:58] [시스템] 우측 경계 임계값 변경 -> 119
[2026-06-07 14:32:58] [시스템] 우측 경계 임계값 변경 -> 118
[2026-06-07 14:32:58] [시스템] 우측 경계 임계값 변경 -> 117
[2026-06-07 14:32:58] [시스템] 우측 경계 임계값 변경 -> 115
[2026-06-07 14:32:58] [시스템] 우측 경계 임계값 변경 -> 114
[2026-06-07 14:32:58] [시스템] 우측 경계 임계값 변경 -> 113
[2026-06-07 14:32:58] [시스템] 우측 경계 임계값 변경 -> 111
[2026-06-07 14:32:59] [시스템] 우측 경계 임계값 변경 -> 110
[2026-06-07 14:32:59] [시스템] 우측 경계 임계값 변경 -> 109
[2026-06-07 14:32:59] [시스템] 우측 경계 임계값 변경 -> 107
[2026-06-07 14:32:59] [시스템] 우측 경계 임계값 변경 -> 106
[2026-06-07 14:32:59] [시스템] 우측 경계 임계값 변경 -> 105
[2026-06-07 14:32:59] [시스템] 우측 경계 임계값 변경 -> 103
[2026-06-07 14:32:59] [시스템] 우측 경계 임계값 변경 -> 102
[2026-06-07 14:32:59] [시스템] 우측 경계 임계값 변경 -> 101
[2026-06-07 14:32:59] [시스템] 우측 경계 임계값 변경 -> 99
[2026-06-07 14:32:59] [시스템] 우측 경계 임계값 변경 -> 98
[2026-06-07 14:32:59] [시스템] 우측 경계 임계값 변경 -> 97
[2026-06-07 14:32:59] [시스템] 우측 경계 임계값 변경 -> 95
[2026-06-07 14:32:59] [시스템] 우측 경계 임계값 변경 -> 94
[2026-06-07 14:32:59] [시스템] 우측 경계 임계값 변경 -> 93
[2026-06-07 14:32:59] [시스템] 우측 경계 임계값 변경 -> 91
[2026-06-07 14:32:59] [시스템] 우측 경계 임계값 변경 -> 90
[2026-06-07 14:32:59] [시스템] 우측 경계 임계값 변경 -> 89
[2026-06-07 14:32:59] [시스템] 우측 경계 임계값 변경 -> 87
[2026-06-07 14:32:59] [시스템] 우측 경계 임계값 변경 -> 86
[2026-06-07 14:32:59] [시스템] 우측 경계 임계값 변경 -> 85
[2026-06-07 14:32:59] [시스템] 우측 경계 임계값 변경 -> 83
[2026-06-07 14:32:59] [시스템] 우측 경계 임계값 변경 -> 82
[2026-06-07 14:32:59] [시스템] 우측 경계 임계값 변경 -> 81
[2026-06-07 14:32:59] [시스템] 우측 경계 임계값 변경 -> 79
[2026-06-07 14:32:59] [시스템] 우측 경계 임계값 변경 -> 78
[2026-06-07 14:32:59] [시스템] 우측 경계 임계값 변경 -> 77
[2026-06-07 14:32:59] [시스템] 우측 경계 임계값 변경 -> 75
[2026-06-07 14:32:59] [시스템] 우측 경계 임계값 변경 -> 74
[2026-06-07 14:32:59] [시스템] 우측 경계 임계값 변경 -> 73
[2026-06-07 14:32:59] [시스템] 우측 경계 임계값 변경 -> 72
[2026-06-07 14:32:59] [시스템] 우측 경계 임계값 변경 -> 70
[2026-06-07 14:32:59] [시스템] 우측 경계 임계값 변경 -> 69
[2026-06-07 14:32:59] [시스템] 우측 경계 임계값 변경 -> 68
[2026-06-07 14:32:59] [시스템] 우측 경계 임계값 변경 -> 66
[2026-06-07 14:32:59] [시스템] 우측 경계 임계값 변경 -> 65
[2026-06-07 14:32:59] [시스템] 우측 경계 임계값 변경 -> 64
[2026-06-07 14:32:59] [시스템] 우측 경계 임계값 변경 -> 62
[2026-06-07 14:32:59] [시스템] 우측 경계 임계값 변경 -> 61
[2026-06-07 14:33:00] [시스템] 우측 경계 임계값 변경 -> 60
[2026-06-07 14:33:00] [시스템] 우측 경계 임계값 변경 -> 58
[2026-06-07 14:33:00] [시스템] 우측 경계 임계값 변경 -> 57
[2026-06-07 14:33:00] [시스템] 우측 경계 임계값 변경 -> 56
[2026-06-07 14:33:01] [시스템] 우측 경계 임계값 변경 -> 54
[2026-06-07 14:33:35] [시스템] 작동 모드 변경: 핑퐁사냥
[2026-06-07 14:33:40] [순환] [층 등록 진단] 표시좌표(캐릭터 Y): 74 | 실측좌표(가장 가까운 발판 Y): 60 (감지 목록: [2, 60, 110]) | 최종 저장값: 74
[2026-06-07 14:33:40] [순환] [사냥층 등록 완료] 캐릭터 Y좌표: 74 저장 완료
[2026-06-07 14:33:51] [순환] [층 등록 진단] 표시좌표(캐릭터 Y): 83 | 실측좌표(가장 가까운 발판 Y): 60 (감지 목록: [2, 60, 110]) | 최종 저장값: 83
[2026-06-07 14:33:51] [순환] [회수층 등록 완료] 캐릭터 Y좌표: 83 저장 완료
[2026-06-07 14:34:25] [시스템] [시작 검증] is_moving: False, is_running: True, hunt_mode: 0
[2026-06-07 14:34:25] [시스템] 사냥 시스템을 가동합니다.
[2026-06-07 14:34:25] [순환] [핑퐁회수 기동 스캔] 감지된 발판 레이어 Y 목록: [2, 60, 110]
[2026-06-07 14:34:25] [순환] [핑퐁회수 기동 스캔] 사냥층 Layer 2 -> 실제 Y: 60 매핑 완료
[2026-06-07 14:34:25] [순환] [핑퐁회수 기동 스캔] 회수층 Layer 2 -> 실제 Y: 60 매핑 완료
[2026-06-07 14:34:38] [시스템] [전역 긴급 정지] 사냥 시스템을 즉시 중지하고 모든 입력을 해제했습니다.
[2026-06-07 14:35:10] [시스템] [시작 검증] is_moving: False, is_running: True, hunt_mode: 0
[2026-06-07 14:35:10] [시스템] 사냥 시스템을 가동합니다.
[2026-06-07 14:35:10] [순환] [핑퐁회수 기동 스캔] 감지된 발판 레이어 Y 목록: [2, 60, 110]
[2026-06-07 14:35:10] [순환] [핑퐁회수 기동 스캔] 사냥층 Layer 2 -> 실제 Y: 60 매핑 완료
[2026-06-07 14:35:10] [순환] [핑퐁회수 기동 스캔] 회수층 Layer 2 -> 실제 Y: 60 매핑 완료
[2026-06-07 14:35:20] [이동] [핑퐁회수] 회수 주기 도달 -> 회수층(Y: 60) 이동 시작
[2026-06-07 14:35:20] [이동] 수직 상승 기동 (TELEPORT, Y차이: 22px, 실패 카운트: 0/4)
[2026-06-07 14:35:21] [이동] 수직 상승 기동 (TELEPORT, Y차이: 22px, 실패 카운트: 0/4)
[2026-06-07 14:35:22] [이동] 수직 상승 기동 (TELEPORT, Y차이: 22px, 실패 카운트: 0/4)
[2026-06-07 14:35:23] [이동] 수직 상승 기동 (TELEPORT, Y차이: 22px, 실패 카운트: 0/4)
[2026-06-07 14:35:24] [이동] 수직 상승 기동 (TELEPORT, Y차이: 22px, 실패 카운트: 0/4)
[2026-06-07 14:35:25] [이동] 수직 상승 기동 (TELEPORT, Y차이: 22px, 실패 카운트: 0/4)
[2026-06-07 14:35:26] [이동] 수직 상승 기동 (TELEPORT, Y차이: 23px, 실패 카운트: 0/4)
[2026-06-07 14:35:27] [이동] 수직 상승 기동 (TELEPORT, Y차이: 23px, 실패 카운트: 0/4)
[2026-06-07 14:35:27] [시스템] [전역 긴급 정지] 사냥 시스템을 즉시 중지하고 모든 입력을 해제했습니다.
[2026-06-07 14:35:28] [시스템] 작동 모드 변경: 순환사냥 V2
[2026-06-07 14:35:30] [순환] 순환 좌표 전체 초기화 완료
[2026-06-07 14:35:35] [시스템] [시작 검증] is_moving: False, is_running: True, hunt_mode: 2
[2026-06-07 14:35:35] [시스템] 사냥 시스템을 가동합니다.
[2026-06-07 14:35:35] [순환] [핑퐁회수 기동 스캔] 감지된 발판 레이어 Y 목록: [2, 60, 110]
[2026-06-07 14:35:35] [순환] [핑퐁회수 기동 스캔] 사냥층 Layer 2 -> 실제 Y: 60 매핑 완료
[2026-06-07 14:35:35] [순환] [핑퐁회수 기동 스캔] 회수층 Layer 2 -> 실제 Y: 60 매핑 완료
[2026-06-07 14:35:35] [순환] [V2 진입 검증] 모드: 2, 유효 waypoint 개수: 0, 현재 인덱스: 0, 목표 범위: X(-1~-1), Y(-1), 현재 캐릭터: (53, 74)
[2026-06-07 14:35:35] [순환] 순환사냥 V2 경고: 기록된 유효한 좌표가 없습니다. 핑퐁사냥으로 사냥합니다.
[2026-06-07 14:35:45] [이동] [핑퐁회수] 회수 주기 도달 -> 회수층(Y: 60) 이동 시작
[2026-06-07 14:35:45] [이동] 수직 상승 기동 (TELEPORT, Y차이: 23px, 실패 카운트: 0/4)
[2026-06-07 14:35:46] [이동] 수직 상승 기동 (TELEPORT, Y차이: 23px, 실패 카운트: 0/4)
[2026-06-07 14:35:47] [시스템] [전역 긴급 정지] 사냥 시스템을 즉시 중지하고 모든 입력을 해제했습니다.
[2026-06-07 14:35:48] [시스템] 작동 모드 변경: 핑퐁사냥
[2026-06-07 14:35:49] [시스템] [시작 검증] is_moving: False, is_running: True, hunt_mode: 0
[2026-06-07 14:35:49] [시스템] 사냥 시스템을 가동합니다.
[2026-06-07 14:35:49] [순환] [핑퐁회수 기동 스캔] 감지된 발판 레이어 Y 목록: [2, 60, 110]
[2026-06-07 14:35:49] [순환] [핑퐁회수 기동 스캔] 사냥층 Layer 2 -> 실제 Y: 60 매핑 완료
[2026-06-07 14:35:49] [순환] [핑퐁회수 기동 스캔] 회수층 Layer 2 -> 실제 Y: 60 매핑 완료
[2026-06-07 14:36:00] [이동] [핑퐁회수] 회수 주기 도달 -> 회수층(Y: 60) 이동 시작
[2026-06-07 14:36:00] [이동] 수직 상승 기동 (TELEPORT, Y차이: 23px, 실패 카운트: 0/4)
[2026-06-07 14:36:01] [이동] 수직 상승 기동 (TELEPORT, Y차이: 23px, 실패 카운트: 0/4)
[2026-06-07 14:36:02] [이동] 수직 상승 기동 (TELEPORT, Y차이: 22px, 실패 카운트: 0/4)
[2026-06-07 14:36:03] [이동] 수직 상승 기동 (TELEPORT, Y차이: 17px, 실패 카운트: 0/4)
[2026-06-07 14:36:04] [이동] 수직 상승 기동 (TELEPORT, Y차이: 17px, 실패 카운트: 0/4)
[2026-06-07 14:36:05] [이동] 수직 상승 기동 (TELEPORT, Y차이: 17px, 실패 카운트: 0/4)
[2026-06-07 14:36:06] [이동] 수직 상승 기동 (TELEPORT, Y차이: 17px, 실패 카운트: 0/4)
[2026-06-07 14:36:07] [이동] 수직 상승 기동 (TELEPORT, Y차이: 17px, 실패 카운트: 0/4)
[2026-06-07 14:36:08] [이동] 수직 상승 기동 (TELEPORT, Y차이: 17px, 실패 카운트: 0/4)
[2026-06-07 14:36:09] [이동] 수직 상승 기동 (TELEPORT, Y차이: 17px, 실패 카운트: 0/4)
[2026-06-07 14:36:10] [이동] 수직 상승 기동 (TELEPORT, Y차이: 17px, 실패 카운트: 0/4)
[2026-06-07 14:36:10] [시스템] [전역 긴급 정지] 사냥 시스템을 즉시 중지하고 모든 입력을 해제했습니다.
[2026-06-07 14:36:17] [시스템] [시작 검증] is_moving: False, is_running: True, hunt_mode: 0
[2026-06-07 14:36:17] [시스템] 사냥 시스템을 가동합니다.
[2026-06-07 14:36:17] [순환] [핑퐁회수 기동 스캔] 감지된 발판 레이어 Y 목록: [2, 60, 110]
[2026-06-07 14:36:17] [순환] [핑퐁회수 기동 스캔] 사냥층 Layer 2 -> 실제 Y: 60 매핑 완료
[2026-06-07 14:36:17] [순환] [핑퐁회수 기동 스캔] 회수층 Layer 2 -> 실제 Y: 60 매핑 완료
[2026-06-07 14:36:27] [이동] [핑퐁회수] 회수 주기 도달 -> 회수층(Y: 60) 이동 시작
[2026-06-07 14:36:27] [이동] 수직 상승 기동 (TELEPORT, Y차이: 23px, 실패 카운트: 0/4)
[2026-06-07 14:36:28] [이동] 수직 상승 기동 (TELEPORT, Y차이: 23px, 실패 카운트: 0/4)
[2026-06-07 14:36:29] [이동] 수직 상승 기동 (TELEPORT, Y차이: 22px, 실패 카운트: 0/4)
[2026-06-07 14:36:30] [이동] 수직 상승 기동 (TELEPORT, Y차이: 20px, 실패 카운트: 0/4)
[2026-06-07 14:36:31] [이동] 수직 상승 기동 (TELEPORT, Y차이: 23px, 실패 카운트: 0/4)
[2026-06-07 14:36:32] [이동] 수직 상승 기동 (TELEPORT, Y차이: 18px, 실패 카운트: 0/4)
[2026-06-07 14:36:33] [이동] 수직 상승 기동 (TELEPORT, Y차이: 17px, 실패 카운트: 0/4)
[2026-06-07 14:36:34] [이동] 수직 상승 기동 (TELEPORT, Y차이: 19px, 실패 카운트: 0/4)
[2026-06-07 14:36:35] [이동] 수직 상승 기동 (TELEPORT, Y차이: 19px, 실패 카운트: 0/4)
[2026-06-07 14:36:36] [이동] 수직 상승 기동 (TELEPORT, Y차이: 20px, 실패 카운트: 0/4)
[2026-06-07 14:36:37] [이동] 수직 상승 기동 (TELEPORT, Y차이: 9px, 실패 카운트: 0/4)
[2026-06-07 14:36:38] [이동] 수직 상승 기동 (TELEPORT, Y차이: 9px, 실패 카운트: 0/4)
[2026-06-07 14:36:39] [이동] 수직 상승 기동 (TELEPORT, Y차이: 9px, 실패 카운트: 0/4)
[2026-06-07 14:36:40] [시스템] [전역 긴급 정지] 사냥 시스템을 즉시 중지하고 모든 입력을 해제했습니다.
[2026-06-07 14:38:22] [시스템] 설정 영구 저장 완료 -> 프로필: 기본설정
[2026-06-07 14:38:43] [순환] [층 등록 진단] 표시좌표(캐릭터 Y): 74 | 실측좌표(가장 가까운 발판 Y): 60 (감지 목록: [2, 60, 110]) | 최종 저장값: 74
[2026-06-07 14:38:43] [순환] [사냥층 등록 완료] 캐릭터 Y좌표: 74 저장 완료
[2026-06-07 14:38:49] [시스템] [시작 검증] is_moving: False, is_running: True, hunt_mode: 0
[2026-06-07 14:38:49] [시스템] 사냥 시스템을 가동합니다.
[2026-06-07 14:38:49] [순환] [핑퐁회수 기동 스캔] 감지된 발판 레이어 Y 목록: [2, 60, 110]
[2026-06-07 14:38:49] [순환] [핑퐁회수 기동 스캔] 사냥층 Layer 2 -> 실제 Y: 60 매핑 완료
[2026-06-07 14:38:49] [순환] [핑퐁회수 기동 스캔] 회수층 Layer 2 -> 실제 Y: 60 매핑 완료
[2026-06-07 14:38:59] [이동] [핑퐁회수] 회수 주기 도달 -> 회수층(Y: 60) 이동 시작
[2026-06-07 14:38:59] [이동] 수직 상승 기동 (TELEPORT, Y차이: 22px, 실패 카운트: 0/4)
[2026-06-07 14:39:00] [이동] 수직 상승 기동 (TELEPORT, Y차이: 23px, 실패 카운트: 0/4)
[2026-06-07 14:39:01] [이동] 수직 상승 기동 (TELEPORT, Y차이: 23px, 실패 카운트: 0/4)
[2026-06-07 14:39:02] [이동] 수직 상승 기동 (TELEPORT, Y차이: 23px, 실패 카운트: 0/4)
[2026-06-07 14:39:03] [이동] 수직 상승 기동 (TELEPORT, Y차이: 23px, 실패 카운트: 0/4)
[2026-06-07 14:39:04] [이동] 수직 상승 기동 (TELEPORT, Y차이: 23px, 실패 카운트: 0/4)
[2026-06-07 14:39:05] [이동] 수직 상승 기동 (TELEPORT, Y차이: 18px, 실패 카운트: 0/4)
[2026-06-07 14:39:06] [이동] 수직 상승 기동 (TELEPORT, Y차이: 18px, 실패 카운트: 0/4)
[2026-06-07 14:39:07] [이동] 수직 상승 기동 (TELEPORT, Y차이: 18px, 실패 카운트: 0/4)
[2026-06-07 14:39:08] [이동] 수직 상승 기동 (TELEPORT, Y차이: 18px, 실패 카운트: 0/4)
[2026-06-07 14:39:09] [이동] 수직 상승 기동 (TELEPORT, Y차이: 18px, 실패 카운트: 0/4)
[2026-06-07 14:39:10] [이동] 수직 상승 기동 (TELEPORT, Y차이: 14px, 실패 카운트: 0/4)
[2026-06-07 14:39:11] [이동] 수직 상승 기동 (TELEPORT, Y차이: 11px, 실패 카운트: 0/4)
[2026-06-07 14:39:12] [이동] 수직 상승 기동 (TELEPORT, Y차이: 11px, 실패 카운트: 0/4)
[2026-06-07 14:39:13] [시스템] [전역 긴급 정지] 사냥 시스템을 즉시 중지하고 모든 입력을 해제했습니다.
